This is pdfTeX, Version 3.141592653-2.6-1.40.24 (TeX Live 2022) (preloaded format=pdflatex 2022.5.23)  8 JUL 2022 10:38
entering extended mode
 restricted \write18 enabled.
 %&-line parsing enabled.
**Slides_EFAandCFA.tex
(./Slides_EFAandCFA.tex
LaTeX2e <2021-11-15> patch level 1
L3 programming layer <2022-05-04>
(c:/texlive/2022/texmf-dist/tex/latex/beamer/beamer.cls
Document Class: beamer 2022/05/17 v3.67 A class for typesetting presentations
(c:/texlive/2022/texmf-dist/tex/latex/beamer/beamerbasemodes.sty
(c:/texlive/2022/texmf-dist/tex/latex/etoolbox/etoolbox.sty
Package: etoolbox 2020/10/05 v2.5k e-TeX tools for LaTeX (JAW)
\etb@tempcnta=\count185
)
\beamer@tempbox=\box50
\beamer@tempcount=\count186
\c@beamerpauses=\count187

(c:/texlive/2022/texmf-dist/tex/latex/beamer/beamerbasedecode.sty
\beamer@slideinframe=\count188
\beamer@minimum=\count189
\beamer@decode@box=\box51
)
\beamer@commentbox=\box52
\beamer@modecount=\count190
)
(c:/texlive/2022/texmf-dist/tex/generic/iftex/iftex.sty
Package: iftex 2022/02/03 v1.0f TeX engine tests
)
\headdp=\dimen138
\footheight=\dimen139
\sidebarheight=\dimen140
\beamer@tempdim=\dimen141
\beamer@finalheight=\dimen142
\beamer@animht=\dimen143
\beamer@animdp=\dimen144
\beamer@animwd=\dimen145
\beamer@leftmargin=\dimen146
\beamer@rightmargin=\dimen147
\beamer@leftsidebar=\dimen148
\beamer@rightsidebar=\dimen149
\beamer@boxsize=\dimen150
\beamer@vboxoffset=\dimen151
\beamer@descdefault=\dimen152
\beamer@descriptionwidth=\dimen153
\beamer@lastskip=\skip47
\beamer@areabox=\box53
\beamer@animcurrent=\box54
\beamer@animshowbox=\box55
\beamer@sectionbox=\box56
\beamer@logobox=\box57
\beamer@linebox=\box58
\beamer@sectioncount=\count191
\beamer@subsubsectionmax=\count192
\beamer@subsectionmax=\count193
\beamer@sectionmax=\count194
\beamer@totalheads=\count195
\beamer@headcounter=\count196
\beamer@partstartpage=\count197
\beamer@sectionstartpage=\count198
\beamer@subsectionstartpage=\count199
\beamer@animationtempa=\count266
\beamer@animationtempb=\count267
\beamer@xpos=\count268
\beamer@ypos=\count269
\beamer@ypos@offset=\count270
\beamer@showpartnumber=\count271
\beamer@currentsubsection=\count272
\beamer@coveringdepth=\count273
\beamer@sectionadjust=\count274
\beamer@toclastsection=\count275
\beamer@tocsectionnumber=\count276

(c:/texlive/2022/texmf-dist/tex/latex/beamer/beamerbaseoptions.sty
(c:/texlive/2022/texmf-dist/tex/latex/graphics/keyval.sty
Package: keyval 2014/10/28 v1.15 key=value parser (DPC)
\KV@toks@=\toks16
))
\beamer@paperwidth=\skip48
\beamer@paperheight=\skip49

(c:/texlive/2022/texmf-dist/tex/latex/geometry/geometry.sty
Package: geometry 2020/01/02 v5.9 Page Geometry

(c:/texlive/2022/texmf-dist/tex/generic/iftex/ifvtex.sty
Package: ifvtex 2019/10/25 v1.7 ifvtex legacy package. Use iftex instead.
)
\Gm@cnth=\count277
\Gm@cntv=\count278
\c@Gm@tempcnt=\count279
\Gm@bindingoffset=\dimen154
\Gm@wd@mp=\dimen155
\Gm@odd@mp=\dimen156
\Gm@even@mp=\dimen157
\Gm@layoutwidth=\dimen158
\Gm@layoutheight=\dimen159
\Gm@layouthoffset=\dimen160
\Gm@layoutvoffset=\dimen161
\Gm@dimlist=\toks17
)
(c:/texlive/2022/texmf-dist/tex/latex/pgf/math/pgfmath.sty
(c:/texlive/2022/texmf-dist/tex/latex/pgf/utilities/pgfrcs.sty
(c:/texlive/2022/texmf-dist/tex/generic/pgf/utilities/pgfutil-common.tex
\pgfutil@everybye=\toks18
\pgfutil@tempdima=\dimen162
\pgfutil@tempdimb=\dimen163

(c:/texlive/2022/texmf-dist/tex/generic/pgf/utilities/pgfutil-common-lists.tex)
) (c:/texlive/2022/texmf-dist/tex/generic/pgf/utilities/pgfutil-latex.def
\pgfutil@abb=\box59
)
(c:/texlive/2022/texmf-dist/tex/generic/pgf/utilities/pgfrcs.code.tex
(c:/texlive/2022/texmf-dist/tex/generic/pgf/pgf.revision.tex)
Package: pgfrcs 2021/05/15 v3.1.9a (3.1.9a)
))
(c:/texlive/2022/texmf-dist/tex/latex/pgf/utilities/pgfkeys.sty
(c:/texlive/2022/texmf-dist/tex/generic/pgf/utilities/pgfkeys.code.tex
\pgfkeys@pathtoks=\toks19
\pgfkeys@temptoks=\toks20

(c:/texlive/2022/texmf-dist/tex/generic/pgf/utilities/pgfkeysfiltered.code.tex
\pgfkeys@tmptoks=\toks21
))) (c:/texlive/2022/texmf-dist/tex/generic/pgf/math/pgfmath.code.tex
(c:/texlive/2022/texmf-dist/tex/generic/pgf/math/pgfmathcalc.code.tex
(c:/texlive/2022/texmf-dist/tex/generic/pgf/math/pgfmathutil.code.tex
\pgf@x=\dimen164
\pgf@xa=\dimen165
\pgf@xb=\dimen166
\pgf@xc=\dimen167
\pgf@y=\dimen168
\pgf@ya=\dimen169
\pgf@yb=\dimen170
\pgf@yc=\dimen171
\c@pgf@counta=\count280
\c@pgf@countb=\count281
\c@pgf@countc=\count282
\c@pgf@countd=\count283
)
(c:/texlive/2022/texmf-dist/tex/generic/pgf/math/pgfmathparser.code.tex
\pgfmath@dimen=\dimen172
\pgfmath@count=\count284
\pgfmath@box=\box60
\pgfmath@toks=\toks22
\pgfmath@stack@operand=\toks23
\pgfmath@stack@operation=\toks24
)
(c:/texlive/2022/texmf-dist/tex/generic/pgf/math/pgfmathfunctions.code.tex
(c:/texlive/2022/texmf-dist/tex/generic/pgf/math/pgfmathfunctions.basic.code.te
x)
(c:/texlive/2022/texmf-dist/tex/generic/pgf/math/pgfmathfunctions.trigonometric
.code.tex)
(c:/texlive/2022/texmf-dist/tex/generic/pgf/math/pgfmathfunctions.random.code.t
ex)
(c:/texlive/2022/texmf-dist/tex/generic/pgf/math/pgfmathfunctions.comparison.co
de.tex)
(c:/texlive/2022/texmf-dist/tex/generic/pgf/math/pgfmathfunctions.base.code.tex
)
(c:/texlive/2022/texmf-dist/tex/generic/pgf/math/pgfmathfunctions.round.code.te
x)
(c:/texlive/2022/texmf-dist/tex/generic/pgf/math/pgfmathfunctions.misc.code.tex
)
(c:/texlive/2022/texmf-dist/tex/generic/pgf/math/pgfmathfunctions.integerarithm
etics.code.tex)))
(c:/texlive/2022/texmf-dist/tex/generic/pgf/math/pgfmathfloat.code.tex
\c@pgfmathroundto@lastzeros=\count285
)))
(c:/texlive/2022/texmf-dist/tex/latex/base/size10.clo
File: size10.clo 2021/10/04 v1.4n Standard LaTeX file (size option)
)
(c:/texlive/2022/texmf-dist/tex/latex/pgf/basiclayer/pgfcore.sty
(c:/texlive/2022/texmf-dist/tex/latex/graphics/graphicx.sty
Package: graphicx 2021/09/16 v1.2d Enhanced LaTeX Graphics (DPC,SPQR)

(c:/texlive/2022/texmf-dist/tex/latex/graphics/graphics.sty
Package: graphics 2021/03/04 v1.4d Standard LaTeX Graphics (DPC,SPQR)

(c:/texlive/2022/texmf-dist/tex/latex/graphics/trig.sty
Package: trig 2021/08/11 v1.11 sin cos tan (DPC)
)
(c:/texlive/2022/texmf-dist/tex/latex/graphics-cfg/graphics.cfg
File: graphics.cfg 2016/06/04 v1.11 sample graphics configuration
)
Package graphics Info: Driver file: pdftex.def on input line 107.

(c:/texlive/2022/texmf-dist/tex/latex/graphics-def/pdftex.def
File: pdftex.def 2020/10/05 v1.2a Graphics/color driver for pdftex
))
\Gin@req@height=\dimen173
\Gin@req@width=\dimen174
)
(c:/texlive/2022/texmf-dist/tex/latex/pgf/systemlayer/pgfsys.sty
(c:/texlive/2022/texmf-dist/tex/generic/pgf/systemlayer/pgfsys.code.tex
Package: pgfsys 2021/05/15 v3.1.9a (3.1.9a)

(c:/texlive/2022/texmf-dist/tex/generic/pgf/utilities/pgfkeys.code.tex)
\pgf@x=\dimen175
\pgf@y=\dimen176
\pgf@xa=\dimen177
\pgf@ya=\dimen178
\pgf@xb=\dimen179
\pgf@yb=\dimen180
\pgf@xc=\dimen181
\pgf@yc=\dimen182
\pgf@xd=\dimen183
\pgf@yd=\dimen184
\w@pgf@writea=\write3
\r@pgf@reada=\read2
\c@pgf@counta=\count286
\c@pgf@countb=\count287
\c@pgf@countc=\count288
\c@pgf@countd=\count289
\t@pgf@toka=\toks25
\t@pgf@tokb=\toks26
\t@pgf@tokc=\toks27
\pgf@sys@id@count=\count290

(c:/texlive/2022/texmf-dist/tex/generic/pgf/systemlayer/pgf.cfg
File: pgf.cfg 2021/05/15 v3.1.9a (3.1.9a)
)
Driver file for pgf: pgfsys-pdftex.def

(c:/texlive/2022/texmf-dist/tex/generic/pgf/systemlayer/pgfsys-pdftex.def
File: pgfsys-pdftex.def 2021/05/15 v3.1.9a (3.1.9a)

(c:/texlive/2022/texmf-dist/tex/generic/pgf/systemlayer/pgfsys-common-pdf.def
File: pgfsys-common-pdf.def 2021/05/15 v3.1.9a (3.1.9a)
)))
(c:/texlive/2022/texmf-dist/tex/generic/pgf/systemlayer/pgfsyssoftpath.code.tex
File: pgfsyssoftpath.code.tex 2021/05/15 v3.1.9a (3.1.9a)
\pgfsyssoftpath@smallbuffer@items=\count291
\pgfsyssoftpath@bigbuffer@items=\count292
)
(c:/texlive/2022/texmf-dist/tex/generic/pgf/systemlayer/pgfsysprotocol.code.tex
File: pgfsysprotocol.code.tex 2021/05/15 v3.1.9a (3.1.9a)
)) (c:/texlive/2022/texmf-dist/tex/latex/xcolor/xcolor.sty
Package: xcolor 2021/10/31 v2.13 LaTeX color extensions (UK)

(c:/texlive/2022/texmf-dist/tex/latex/graphics-cfg/color.cfg
File: color.cfg 2016/01/02 v1.6 sample color configuration
)
Package xcolor Info: Driver file: pdftex.def on input line 227.
Package xcolor Info: Model `cmy' substituted by `cmy0' on input line 1352.
Package xcolor Info: Model `hsb' substituted by `rgb' on input line 1356.
Package xcolor Info: Model `RGB' extended on input line 1368.
Package xcolor Info: Model `HTML' substituted by `rgb' on input line 1370.
Package xcolor Info: Model `Hsb' substituted by `hsb' on input line 1371.
Package xcolor Info: Model `tHsb' substituted by `hsb' on input line 1372.
Package xcolor Info: Model `HSB' substituted by `hsb' on input line 1373.
Package xcolor Info: Model `Gray' substituted by `gray' on input line 1374.
Package xcolor Info: Model `wave' substituted by `hsb' on input line 1375.
)
(c:/texlive/2022/texmf-dist/tex/generic/pgf/basiclayer/pgfcore.code.tex
Package: pgfcore 2021/05/15 v3.1.9a (3.1.9a)

(c:/texlive/2022/texmf-dist/tex/generic/pgf/math/pgfmath.code.tex)
(c:/texlive/2022/texmf-dist/tex/generic/pgf/math/pgfint.code.tex)
(c:/texlive/2022/texmf-dist/tex/generic/pgf/basiclayer/pgfcorepoints.code.tex
File: pgfcorepoints.code.tex 2021/05/15 v3.1.9a (3.1.9a)
\pgf@picminx=\dimen185
\pgf@picmaxx=\dimen186
\pgf@picminy=\dimen187
\pgf@picmaxy=\dimen188
\pgf@pathminx=\dimen189
\pgf@pathmaxx=\dimen190
\pgf@pathminy=\dimen191
\pgf@pathmaxy=\dimen192
\pgf@xx=\dimen193
\pgf@xy=\dimen194
\pgf@yx=\dimen195
\pgf@yy=\dimen196
\pgf@zx=\dimen197
\pgf@zy=\dimen198
)
(c:/texlive/2022/texmf-dist/tex/generic/pgf/basiclayer/pgfcorepathconstruct.cod
e.tex
File: pgfcorepathconstruct.code.tex 2021/05/15 v3.1.9a (3.1.9a)
\pgf@path@lastx=\dimen199
\pgf@path@lasty=\dimen256
)
(c:/texlive/2022/texmf-dist/tex/generic/pgf/basiclayer/pgfcorepathusage.code.te
x
File: pgfcorepathusage.code.tex 2021/05/15 v3.1.9a (3.1.9a)
\pgf@shorten@end@additional=\dimen257
\pgf@shorten@start@additional=\dimen258
)
(c:/texlive/2022/texmf-dist/tex/generic/pgf/basiclayer/pgfcorescopes.code.tex
File: pgfcorescopes.code.tex 2021/05/15 v3.1.9a (3.1.9a)
\pgfpic=\box61
\pgf@hbox=\box62
\pgf@layerbox@main=\box63
\pgf@picture@serial@count=\count293
)
(c:/texlive/2022/texmf-dist/tex/generic/pgf/basiclayer/pgfcoregraphicstate.code
.tex
File: pgfcoregraphicstate.code.tex 2021/05/15 v3.1.9a (3.1.9a)
\pgflinewidth=\dimen259
)
(c:/texlive/2022/texmf-dist/tex/generic/pgf/basiclayer/pgfcoretransformations.c
ode.tex
File: pgfcoretransformations.code.tex 2021/05/15 v3.1.9a (3.1.9a)
\pgf@pt@x=\dimen260
\pgf@pt@y=\dimen261
\pgf@pt@temp=\dimen262
)
(c:/texlive/2022/texmf-dist/tex/generic/pgf/basiclayer/pgfcorequick.code.tex
File: pgfcorequick.code.tex 2021/05/15 v3.1.9a (3.1.9a)
)
(c:/texlive/2022/texmf-dist/tex/generic/pgf/basiclayer/pgfcoreobjects.code.tex
File: pgfcoreobjects.code.tex 2021/05/15 v3.1.9a (3.1.9a)
)
(c:/texlive/2022/texmf-dist/tex/generic/pgf/basiclayer/pgfcorepathprocessing.co
de.tex
File: pgfcorepathprocessing.code.tex 2021/05/15 v3.1.9a (3.1.9a)
)
(c:/texlive/2022/texmf-dist/tex/generic/pgf/basiclayer/pgfcorearrows.code.tex
File: pgfcorearrows.code.tex 2021/05/15 v3.1.9a (3.1.9a)
\pgfarrowsep=\dimen263
)
(c:/texlive/2022/texmf-dist/tex/generic/pgf/basiclayer/pgfcoreshade.code.tex
File: pgfcoreshade.code.tex 2021/05/15 v3.1.9a (3.1.9a)
\pgf@max=\dimen264
\pgf@sys@shading@range@num=\count294
\pgf@shadingcount=\count295
)
(c:/texlive/2022/texmf-dist/tex/generic/pgf/basiclayer/pgfcoreimage.code.tex
File: pgfcoreimage.code.tex 2021/05/15 v3.1.9a (3.1.9a)

(c:/texlive/2022/texmf-dist/tex/generic/pgf/basiclayer/pgfcoreexternal.code.tex
File: pgfcoreexternal.code.tex 2021/05/15 v3.1.9a (3.1.9a)
\pgfexternal@startupbox=\box64
))
(c:/texlive/2022/texmf-dist/tex/generic/pgf/basiclayer/pgfcorelayers.code.tex
File: pgfcorelayers.code.tex 2021/05/15 v3.1.9a (3.1.9a)
)
(c:/texlive/2022/texmf-dist/tex/generic/pgf/basiclayer/pgfcoretransparency.code
.tex
File: pgfcoretransparency.code.tex 2021/05/15 v3.1.9a (3.1.9a)
)
(c:/texlive/2022/texmf-dist/tex/generic/pgf/basiclayer/pgfcorepatterns.code.tex
File: pgfcorepatterns.code.tex 2021/05/15 v3.1.9a (3.1.9a)
) (c:/texlive/2022/texmf-dist/tex/generic/pgf/basiclayer/pgfcorerdf.code.tex
File: pgfcorerdf.code.tex 2021/05/15 v3.1.9a (3.1.9a)
))) (c:/texlive/2022/texmf-dist/tex/latex/pgf/utilities/xxcolor.sty
Package: xxcolor 2003/10/24 ver 0.1
\XC@nummixins=\count296
\XC@countmixins=\count297
)
(c:/texlive/2022/texmf-dist/tex/latex/base/atbegshi-ltx.sty
Package: atbegshi-ltx 2021/01/10 v1.0c Emulation of the original atbegshi
package with kernel methods
)
(c:/texlive/2022/texmf-dist/tex/latex/hyperref/hyperref.sty
Package: hyperref 2022-05-17 v7.00q Hypertext links for LaTeX

(c:/texlive/2022/texmf-dist/tex/generic/ltxcmds/ltxcmds.sty
Package: ltxcmds 2020-05-10 v1.25 LaTeX kernel commands for general use (HO)
)
(c:/texlive/2022/texmf-dist/tex/generic/pdftexcmds/pdftexcmds.sty
Package: pdftexcmds 2020-06-27 v0.33 Utility functions of pdfTeX for LuaTeX (HO
)

(c:/texlive/2022/texmf-dist/tex/generic/infwarerr/infwarerr.sty
Package: infwarerr 2019/12/03 v1.5 Providing info/warning/error messages (HO)
)
Package pdftexcmds Info: \pdf@primitive is available.
Package pdftexcmds Info: \pdf@ifprimitive is available.
Package pdftexcmds Info: \pdfdraftmode found.
)
(c:/texlive/2022/texmf-dist/tex/generic/kvsetkeys/kvsetkeys.sty
Package: kvsetkeys 2019/12/15 v1.18 Key value parser (HO)
)
(c:/texlive/2022/texmf-dist/tex/generic/kvdefinekeys/kvdefinekeys.sty
Package: kvdefinekeys 2019-12-19 v1.6 Define keys (HO)
)
(c:/texlive/2022/texmf-dist/tex/generic/pdfescape/pdfescape.sty
Package: pdfescape 2019/12/09 v1.15 Implements pdfTeX's escape features (HO)
)
(c:/texlive/2022/texmf-dist/tex/latex/hycolor/hycolor.sty
Package: hycolor 2020-01-27 v1.10 Color options for hyperref/bookmark (HO)
)
(c:/texlive/2022/texmf-dist/tex/latex/letltxmacro/letltxmacro.sty
Package: letltxmacro 2019/12/03 v1.6 Let assignment for LaTeX macros (HO)
)
(c:/texlive/2022/texmf-dist/tex/latex/auxhook/auxhook.sty
Package: auxhook 2019-12-17 v1.6 Hooks for auxiliary files (HO)
)
(c:/texlive/2022/texmf-dist/tex/latex/hyperref/nameref.sty
Package: nameref 2022-05-17 v2.50 Cross-referencing by name of section

(c:/texlive/2022/texmf-dist/tex/latex/refcount/refcount.sty
Package: refcount 2019/12/15 v3.6 Data extraction from label references (HO)
)
(c:/texlive/2022/texmf-dist/tex/generic/gettitlestring/gettitlestring.sty
Package: gettitlestring 2019/12/15 v1.6 Cleanup title references (HO)

(c:/texlive/2022/texmf-dist/tex/latex/kvoptions/kvoptions.sty
Package: kvoptions 2020-10-07 v3.14 Key value format for package options (HO)
))
\c@section@level=\count298
)
\@linkdim=\dimen265
\Hy@linkcounter=\count299
\Hy@pagecounter=\count300

(c:/texlive/2022/texmf-dist/tex/latex/hyperref/pd1enc.def
File: pd1enc.def 2022-05-17 v7.00q Hyperref: PDFDocEncoding definition (HO)
Now handling font encoding PD1 ...
... no UTF-8 mapping file for font encoding PD1
)
(c:/texlive/2022/texmf-dist/tex/generic/intcalc/intcalc.sty
Package: intcalc 2019/12/15 v1.3 Expandable calculations with integers (HO)
)
(c:/texlive/2022/texmf-dist/tex/generic/etexcmds/etexcmds.sty
Package: etexcmds 2019/12/15 v1.7 Avoid name clashes with e-TeX commands (HO)
)
\Hy@SavedSpaceFactor=\count301

(c:/texlive/2022/texmf-dist/tex/latex/hyperref/puenc.def
File: puenc.def 2022-05-17 v7.00q Hyperref: PDF Unicode definition (HO)
Now handling font encoding PU ...
... no UTF-8 mapping file for font encoding PU
)
Package hyperref Info: Option `bookmarks' set `true' on input line 4020.
Package hyperref Info: Option `bookmarksopen' set `true' on input line 4020.
Package hyperref Info: Option `implicit' set `false' on input line 4020.
Package hyperref Info: Hyper figures OFF on input line 4139.
Package hyperref Info: Link nesting OFF on input line 4144.
Package hyperref Info: Hyper index ON on input line 4147.
Package hyperref Info: Plain pages OFF on input line 4154.
Package hyperref Info: Backreferencing OFF on input line 4159.
Package hyperref Info: Implicit mode OFF; no redefinition of LaTeX internals.
Package hyperref Info: Bookmarks ON on input line 4385.
\c@Hy@tempcnt=\count302

(c:/texlive/2022/texmf-dist/tex/latex/url/url.sty
\Urlmuskip=\muskip16
Package: url 2013/09/16  ver 3.4  Verb mode for urls, etc.
)
LaTeX Info: Redefining \url on input line 4723.
\XeTeXLinkMargin=\dimen266

(c:/texlive/2022/texmf-dist/tex/generic/bitset/bitset.sty
Package: bitset 2019/12/09 v1.3 Handle bit-vector datatype (HO)

(c:/texlive/2022/texmf-dist/tex/generic/bigintcalc/bigintcalc.sty
Package: bigintcalc 2019/12/15 v1.5 Expandable calculations on big integers (HO
)
))
\Fld@menulength=\count303
\Field@Width=\dimen267
\Fld@charsize=\dimen268
Package hyperref Info: Hyper figures OFF on input line 6001.
Package hyperref Info: Link nesting OFF on input line 6006.
Package hyperref Info: Hyper index ON on input line 6009.
Package hyperref Info: backreferencing OFF on input line 6016.
Package hyperref Info: Link coloring OFF on input line 6021.
Package hyperref Info: Link coloring with OCG OFF on input line 6026.
Package hyperref Info: PDF/A mode OFF on input line 6031.
LaTeX Info: Redefining \ref on input line 6078.
LaTeX Info: Redefining \pageref on input line 6078.
\Hy@abspage=\count304


Package hyperref Message: Stopped early.

)
Package hyperref Info: Driver (autodetected): hpdftex.
 (c:/texlive/2022/texmf-dist/tex/latex/hyperref/hpdftex.def
File: hpdftex.def 2022-05-17 v7.00q Hyperref driver for pdfTeX

(c:/texlive/2022/texmf-dist/tex/latex/base/atveryend-ltx.sty
Package: atveryend-ltx 2020/08/19 v1.0a Emulation of the original atveryend pac
kage
with kernel methods
)
\Fld@listcount=\count305
\c@bookmark@seq@number=\count306

(c:/texlive/2022/texmf-dist/tex/latex/rerunfilecheck/rerunfilecheck.sty
Package: rerunfilecheck 2019/12/05 v1.9 Rerun checks for auxiliary files (HO)

(c:/texlive/2022/texmf-dist/tex/generic/uniquecounter/uniquecounter.sty
Package: uniquecounter 2019/12/15 v1.4 Provide unlimited unique counter (HO)
)
Package uniquecounter Info: New unique counter `rerunfilecheck' on input line 2
86.
))
(c:/texlive/2022/texmf-dist/tex/latex/beamer/beamerbaserequires.sty
(c:/texlive/2022/texmf-dist/tex/latex/beamer/beamerbasecompatibility.sty)
(c:/texlive/2022/texmf-dist/tex/latex/beamer/beamerbasefont.sty
(c:/texlive/2022/texmf-dist/tex/latex/amsfonts/amssymb.sty
Package: amssymb 2013/01/14 v3.01 AMS font symbols

(c:/texlive/2022/texmf-dist/tex/latex/amsfonts/amsfonts.sty
Package: amsfonts 2013/01/14 v3.01 Basic AMSFonts support
\@emptytoks=\toks28
\symAMSa=\mathgroup4
\symAMSb=\mathgroup5
LaTeX Font Info:    Redeclaring math symbol \hbar on input line 98.
LaTeX Font Info:    Overwriting math alphabet `\mathfrak' in version `bold'
(Font)                  U/euf/m/n --> U/euf/b/n on input line 106.
))
(c:/texlive/2022/texmf-dist/tex/latex/sansmathaccent/sansmathaccent.sty
Package: sansmathaccent 2020/01/31

(c:/texlive/2022/texmf-dist/tex/latex/koma-script/scrlfile.sty
Package: scrlfile 2022/05/01 v3.36 KOMA-Script package (file load hooks)

(c:/texlive/2022/texmf-dist/tex/latex/koma-script/scrlfile-hook.sty
Package: scrlfile-hook 2022/05/01 v3.36 KOMA-Script package (using LaTeX hooks)


(c:/texlive/2022/texmf-dist/tex/latex/koma-script/scrlogo.sty
Package: scrlogo 2022/05/01 v3.36 KOMA-Script package (logo)
)))))
(c:/texlive/2022/texmf-dist/tex/latex/beamer/beamerbasetranslator.sty
(c:/texlive/2022/texmf-dist/tex/latex/translator/translator.sty
Package: translator 2021-05-31 v1.12d Easy translation of strings in LaTeX
))
(c:/texlive/2022/texmf-dist/tex/latex/beamer/beamerbasemisc.sty)
(c:/texlive/2022/texmf-dist/tex/latex/beamer/beamerbasetwoscreens.sty)
(c:/texlive/2022/texmf-dist/tex/latex/beamer/beamerbaseoverlay.sty
\beamer@argscount=\count307
\beamer@lastskipcover=\skip50
\beamer@trivlistdepth=\count308
)
(c:/texlive/2022/texmf-dist/tex/latex/beamer/beamerbasetitle.sty)
(c:/texlive/2022/texmf-dist/tex/latex/beamer/beamerbasesection.sty
\c@lecture=\count309
\c@part=\count310
\c@section=\count311
\c@subsection=\count312
\c@subsubsection=\count313
)
(c:/texlive/2022/texmf-dist/tex/latex/beamer/beamerbaseframe.sty
\beamer@framebox=\box65
\beamer@frametitlebox=\box66
\beamer@zoombox=\box67
\beamer@zoomcount=\count314
\beamer@zoomframecount=\count315
\beamer@frametextheight=\dimen269
\c@subsectionslide=\count316
\beamer@frametopskip=\skip51
\beamer@framebottomskip=\skip52
\beamer@frametopskipautobreak=\skip53
\beamer@framebottomskipautobreak=\skip54
\beamer@envbody=\toks29
\framewidth=\dimen270
\c@framenumber=\count317
)
(c:/texlive/2022/texmf-dist/tex/latex/beamer/beamerbaseverbatim.sty
\beamer@verbatimfileout=\write4
)
(c:/texlive/2022/texmf-dist/tex/latex/beamer/beamerbaseframesize.sty
\beamer@splitbox=\box68
\beamer@autobreakcount=\count318
\beamer@autobreaklastheight=\dimen271
\beamer@frametitletoks=\toks30
\beamer@framesubtitletoks=\toks31
)
(c:/texlive/2022/texmf-dist/tex/latex/beamer/beamerbaseframecomponents.sty
\beamer@footins=\box69
)
(c:/texlive/2022/texmf-dist/tex/latex/beamer/beamerbasecolor.sty)
(c:/texlive/2022/texmf-dist/tex/latex/beamer/beamerbasenotes.sty
\beamer@frameboxcopy=\box70
)
(c:/texlive/2022/texmf-dist/tex/latex/beamer/beamerbasetoc.sty)
(c:/texlive/2022/texmf-dist/tex/latex/beamer/beamerbasetemplates.sty
\beamer@sbttoks=\toks32

(c:/texlive/2022/texmf-dist/tex/latex/beamer/beamerbaseauxtemplates.sty
(c:/texlive/2022/texmf-dist/tex/latex/beamer/beamerbaseboxes.sty
\bmb@box=\box71
\bmb@colorbox=\box72
\bmb@boxwidth=\dimen272
\bmb@boxheight=\dimen273
\bmb@prevheight=\dimen274
\bmb@temp=\dimen275
\bmb@dima=\dimen276
\bmb@dimb=\dimen277
\bmb@prevheight=\dimen278
)
\beamer@blockheadheight=\dimen279
))
(c:/texlive/2022/texmf-dist/tex/latex/beamer/beamerbaselocalstructure.sty
(c:/texlive/2022/texmf-dist/tex/latex/tools/enumerate.sty
Package: enumerate 2015/07/23 v3.00 enumerate extensions (DPC)
\@enLab=\toks33
)
\beamer@bibiconwidth=\skip55
\c@figure=\count319
\c@table=\count320
\abovecaptionskip=\skip56
\belowcaptionskip=\skip57
)
(c:/texlive/2022/texmf-dist/tex/latex/beamer/beamerbasenavigation.sty
\beamer@section@min@dim=\dimen280
)
(c:/texlive/2022/texmf-dist/tex/latex/beamer/beamerbasetheorems.sty
(c:/texlive/2022/texmf-dist/tex/latex/amsmath/amsmath.sty
Package: amsmath 2021/10/15 v2.17l AMS math features
\@mathmargin=\skip58

For additional information on amsmath, use the `?' option.
(c:/texlive/2022/texmf-dist/tex/latex/amsmath/amstext.sty
Package: amstext 2021/08/26 v2.01 AMS text

(c:/texlive/2022/texmf-dist/tex/latex/amsmath/amsgen.sty
File: amsgen.sty 1999/11/30 v2.0 generic functions
\@emptytoks=\toks34
\ex@=\dimen281
))
(c:/texlive/2022/texmf-dist/tex/latex/amsmath/amsbsy.sty
Package: amsbsy 1999/11/29 v1.2d Bold Symbols
\pmbraise@=\dimen282
)
(c:/texlive/2022/texmf-dist/tex/latex/amsmath/amsopn.sty
Package: amsopn 2021/08/26 v2.02 operator names
)
\inf@bad=\count321
LaTeX Info: Redefining \frac on input line 234.
\uproot@=\count322
\leftroot@=\count323
LaTeX Info: Redefining \overline on input line 399.
\classnum@=\count324
\DOTSCASE@=\count325
LaTeX Info: Redefining \ldots on input line 496.
LaTeX Info: Redefining \dots on input line 499.
LaTeX Info: Redefining \cdots on input line 620.
\Mathstrutbox@=\box73
\strutbox@=\box74
\big@size=\dimen283
LaTeX Font Info:    Redeclaring font encoding OML on input line 743.
LaTeX Font Info:    Redeclaring font encoding OMS on input line 744.
\macc@depth=\count326
\c@MaxMatrixCols=\count327
\dotsspace@=\muskip17
\c@parentequation=\count328
\dspbrk@lvl=\count329
\tag@help=\toks35
\row@=\count330
\column@=\count331
\maxfields@=\count332
\andhelp@=\toks36
\eqnshift@=\dimen284
\alignsep@=\dimen285
\tagshift@=\dimen286
\tagwidth@=\dimen287
\totwidth@=\dimen288
\lineht@=\dimen289
\@envbody=\toks37
\multlinegap=\skip59
\multlinetaggap=\skip60
\mathdisplay@stack=\toks38
LaTeX Info: Redefining \[ on input line 2938.
LaTeX Info: Redefining \] on input line 2939.
)
(c:/texlive/2022/texmf-dist/tex/latex/amscls/amsthm.sty
Package: amsthm 2020/05/29 v2.20.6
\thm@style=\toks39
\thm@bodyfont=\toks40
\thm@headfont=\toks41
\thm@notefont=\toks42
\thm@headpunct=\toks43
\thm@preskip=\skip61
\thm@postskip=\skip62
\thm@headsep=\skip63
\dth@everypar=\toks44
)
\c@theorem=\count333
)
(c:/texlive/2022/texmf-dist/tex/latex/beamer/beamerbasethemes.sty))
(c:/texlive/2022/texmf-dist/tex/latex/beamer/beamerthemedefault.sty
(c:/texlive/2022/texmf-dist/tex/latex/beamer/beamerfontthemedefault.sty)
(c:/texlive/2022/texmf-dist/tex/latex/beamer/beamercolorthemedefault.sty)
(c:/texlive/2022/texmf-dist/tex/latex/beamer/beamerinnerthemedefault.sty
\beamer@dima=\dimen290
\beamer@dimb=\dimen291
)
(c:/texlive/2022/texmf-dist/tex/latex/beamer/beamerouterthemedefault.sty)))
(c:/texlive/2022/texmf-dist/tex/latex/framed/framed.sty
Package: framed 2011/10/22 v 0.96: framed or shaded text with page breaks
\OuterFrameSep=\skip64
\fb@frw=\dimen292
\fb@frh=\dimen293
\FrameRule=\dimen294
\FrameSep=\dimen295
)
(c:/texlive/2022/texmf-dist/tex/latex/base/alltt.sty
Package: alltt 2021/01/29 v2.0g defines alltt environment
)
(c:/texlive/2022/texmf-dist/tex/latex/mathtools/mathtools.sty
Package: mathtools 2022/02/07 v1.28a mathematical typesetting tools

(c:/texlive/2022/texmf-dist/tex/latex/tools/calc.sty
Package: calc 2017/05/25 v4.3 Infix arithmetic (KKT,FJ)
\calc@Acount=\count334
\calc@Bcount=\count335
\calc@Adimen=\dimen296
\calc@Bdimen=\dimen297
\calc@Askip=\skip65
\calc@Bskip=\skip66
LaTeX Info: Redefining \setlength on input line 80.
LaTeX Info: Redefining \addtolength on input line 81.
\calc@Ccount=\count336
\calc@Cskip=\skip67
)
(c:/texlive/2022/texmf-dist/tex/latex/mathtools/mhsetup.sty
Package: mhsetup 2021/03/18 v1.4 programming setup (MH)
)
\g_MT_multlinerow_int=\count337
\l_MT_multwidth_dim=\dimen298
\origjot=\skip68
\l_MT_shortvdotswithinadjustabove_dim=\dimen299
\l_MT_shortvdotswithinadjustbelow_dim=\dimen300
\l_MT_above_intertext_sep=\dimen301
\l_MT_below_intertext_sep=\dimen302
\l_MT_above_shortintertext_sep=\dimen303
\l_MT_below_shortintertext_sep=\dimen304
\xmathstrut@box=\box75
\xmathstrut@dim=\dimen305
)
(c:/texlive/2022/texmf-dist/tex/latex/listings/listings.sty
\lst@mode=\count338
\lst@gtempboxa=\box76
\lst@token=\toks45
\lst@length=\count339
\lst@currlwidth=\dimen306
\lst@column=\count340
\lst@pos=\count341
\lst@lostspace=\dimen307
\lst@width=\dimen308
\lst@newlines=\count342
\lst@lineno=\count343
\lst@maxwidth=\dimen309

(c:/texlive/2022/texmf-dist/tex/latex/listings/lstmisc.sty
File: lstmisc.sty 2020/03/24 1.8d (Carsten Heinz)
\c@lstnumber=\count344
\lst@skipnumbers=\count345
\lst@framebox=\box77
)
(c:/texlive/2022/texmf-dist/tex/latex/listings/listings.cfg
File: listings.cfg 2020/03/24 1.8d listings configuration
))
Package: listings 2020/03/24 1.8d (Carsten Heinz)

(c:/texlive/2022/texmf-dist/tex/latex/pgf/frontendlayer/tikz.sty
(c:/texlive/2022/texmf-dist/tex/latex/pgf/basiclayer/pgf.sty
Package: pgf 2021/05/15 v3.1.9a (3.1.9a)

(c:/texlive/2022/texmf-dist/tex/generic/pgf/modules/pgfmoduleshapes.code.tex
File: pgfmoduleshapes.code.tex 2021/05/15 v3.1.9a (3.1.9a)
\pgfnodeparttextbox=\box78
)
(c:/texlive/2022/texmf-dist/tex/generic/pgf/modules/pgfmoduleplot.code.tex
File: pgfmoduleplot.code.tex 2021/05/15 v3.1.9a (3.1.9a)
)
(c:/texlive/2022/texmf-dist/tex/latex/pgf/compatibility/pgfcomp-version-0-65.st
y
Package: pgfcomp-version-0-65 2021/05/15 v3.1.9a (3.1.9a)
\pgf@nodesepstart=\dimen310
\pgf@nodesepend=\dimen311
)
(c:/texlive/2022/texmf-dist/tex/latex/pgf/compatibility/pgfcomp-version-1-18.st
y
Package: pgfcomp-version-1-18 2021/05/15 v3.1.9a (3.1.9a)
)) (c:/texlive/2022/texmf-dist/tex/latex/pgf/utilities/pgffor.sty
(c:/texlive/2022/texmf-dist/tex/generic/pgf/utilities/pgffor.code.tex
Package: pgffor 2021/05/15 v3.1.9a (3.1.9a)

(c:/texlive/2022/texmf-dist/tex/generic/pgf/math/pgfmath.code.tex)
\pgffor@iter=\dimen312
\pgffor@skip=\dimen313
\pgffor@stack=\toks46
\pgffor@toks=\toks47
))
(c:/texlive/2022/texmf-dist/tex/generic/pgf/frontendlayer/tikz/tikz.code.tex
Package: tikz 2021/05/15 v3.1.9a (3.1.9a)

(c:/texlive/2022/texmf-dist/tex/generic/pgf/libraries/pgflibraryplothandlers.co
de.tex
File: pgflibraryplothandlers.code.tex 2021/05/15 v3.1.9a (3.1.9a)
\pgf@plot@mark@count=\count346
\pgfplotmarksize=\dimen314
)
\tikz@lastx=\dimen315
\tikz@lasty=\dimen316
\tikz@lastxsaved=\dimen317
\tikz@lastysaved=\dimen318
\tikz@lastmovetox=\dimen319
\tikz@lastmovetoy=\dimen320
\tikzleveldistance=\dimen321
\tikzsiblingdistance=\dimen322
\tikz@figbox=\box79
\tikz@figbox@bg=\box80
\tikz@tempbox=\box81
\tikz@tempbox@bg=\box82
\tikztreelevel=\count347
\tikznumberofchildren=\count348
\tikznumberofcurrentchild=\count349
\tikz@fig@count=\count350

(c:/texlive/2022/texmf-dist/tex/generic/pgf/modules/pgfmodulematrix.code.tex
File: pgfmodulematrix.code.tex 2021/05/15 v3.1.9a (3.1.9a)
\pgfmatrixcurrentrow=\count351
\pgfmatrixcurrentcolumn=\count352
\pgf@matrix@numberofcolumns=\count353
)
\tikz@expandcount=\count354

(c:/texlive/2022/texmf-dist/tex/generic/pgf/frontendlayer/tikz/libraries/tikzli
brarytopaths.code.tex
File: tikzlibrarytopaths.code.tex 2021/05/15 v3.1.9a (3.1.9a)
)))
(c:/texlive/2022/texmf-dist/tex/generic/pgf/frontendlayer/tikz/libraries/tikzli
braryarrows.code.tex
File: tikzlibraryarrows.code.tex 2021/05/15 v3.1.9a (3.1.9a)

(c:/texlive/2022/texmf-dist/tex/generic/pgf/libraries/pgflibraryarrows.code.tex
File: pgflibraryarrows.code.tex 2021/05/15 v3.1.9a (3.1.9a)
\arrowsize=\dimen323
))
(c:/texlive/2022/texmf-dist/tex/generic/pgf/frontendlayer/tikz/libraries/tikzli
brarycalc.code.tex
File: tikzlibrarycalc.code.tex 2021/05/15 v3.1.9a (3.1.9a)
)
(c:/texlive/2022/texmf-dist/tex/generic/pgf/frontendlayer/tikz/libraries/tikzli
brarypatterns.code.tex
File: tikzlibrarypatterns.code.tex 2021/05/15 v3.1.9a (3.1.9a)

(c:/texlive/2022/texmf-dist/tex/generic/pgf/libraries/pgflibrarypatterns.code.t
ex
File: pgflibrarypatterns.code.tex 2021/05/15 v3.1.9a (3.1.9a)
))
(c:/texlive/2022/texmf-dist/tex/generic/pgf/frontendlayer/tikz/libraries/tikzli
brarypositioning.code.tex
File: tikzlibrarypositioning.code.tex 2021/05/15 v3.1.9a (3.1.9a)
)
(c:/texlive/2022/texmf-dist/tex/generic/pgf/frontendlayer/tikz/libraries/tikzli
braryshapes.code.tex
File: tikzlibraryshapes.code.tex 2021/05/15 v3.1.9a (3.1.9a)

(c:/texlive/2022/texmf-dist/tex/generic/pgf/frontendlayer/tikz/libraries/tikzli
braryshapes.geometric.code.tex
File: tikzlibraryshapes.geometric.code.tex 2021/05/15 v3.1.9a (3.1.9a)

(c:/texlive/2022/texmf-dist/tex/generic/pgf/libraries/shapes/pgflibraryshapes.g
eometric.code.tex
File: pgflibraryshapes.geometric.code.tex 2021/05/15 v3.1.9a (3.1.9a)
))
(c:/texlive/2022/texmf-dist/tex/generic/pgf/frontendlayer/tikz/libraries/tikzli
braryshapes.misc.code.tex
File: tikzlibraryshapes.misc.code.tex 2021/05/15 v3.1.9a (3.1.9a)

(c:/texlive/2022/texmf-dist/tex/generic/pgf/libraries/shapes/pgflibraryshapes.m
isc.code.tex
File: pgflibraryshapes.misc.code.tex 2021/05/15 v3.1.9a (3.1.9a)
))
(c:/texlive/2022/texmf-dist/tex/generic/pgf/frontendlayer/tikz/libraries/tikzli
braryshapes.symbols.code.tex
File: tikzlibraryshapes.symbols.code.tex 2021/05/15 v3.1.9a (3.1.9a)

(c:/texlive/2022/texmf-dist/tex/generic/pgf/libraries/shapes/pgflibraryshapes.s
ymbols.code.tex
File: pgflibraryshapes.symbols.code.tex 2021/05/15 v3.1.9a (3.1.9a)
))
(c:/texlive/2022/texmf-dist/tex/generic/pgf/frontendlayer/tikz/libraries/tikzli
braryshapes.arrows.code.tex
File: tikzlibraryshapes.arrows.code.tex 2021/05/15 v3.1.9a (3.1.9a)

(c:/texlive/2022/texmf-dist/tex/generic/pgf/libraries/shapes/pgflibraryshapes.a
rrows.code.tex
File: pgflibraryshapes.arrows.code.tex 2021/05/15 v3.1.9a (3.1.9a)
))
(c:/texlive/2022/texmf-dist/tex/generic/pgf/frontendlayer/tikz/libraries/tikzli
braryshapes.callouts.code.tex
(c:/texlive/2022/texmf-dist/tex/generic/pgf/libraries/shapes/pgflibraryshapes.c
allouts.code.tex))
(c:/texlive/2022/texmf-dist/tex/generic/pgf/frontendlayer/tikz/libraries/tikzli
braryshapes.multipart.code.tex
File: tikzlibraryshapes.multipart.code.tex 2021/05/15 v3.1.9a (3.1.9a)

(c:/texlive/2022/texmf-dist/tex/generic/pgf/libraries/shapes/pgflibraryshapes.m
ultipart.code.tex
File: pgflibraryshapes.multipart.code.tex 2021/05/15 v3.1.9a (3.1.9a)
\pgfnodepartlowerbox=\box83
\pgfnodeparttwobox=\box84
\pgfnodepartthreebox=\box85
\pgfnodepartfourbox=\box86
\pgfnodeparttwentybox=\box87
\pgfnodepartnineteenbox=\box88
\pgfnodeparteighteenbox=\box89
\pgfnodepartseventeenbox=\box90
\pgfnodepartsixteenbox=\box91
\pgfnodepartfifteenbox=\box92
\pgfnodepartfourteenbox=\box93
\pgfnodepartthirteenbox=\box94
\pgfnodeparttwelvebox=\box95
\pgfnodepartelevenbox=\box96
\pgfnodeparttenbox=\box97
\pgfnodepartninebox=\box98
\pgfnodeparteightbox=\box99
\pgfnodepartsevenbox=\box100
\pgfnodepartsixbox=\box101
\pgfnodepartfivebox=\box102
)))
(c:/texlive/2022/texmf-dist/tex/generic/pgf/frontendlayer/tikz/libraries/tikzli
brarydecorations.markings.code.tex
(c:/texlive/2022/texmf-dist/tex/generic/pgf/frontendlayer/tikz/libraries/tikzli
brarydecorations.code.tex
(c:/texlive/2022/texmf-dist/tex/generic/pgf/modules/pgfmoduledecorations.code.t
ex
\pgfdecoratedcompleteddistance=\dimen324
\pgfdecoratedremainingdistance=\dimen325
\pgfdecoratedinputsegmentcompleteddistance=\dimen326
\pgfdecoratedinputsegmentremainingdistance=\dimen327
\pgf@decorate@distancetomove=\dimen328
\pgf@decorate@repeatstate=\count355
\pgfdecorationsegmentamplitude=\dimen329
\pgfdecorationsegmentlength=\dimen330
)
\tikz@lib@dec@box=\box103
)
(c:/texlive/2022/texmf-dist/tex/generic/pgf/libraries/decorations/pgflibrarydec
orations.markings.code.tex))
(c:/texlive/2022/texmf-dist/tex/generic/pgf/frontendlayer/tikz/libraries/tikzli
brarydecorations.pathmorphing.code.tex
(c:/texlive/2022/texmf-dist/tex/generic/pgf/libraries/decorations/pgflibrarydec
orations.pathmorphing.code.tex))
(c:/texlive/2022/texmf-dist/tex/latex/beamer/beamerthemeSingapore.sty
(c:/texlive/2022/texmf-dist/tex/latex/beamer/beamerouterthememiniframes.sty))
(c:/texlive/2022/texmf-dist/tex/latex/beamer/beamercolorthemecrane.sty)
(c:/texlive/2022/texmf-dist/tex/latex/upquote/upquote.sty
Package: upquote 2012/04/19 v1.3 upright-quote and grave-accent glyphs in verba
tim
)
(c:/texlive/2022/texmf-dist/tex/latex/l3backend/l3backend-pdftex.def
File: l3backend-pdftex.def 2022-04-20 L3 backend support: PDF output (pdfTeX)
\l__color_backend_stack_int=\count356
\l__pdf_internal_box=\box104
)
(./Slides_EFAandCFA.aux)
\openout1 = `Slides_EFAandCFA.aux'.

LaTeX Font Info:    Checking defaults for OML/cmm/m/it on input line 94.
LaTeX Font Info:    ... okay on input line 94.
LaTeX Font Info:    Checking defaults for OMS/cmsy/m/n on input line 94.
LaTeX Font Info:    ... okay on input line 94.
LaTeX Font Info:    Checking defaults for OT1/cmr/m/n on input line 94.
LaTeX Font Info:    ... okay on input line 94.
LaTeX Font Info:    Checking defaults for T1/cmr/m/n on input line 94.
LaTeX Font Info:    ... okay on input line 94.
LaTeX Font Info:    Checking defaults for TS1/cmr/m/n on input line 94.
LaTeX Font Info:    ... okay on input line 94.
LaTeX Font Info:    Checking defaults for OMX/cmex/m/n on input line 94.
LaTeX Font Info:    ... okay on input line 94.
LaTeX Font Info:    Checking defaults for U/cmr/m/n on input line 94.
LaTeX Font Info:    ... okay on input line 94.
LaTeX Font Info:    Checking defaults for PD1/pdf/m/n on input line 94.
LaTeX Font Info:    ... okay on input line 94.
LaTeX Font Info:    Checking defaults for PU/pdf/m/n on input line 94.
LaTeX Font Info:    ... okay on input line 94.

*geometry* driver: auto-detecting
*geometry* detected driver: pdftex
*geometry* verbose mode - [ preamble ] result:
* driver: pdftex
* paper: custom
* layout: <same size as paper>
* layoutoffset:(h,v)=(0.0pt,0.0pt)
* modes: includehead includefoot 
* h-part:(L,W,R)=(28.45274pt, 307.28987pt, 28.45274pt)
* v-part:(T,H,B)=(0.0pt, 273.14662pt, 0.0pt)
* \paperwidth=364.19536pt
* \paperheight=273.14662pt
* \textwidth=307.28987pt
* \textheight=244.6939pt
* \oddsidemargin=-43.81725pt
* \evensidemargin=-43.81725pt
* \topmargin=-72.26999pt
* \headheight=14.22636pt
* \headsep=0.0pt
* \topskip=10.0pt
* \footskip=14.22636pt
* \marginparwidth=3.0pt
* \marginparsep=11.0pt
* \columnsep=10.0pt
* \skip\footins=9.0pt plus 4.0pt minus 2.0pt
* \hoffset=0.0pt
* \voffset=0.0pt
* \mag=1000
* \@twocolumnfalse
* \@twosidefalse
* \@mparswitchfalse
* \@reversemarginfalse
* (1in=72.27pt=25.4mm, 1cm=28.453pt)

(c:/texlive/2022/texmf-dist/tex/context/base/mkii/supp-pdf.mkii
[Loading MPS to PDF converter (version 2006.09.02).]
\scratchcounter=\count357
\scratchdimen=\dimen331
\scratchbox=\box105
\nofMPsegments=\count358
\nofMParguments=\count359
\everyMPshowfont=\toks48
\MPscratchCnt=\count360
\MPscratchDim=\dimen332
\MPnumerator=\count361
\makeMPintoPDFobject=\count362
\everyMPtoPDFconversion=\toks49
) (c:/texlive/2022/texmf-dist/tex/latex/epstopdf-pkg/epstopdf-base.sty
Package: epstopdf-base 2020-01-24 v2.11 Base part for package epstopdf
Package epstopdf-base Info: Redefining graphics rule for `.eps' on input line 4
85.

(c:/texlive/2022/texmf-dist/tex/latex/latexconfig/epstopdf-sys.cfg
File: epstopdf-sys.cfg 2010/07/13 v1.3 Configuration of (r)epstopdf for TeX Liv
e
))
Package hyperref Info: Link coloring OFF on input line 94.

(./Slides_EFAandCFA.out) (./Slides_EFAandCFA.out)
\@outlinefile=\write5
\openout5 = `Slides_EFAandCFA.out'.

LaTeX Font Info:    Overwriting symbol font `operators' in version `normal'
(Font)                  OT1/cmr/m/n --> OT1/cmss/m/n on input line 94.
LaTeX Font Info:    Overwriting symbol font `operators' in version `bold'
(Font)                  OT1/cmr/bx/n --> OT1/cmss/b/n on input line 94.
\symnumbers=\mathgroup6
\sympureletters=\mathgroup7
LaTeX Font Info:    Overwriting math alphabet `\mathrm' in version `normal'
(Font)                  OT1/cmss/m/n --> OT1/cmr/m/n on input line 94.
LaTeX Font Info:    Redeclaring math alphabet \mathbf on input line 94.
LaTeX Font Info:    Overwriting math alphabet `\mathbf' in version `normal'
(Font)                  OT1/cmr/bx/n --> OT1/cmss/b/n on input line 94.
LaTeX Font Info:    Overwriting math alphabet `\mathbf' in version `bold'
(Font)                  OT1/cmr/bx/n --> OT1/cmss/b/n on input line 94.
LaTeX Font Info:    Redeclaring math alphabet \mathsf on input line 94.
LaTeX Font Info:    Overwriting math alphabet `\mathsf' in version `normal'
(Font)                  OT1/cmss/m/n --> OT1/cmss/m/n on input line 94.
LaTeX Font Info:    Overwriting math alphabet `\mathsf' in version `bold'
(Font)                  OT1/cmss/bx/n --> OT1/cmss/m/n on input line 94.
LaTeX Font Info:    Redeclaring math alphabet \mathit on input line 94.
LaTeX Font Info:    Overwriting math alphabet `\mathit' in version `normal'
(Font)                  OT1/cmr/m/it --> OT1/cmss/m/it on input line 94.
LaTeX Font Info:    Overwriting math alphabet `\mathit' in version `bold'
(Font)                  OT1/cmr/bx/it --> OT1/cmss/m/it on input line 94.
LaTeX Font Info:    Redeclaring math alphabet \mathtt on input line 94.
LaTeX Font Info:    Overwriting math alphabet `\mathtt' in version `normal'
(Font)                  OT1/cmtt/m/n --> OT1/cmtt/m/n on input line 94.
LaTeX Font Info:    Overwriting math alphabet `\mathtt' in version `bold'
(Font)                  OT1/cmtt/m/n --> OT1/cmtt/m/n on input line 94.
LaTeX Font Info:    Overwriting symbol font `numbers' in version `bold'
(Font)                  OT1/cmss/m/n --> OT1/cmss/b/n on input line 94.
LaTeX Font Info:    Overwriting symbol font `pureletters' in version `bold'
(Font)                  OT1/cmss/m/it --> OT1/cmss/b/it on input line 94.
LaTeX Font Info:    Overwriting math alphabet `\mathrm' in version `bold'
(Font)                  OT1/cmss/b/n --> OT1/cmr/b/n on input line 94.
LaTeX Font Info:    Overwriting math alphabet `\mathbf' in version `bold'
(Font)                  OT1/cmss/b/n --> OT1/cmss/b/n on input line 94.
LaTeX Font Info:    Overwriting math alphabet `\mathsf' in version `bold'
(Font)                  OT1/cmss/m/n --> OT1/cmss/b/n on input line 94.
LaTeX Font Info:    Overwriting math alphabet `\mathit' in version `bold'
(Font)                  OT1/cmss/m/it --> OT1/cmss/b/it on input line 94.
LaTeX Font Info:    Overwriting math alphabet `\mathtt' in version `bold'
(Font)                  OT1/cmtt/m/n --> OT1/cmtt/b/n on input line 94.
LaTeX Font Info:    Redeclaring symbol font `pureletters' on input line 94.
LaTeX Font Info:    Overwriting symbol font `pureletters' in version `normal'
(Font)                  OT1/cmss/m/it --> OT1/mathkerncmss/m/sl on input line 9
4.
LaTeX Font Info:    Overwriting symbol font `pureletters' in version `bold'
(Font)                  OT1/cmss/b/it --> OT1/mathkerncmss/m/sl on input line 9
4.
LaTeX Font Info:    Overwriting symbol font `pureletters' in version `bold'
(Font)                  OT1/mathkerncmss/m/sl --> OT1/mathkerncmss/bx/sl on inp
ut line 94.

(c:/texlive/2022/texmf-dist/tex/latex/translator/translator-basic-dictionary-En
glish.dict
Dictionary: translator-basic-dictionary, Language: English 
)
(c:/texlive/2022/texmf-dist/tex/latex/translator/translator-bibliography-dictio
nary-English.dict
Dictionary: translator-bibliography-dictionary, Language: English 
)
(c:/texlive/2022/texmf-dist/tex/latex/translator/translator-environment-diction
ary-English.dict
Dictionary: translator-environment-dictionary, Language: English 
)
(c:/texlive/2022/texmf-dist/tex/latex/translator/translator-months-dictionary-E
nglish.dict
Dictionary: translator-months-dictionary, Language: English 
)
(c:/texlive/2022/texmf-dist/tex/latex/translator/translator-numbers-dictionary-
English.dict
Dictionary: translator-numbers-dictionary, Language: English 
)
(c:/texlive/2022/texmf-dist/tex/latex/translator/translator-theorem-dictionary-
English.dict
Dictionary: translator-theorem-dictionary, Language: English 
) (c:/texlive/2022/texmf-dist/tex/latex/base/textcomp.sty
Package: textcomp 2020/02/02 v2.0n Standard LaTeX package
)
\c@lstlisting=\count363

(./Slides_EFAandCFA.nav) [1

{c:/texlive/2022/texmf-var/fonts/map/pdftex/updmap/pdftex.map}] (./Slides_EFAan
dCFA.toc) [2

] (./Slides_EFAandCFA.toc) [3

]
<images//SAPI.png, id=407, 470.25688pt x 312.66812pt>
File: images//SAPI.png Graphic file (type png)
<use images//SAPI.png>
Package pdftex.def Info: images//SAPI.png  used on input line 121.
(pdftex.def)             Requested size: 320.9544pt x 213.39566pt.

Overfull \hbox (13.66454pt too wide) in paragraph at lines 121--121
[][]  
 []


Overfull \vbox (12.24167pt too high) detected at line 121
 []

[4

 <./images//SAPI.png>]
LaTeX Font Info:    Trying to load font information for U+msa on input line 142
.
 (c:/texlive/2022/texmf-dist/tex/latex/amsfonts/umsa.fd
File: umsa.fd 2013/01/14 v3.01 AMS symbols A
)
LaTeX Font Info:    Trying to load font information for U+msb on input line 142
.
 (c:/texlive/2022/texmf-dist/tex/latex/amsfonts/umsb.fd
File: umsb.fd 2013/01/14 v3.01 AMS symbols B
)
LaTeX Font Info:    Trying to load font information for OT1+mathkerncmss on inp
ut line 142.

(c:/texlive/2022/texmf-dist/tex/latex/sansmathaccent/ot1mathkerncmss.fd
File: ot1mathkerncmss.fd 2020/01/31 Fontinst v1.933 font definitions for OT1/ma
thkerncmss.
)
[5

] (./Slides_EFAandCFA.toc) [6

]
<images//FormAndReflModel.png, id=724, 354.57469pt x 170.13562pt>
File: images//FormAndReflModel.png Graphic file (type png)
<use images//FormAndReflModel.png>
Package pdftex.def Info: images//FormAndReflModel.png  used on input line 177.
(pdftex.def)             Requested size: 177.89287pt x 85.35826pt.
 [7

 <./images//FormAndReflModel.png>] [8

]
[9

] [10

]

LaTeX Font Warning: Font shape `OT1/cmss/bx/it' undefined
(Font)              using `OT1/cmss/bx/n' instead on input line 319.

[11

] [12

] [13

] [14

] [15

] [16

] [17

] (./Slides_EFAandCFA.toc) [18

]
\openout4 = `Slides_EFAandCFA.vrb'.


(./Slides_EFAandCFA.vrb
LaTeX Font Info:    Font shape `OT1/cmtt/bx/n' in size <10> not available
(Font)              Font shape `OT1/cmtt/m/n' tried instead on input line 6.
) [19

]
\openout4 = `Slides_EFAandCFA.vrb'.

 (./Slides_EFAandCFA.vrb) [20

]
\openout4 = `Slides_EFAandCFA.vrb'.


(./Slides_EFAandCFA.vrb)
Overfull \vbox (22.95712pt too high) detected at line 827
 []

[21

]
\openout4 = `Slides_EFAandCFA.vrb'.

 (./Slides_EFAandCFA.vrb) [22

]
\openout4 = `Slides_EFAandCFA.vrb'.

 (./Slides_EFAandCFA.vrb
Overfull \hbox (4.19354pt too wide) in paragraph at lines 10--10
[][]\OT1/cmtt/m/it/10 # Note: FIML will be discusses in the Missing Data lectur
e.[][] 
 []

) [23

]
\openout4 = `Slides_EFAandCFA.vrb'.

 (./Slides_EFAandCFA.vrb) [24

]
\openout4 = `Slides_EFAandCFA.vrb'.

 (./Slides_EFAandCFA.vrb) [25

]
\openout4 = `Slides_EFAandCFA.vrb'.


(./Slides_EFAandCFA.vrb
<figure/unnamed-chunk-8-1.pdf, id=2665, 1003.75pt x 582.175pt>
File: figure/unnamed-chunk-8-1.pdf Graphic file (type pdf)
<use figure/unnamed-chunk-8-1.pdf>
Package pdftex.def Info: figure/unnamed-chunk-8-1.pdf  used on input line 13.
(pdftex.def)             Requested size: 307.28987pt x 178.22491pt.
)
Overfull \vbox (47.40424pt too high) detected at line 943
 []

[26

 <./figure/unnamed-chunk-8-1.pdf>]
\openout4 = `Slides_EFAandCFA.vrb'.

 (./Slides_EFAandCFA.vrb) [27

]
\openout4 = `Slides_EFAandCFA.vrb'.


(./Slides_EFAandCFA.vrb)
Overfull \vbox (21.01268pt too high) detected at line 1016
 []

[28

] (./Slides_EFAandCFA.toc) [29

]
\openout4 = `Slides_EFAandCFA.vrb'.

 (./Slides_EFAandCFA.vrb) [30

]
\openout4 = `Slides_EFAandCFA.vrb'.


(./Slides_EFAandCFA.vrb) [31

]
\openout4 = `Slides_EFAandCFA.vrb'.

 (./Slides_EFAandCFA.vrb) [32

]
\openout4 = `Slides_EFAandCFA.vrb'.


(./Slides_EFAandCFA.vrb) [33

]
\openout4 = `Slides_EFAandCFA.vrb'.

 (./Slides_EFAandCFA.vrb
Overfull \hbox (4.19354pt too wide) in paragraph at lines 10--10
[][]\OT1/cmtt/m/it/10 # Note: FIML will be discusses in the Missing Data lectur
e.[][] 
 []

) [34

]
\openout4 = `Slides_EFAandCFA.vrb'.

 (./Slides_EFAandCFA.vrb) [35

]
\openout4 = `Slides_EFAandCFA.vrb'.

 (./Slides_EFAandCFA.vrb) [36

]
\openout4 = `Slides_EFAandCFA.vrb'.


(./Slides_EFAandCFA.vrb
<figure/unnamed-chunk-18-1.pdf, id=3801, 1003.75pt x 582.175pt>
File: figure/unnamed-chunk-18-1.pdf Graphic file (type pdf)
<use figure/unnamed-chunk-18-1.pdf>
Package pdftex.def Info: figure/unnamed-chunk-18-1.pdf  used on input line 13.
(pdftex.def)             Requested size: 307.28987pt x 178.22491pt.
)
Overfull \vbox (47.40424pt too high) detected at line 1215
 []

[37

 <./figure/unnamed-chunk-18-1.pdf>]
\openout4 = `Slides_EFAandCFA.vrb'.

 (./Slides_EFAandCFA.vrb) [38

]
\openout4 = `Slides_EFAandCFA.vrb'.


(./Slides_EFAandCFA.vrb) [39

]
\openout4 = `Slides_EFAandCFA.vrb'.

 (./Slides_EFAandCFA.vrb
Overfull \hbox (28.7072pt too wide) in paragraph at lines 20--20
[]\OT1/cmtt/m/n/10 ##           lhs op  rhs     mi    epc sepc.lv sepc.all sepc
.nox[] 
 []


Overfull \hbox (28.7072pt too wide) in paragraph at lines 20--20
[]\OT1/cmtt/m/n/10 ## 51       Q170 ~~ Q196 36.273  0.138   0.138    0.271    0
.271[] 
 []


Overfull \hbox (28.7072pt too wide) in paragraph at lines 20--20
[]\OT1/cmtt/m/n/10 ## 38        Q77 ~~  Q84 35.431  0.194   0.194    0.305    0
.305[] 
 []


Overfull \hbox (28.7072pt too wide) in paragraph at lines 20--20
[]\OT1/cmtt/m/n/10 ## 46        Q84 ~~ Q196 31.126 -0.143  -0.143   -0.276   -0
.276[] 
 []


Overfull \hbox (28.7072pt too wide) in paragraph at lines 20--20
[]\OT1/cmtt/m/n/10 ## 45        Q84 ~~ Q170 20.426 -0.123  -0.123   -0.170   -0
.170[] 
 []


Overfull \hbox (28.7072pt too wide) in paragraph at lines 20--20
[]\OT1/cmtt/m/n/10 ## 50        Q84 ~~  Q98 16.530  0.092   0.092    0.156    0
.156[] 
 []


Overfull \hbox (28.7072pt too wide) in paragraph at lines 20--20
[]\OT1/cmtt/m/n/10 ## 35 Beingliked =~  Q84 13.085  0.552   0.234    0.222    0
.222[] 
 []


Overfull \hbox (28.7072pt too wide) in paragraph at lines 20--20
[]\OT1/cmtt/m/n/10 ## 39        Q77 ~~ Q170 12.876 -0.104  -0.104   -0.166   -0
.166[] 
 []

) [40

]
<images/slide49.png, id=4223, 430.60875pt x 189.70876pt>
File: images/slide49.png Graphic file (type png)
<use images/slide49.png>
Package pdftex.def Info: images/slide49.png  used on input line 1355.
(pdftex.def)             Requested size: 307.29813pt x 135.38309pt.
 [41

 <./images/slide49.png>]
<images/slide48.png, id=4326, 433.62pt x 188.705pt>
File: images/slide48.png Graphic file (type png)
<use images/slide48.png>
Package pdftex.def Info: images/slide48.png  used on input line 1365.
(pdftex.def)             Requested size: 307.30333pt x 133.73384pt.
 [42

 <./images/slide48.png>]
<images/CapOnChanceMI.png, id=4429, 530.199pt x 542.025pt>
File: images/CapOnChanceMI.png Graphic file (type png)
<use images/CapOnChanceMI.png>
Package pdftex.def Info: images/CapOnChanceMI.png  used on input line 1374.
(pdftex.def)             Requested size: 150.29117pt x 153.64339pt.
 [43

 <./images/CapOnChanceMI.png>]
\openout4 = `Slides_EFAandCFA.vrb'.

 (./Slides_EFAandCFA.vrb
Overfull \hbox (4.19354pt too wide) in paragraph at lines 31--31
[]                    []\OT1/cmtt/m/n/10 missing[][]=[][]^^Mfiml^^M[][],[] []fi
xed.x[][]=F)[]  []\OT1/cmtt/m/it/10 # use FIML[] [] 
 []

)
Overfull \vbox (9.34602pt too high) detected at line 1413
 []

[44

]
\openout4 = `Slides_EFAandCFA.vrb'.

 (./Slides_EFAandCFA.vrb
Overfull \hbox (4.19354pt too wide) in paragraph at lines 6--6
[][]\OT1/cmtt/m/n/10 anova[][](fit_2CFA, fit_2CFA_mod)[,[][]-[][]c[][]([][]2[][
],[][]3[][])][] []\OT1/cmtt/m/it/10 # without AIC & BIC[][] 
 []


Overfull \hbox (7.70738pt too wide) in paragraph at lines 14--14
[]\OT1/cmtt/m/n/10 ## fit_2CFA     19 124.170     35.432       1  2.641e-09 ***
[] 
 []


Overfull \hbox (33.95715pt too wide) in paragraph at lines 14--14
[]\OT1/cmtt/m/n/10 ## Signif. codes:  0 ^^M***^^M 0.001 ^^M**^^M 0.01 ^^M*^^M 0
.05 ^^M.^^M 0.1 ^^M ^^M 1[] 
 []

) [45

]
\openout4 = `Slides_EFAandCFA.vrb'.

 (./Slides_EFAandCFA.vrb
Overfull \hbox (25.19336pt too wide) in paragraph at lines 6--6
[][]\OT1/cmtt/m/n/10 parameterEstimates[][](fit_2CFA_mod)[[][]9[][],[][]-[][]c[
][]([][]5[][],[][]6[][],[][]7[][])][] []\OT1/cmtt/m/it/10 # no se, z, and p[][]
 
 []

) [46

]
\openout4 = `Slides_EFAandCFA.vrb'.

 (./Slides_EFAandCFA.vrb) [47

] (./Slides_EFAandCFA.toc) [48

] [49

]
[50

] [51

]
<images/slide56.png, id=5350, 139.52126pt x 197.73875pt>
File: images/slide56.png Graphic file (type png)
<use images/slide56.png>
Package pdftex.def Info: images/slide56.png  used on input line 1670.
(pdftex.def)             Requested size: 104.481pt x 148.0774pt.
 [52

 <./images/slide56.png>]
\openout4 = `Slides_EFAandCFA.vrb'.

 (./Slides_EFAandCFA.vrb) [53

]
\openout4 = `Slides_EFAandCFA.vrb'.


(./Slides_EFAandCFA.vrb) [54

]
<images/slide60.png, id=5656, 139.52126pt x 168.63pt>
File: images/slide60.png Graphic file (type png)
<use images/slide60.png>
Package pdftex.def Info: images/slide60.png  used on input line 1765.
(pdftex.def)             Requested size: 104.481pt x 126.27919pt.
 [55

 <./images/slide60.png>]
\openout4 = `Slides_EFAandCFA.vrb'.


(./Slides_EFAandCFA.vrb) [56

]
\openout4 = `Slides_EFAandCFA.vrb'.

 (./Slides_EFAandCFA.vrb) [57

]
File: images/slide56.png Graphic file (type png)
<use images/slide56.png>
Package pdftex.def Info: images/slide56.png  used on input line 1858.
(pdftex.def)             Requested size: 100.3807pt x 142.26378pt.
File: images/slide60.png Graphic file (type png)
<use images/slide60.png>
Package pdftex.def Info: images/slide60.png  used on input line 1858.
(pdftex.def)             Requested size: 102.4053pt x 123.76965pt.
 [58

]
<images/slide66.png, id=6065, 138.5175pt x 163.61125pt>
File: images/slide66.png Graphic file (type png)
<use images/slide66.png>
Package pdftex.def Info: images/slide66.png  used on input line 1896.
(pdftex.def)             Requested size: 104.47755pt x 123.40465pt.
 [59

 <./images/slide66.png>]
File: images/slide66.png Graphic file (type png)
<use images/slide66.png>
Package pdftex.def Info: images/slide66.png  used on input line 1913.
(pdftex.def)             Requested size: 72.26622pt x 85.35826pt.
 [60

]
\openout4 = `Slides_EFAandCFA.vrb'.

 (./Slides_EFAandCFA.vrb) [61

]
\openout4 = `Slides_EFAandCFA.vrb'.

 (./Slides_EFAandCFA.vrb)
[62

]
\openout4 = `Slides_EFAandCFA.vrb'.

 (./Slides_EFAandCFA.vrb) [63

] (./Slides_EFAandCFA.toc) [64

] [65

] [66

]
(./Slides_EFAandCFA.toc) [67

] [68

]
<images/slide21.png, id=7098, 511.9125pt x 446.66875pt>
File: images/slide21.png Graphic file (type png)
<use images/slide21.png>
Package pdftex.def Info: images/slide21.png  used on input line 2091.
(pdftex.def)             Requested size: 286.89557pt x 250.33044pt.

Overfull \vbox (1.00455pt too high) detected at line 2091
 []

[69

 <./images/slide21.png>] [70

] [71

]
\tf@nav=\write6
\openout6 = `Slides_EFAandCFA.nav'.

\tf@toc=\write7
\openout7 = `Slides_EFAandCFA.toc'.

\tf@snm=\write8
\openout8 = `Slides_EFAandCFA.snm'.

 (./Slides_EFAandCFA.aux)

LaTeX Font Warning: Some font shapes were not available, defaults substituted.

Package rerunfilecheck Info: File `Slides_EFAandCFA.out' has not changed.
(rerunfilecheck)             Checksum: D41D8CD98F00B204E9800998ECF8427E;0.
 ) 
Here is how much of TeX's memory you used:
 30721 strings out of 478300
 633831 string characters out of 5849123
 996744 words of memory out of 5000000
 48034 multiletter control sequences out of 15000+600000
 479163 words of font info for 64 fonts, out of 8000000 for 9000
 1141 hyphenation exceptions out of 8191
 128i,19n,122p,492b,855s stack positions out of 10000i,1000n,20000p,200000b,200000s
<c:/texlive/2022/texmf-dist/fonts/type1/public/amsfonts/cm/cmex10.pfb><c:/tex
live/2022/texmf-dist/fonts/type1/public/amsfonts/cm/cmitt10.pfb><c:/texlive/202
2/texmf-dist/fonts/type1/public/amsfonts/cm/cmmi10.pfb><c:/texlive/2022/texmf-d
ist/fonts/type1/public/amsfonts/cm/cmss10.pfb><c:/texlive/2022/texmf-dist/fonts
/type1/public/amsfonts/cm/cmss12.pfb><c:/texlive/2022/texmf-dist/fonts/type1/pu
blic/amsfonts/cm/cmss17.pfb><c:/texlive/2022/texmf-dist/fonts/type1/public/amsf
onts/cm/cmss8.pfb><c:/texlive/2022/texmf-dist/fonts/type1/public/amsfonts/cm/cm
ss9.pfb><c:/texlive/2022/texmf-dist/fonts/type1/public/amsfonts/cm/cmssbx10.pfb
><c:/texlive/2022/texmf-dist/fonts/type1/public/amsfonts/cm/cmssi10.pfb><c:/tex
live/2022/texmf-dist/fonts/type1/public/amsfonts/cm/cmssi8.pfb><c:/texlive/2022
/texmf-dist/fonts/type1/public/amsfonts/cm/cmsy10.pfb><c:/texlive/2022/texmf-di
st/fonts/type1/public/amsfonts/cm/cmsy9.pfb><c:/texlive/2022/texmf-dist/fonts/t
ype1/public/amsfonts/cm/cmtt10.pfb>
Output written on Slides_EFAandCFA.pdf (71 pages, 1838114 bytes).
PDF statistics:
 7500 PDF objects out of 8907 (max. 8388607)
 7214 compressed objects within 73 object streams
 154 named destinations out of 1000 (max. 500000)
 104 words of extra memory for PDF output out of 10000 (max. 10000000)

