This is pdfTeX, Version 3.14159265-2.6-1.40.21 (TeX Live 2020/Debian) (preloaded format=pdflatex 2022.6.8)  27 JUN 2022 17:48
entering extended mode
 restricted \write18 enabled.
 %&-line parsing enabled.
**sem_mediation.tex
(./sem_mediation.tex
LaTeX2e <2020-10-01> patch level 4
L3 programming layer <2021-01-09> xparse <2020-03-03>
(/usr/share/texlive/texmf-dist/tex/latex/beamer/beamer.cls
Document Class: beamer 2020/11/26 v3.60 A class for typesetting presentations
(/usr/share/texlive/texmf-dist/tex/latex/beamer/beamerbasemodes.sty
(/usr/share/texlive/texmf-dist/tex/latex/etoolbox/etoolbox.sty
Package: etoolbox 2020/10/05 v2.5k e-TeX tools for LaTeX (JAW)
\etb@tempcnta=\count177
)
\beamer@tempbox=\box47
\beamer@tempcount=\count178
\c@beamerpauses=\count179

(/usr/share/texlive/texmf-dist/tex/latex/beamer/beamerbasedecode.sty
\beamer@slideinframe=\count180
\beamer@minimum=\count181
\beamer@decode@box=\box48
)
\beamer@commentbox=\box49
\beamer@modecount=\count182
)
(/usr/share/texlive/texmf-dist/tex/generic/iftex/ifpdf.sty
Package: ifpdf 2019/10/25 v3.4 ifpdf legacy package. Use iftex instead.

(/usr/share/texlive/texmf-dist/tex/generic/iftex/iftex.sty
Package: iftex 2020/03/06 v1.0d TeX engine tests
))
\headdp=\dimen138
\footheight=\dimen139
\sidebarheight=\dimen140
\beamer@tempdim=\dimen141
\beamer@finalheight=\dimen142
\beamer@animht=\dimen143
\beamer@animdp=\dimen144
\beamer@animwd=\dimen145
\beamer@leftmargin=\dimen146
\beamer@rightmargin=\dimen147
\beamer@leftsidebar=\dimen148
\beamer@rightsidebar=\dimen149
\beamer@boxsize=\dimen150
\beamer@vboxoffset=\dimen151
\beamer@descdefault=\dimen152
\beamer@descriptionwidth=\dimen153
\beamer@lastskip=\skip47
\beamer@areabox=\box50
\beamer@animcurrent=\box51
\beamer@animshowbox=\box52
\beamer@sectionbox=\box53
\beamer@logobox=\box54
\beamer@linebox=\box55
\beamer@sectioncount=\count183
\beamer@subsubsectionmax=\count184
\beamer@subsectionmax=\count185
\beamer@sectionmax=\count186
\beamer@totalheads=\count187
\beamer@headcounter=\count188
\beamer@partstartpage=\count189
\beamer@sectionstartpage=\count190
\beamer@subsectionstartpage=\count191
\beamer@animationtempa=\count192
\beamer@animationtempb=\count193
\beamer@xpos=\count194
\beamer@ypos=\count195
\beamer@ypos@offset=\count196
\beamer@showpartnumber=\count197
\beamer@currentsubsection=\count198
\beamer@coveringdepth=\count199
\beamer@sectionadjust=\count266
\beamer@tocsectionnumber=\count267

(/usr/share/texlive/texmf-dist/tex/latex/beamer/beamerbaseoptions.sty
(/usr/share/texlive/texmf-dist/tex/latex/graphics/keyval.sty
Package: keyval 2014/10/28 v1.15 key=value parser (DPC)
\KV@toks@=\toks15
))
\beamer@paperwidth=\skip48
\beamer@paperheight=\skip49

(/usr/share/texlive/texmf-dist/tex/latex/geometry/geometry.sty
Package: geometry 2020/01/02 v5.9 Page Geometry

(/usr/share/texlive/texmf-dist/tex/generic/iftex/ifvtex.sty
Package: ifvtex 2019/10/25 v1.7 ifvtex legacy package. Use iftex instead.
)
\Gm@cnth=\count268
\Gm@cntv=\count269
\c@Gm@tempcnt=\count270
\Gm@bindingoffset=\dimen154
\Gm@wd@mp=\dimen155
\Gm@odd@mp=\dimen156
\Gm@even@mp=\dimen157
\Gm@layoutwidth=\dimen158
\Gm@layoutheight=\dimen159
\Gm@layouthoffset=\dimen160
\Gm@layoutvoffset=\dimen161
\Gm@dimlist=\toks16
)
(/usr/share/texlive/texmf-dist/tex/latex/base/size10.clo
File: size10.clo 2020/04/10 v1.4m Standard LaTeX file (size option)
)
(/usr/share/texlive/texmf-dist/tex/latex/pgf/basiclayer/pgfcore.sty
(/usr/share/texlive/texmf-dist/tex/latex/graphics/graphicx.sty
Package: graphicx 2020/09/09 v1.2b Enhanced LaTeX Graphics (DPC,SPQR)

(/usr/share/texlive/texmf-dist/tex/latex/graphics/graphics.sty
Package: graphics 2020/08/30 v1.4c Standard LaTeX Graphics (DPC,SPQR)

(/usr/share/texlive/texmf-dist/tex/latex/graphics/trig.sty
Package: trig 2016/01/03 v1.10 sin cos tan (DPC)
)
(/usr/share/texlive/texmf-dist/tex/latex/graphics-cfg/graphics.cfg
File: graphics.cfg 2016/06/04 v1.11 sample graphics configuration
)
Package graphics Info: Driver file: pdftex.def on input line 105.

(/usr/share/texlive/texmf-dist/tex/latex/graphics-def/pdftex.def
File: pdftex.def 2020/10/05 v1.2a Graphics/color driver for pdftex
))
\Gin@req@height=\dimen162
\Gin@req@width=\dimen163
)
(/usr/share/texlive/texmf-dist/tex/latex/pgf/systemlayer/pgfsys.sty
(/usr/share/texlive/texmf-dist/tex/latex/pgf/utilities/pgfrcs.sty
(/usr/share/texlive/texmf-dist/tex/generic/pgf/utilities/pgfutil-common.tex
\pgfutil@everybye=\toks17
\pgfutil@tempdima=\dimen164
\pgfutil@tempdimb=\dimen165

(/usr/share/texlive/texmf-dist/tex/generic/pgf/utilities/pgfutil-common-lists.t
ex)) (/usr/share/texlive/texmf-dist/tex/generic/pgf/utilities/pgfutil-latex.def
\pgfutil@abb=\box56
) (/usr/share/texlive/texmf-dist/tex/generic/pgf/utilities/pgfrcs.code.tex
(/usr/share/texlive/texmf-dist/tex/generic/pgf/pgf.revision.tex)
Package: pgfrcs 2020/12/27 v3.1.8b (3.1.8b)
))
(/usr/share/texlive/texmf-dist/tex/generic/pgf/systemlayer/pgfsys.code.tex
Package: pgfsys 2020/12/27 v3.1.8b (3.1.8b)

(/usr/share/texlive/texmf-dist/tex/generic/pgf/utilities/pgfkeys.code.tex
\pgfkeys@pathtoks=\toks18
\pgfkeys@temptoks=\toks19

(/usr/share/texlive/texmf-dist/tex/generic/pgf/utilities/pgfkeysfiltered.code.t
ex
\pgfkeys@tmptoks=\toks20
))
\pgf@x=\dimen166
\pgf@y=\dimen167
\pgf@xa=\dimen168
\pgf@ya=\dimen169
\pgf@xb=\dimen170
\pgf@yb=\dimen171
\pgf@xc=\dimen172
\pgf@yc=\dimen173
\pgf@xd=\dimen174
\pgf@yd=\dimen175
\w@pgf@writea=\write3
\r@pgf@reada=\read2
\c@pgf@counta=\count271
\c@pgf@countb=\count272
\c@pgf@countc=\count273
\c@pgf@countd=\count274
\t@pgf@toka=\toks21
\t@pgf@tokb=\toks22
\t@pgf@tokc=\toks23
\pgf@sys@id@count=\count275
 (/usr/share/texlive/texmf-dist/tex/generic/pgf/systemlayer/pgf.cfg
File: pgf.cfg 2020/12/27 v3.1.8b (3.1.8b)
)
Driver file for pgf: pgfsys-pdftex.def

(/usr/share/texlive/texmf-dist/tex/generic/pgf/systemlayer/pgfsys-pdftex.def
File: pgfsys-pdftex.def 2020/12/27 v3.1.8b (3.1.8b)

(/usr/share/texlive/texmf-dist/tex/generic/pgf/systemlayer/pgfsys-common-pdf.de
f
File: pgfsys-common-pdf.def 2020/12/27 v3.1.8b (3.1.8b)
)))
(/usr/share/texlive/texmf-dist/tex/generic/pgf/systemlayer/pgfsyssoftpath.code.
tex
File: pgfsyssoftpath.code.tex 2020/12/27 v3.1.8b (3.1.8b)
\pgfsyssoftpath@smallbuffer@items=\count276
\pgfsyssoftpath@bigbuffer@items=\count277
)
(/usr/share/texlive/texmf-dist/tex/generic/pgf/systemlayer/pgfsysprotocol.code.
tex
File: pgfsysprotocol.code.tex 2020/12/27 v3.1.8b (3.1.8b)
)) (/usr/share/texlive/texmf-dist/tex/latex/xcolor/xcolor.sty
Package: xcolor 2016/05/11 v2.12 LaTeX color extensions (UK)

(/usr/share/texlive/texmf-dist/tex/latex/graphics-cfg/color.cfg
File: color.cfg 2016/01/02 v1.6 sample color configuration
)
Package xcolor Info: Driver file: pdftex.def on input line 225.
Package xcolor Info: Model `cmy' substituted by `cmy0' on input line 1348.
Package xcolor Info: Model `hsb' substituted by `rgb' on input line 1352.
Package xcolor Info: Model `RGB' extended on input line 1364.
Package xcolor Info: Model `HTML' substituted by `rgb' on input line 1366.
Package xcolor Info: Model `Hsb' substituted by `hsb' on input line 1367.
Package xcolor Info: Model `tHsb' substituted by `hsb' on input line 1368.
Package xcolor Info: Model `HSB' substituted by `hsb' on input line 1369.
Package xcolor Info: Model `Gray' substituted by `gray' on input line 1370.
Package xcolor Info: Model `wave' substituted by `hsb' on input line 1371.
)
(/usr/share/texlive/texmf-dist/tex/generic/pgf/basiclayer/pgfcore.code.tex
Package: pgfcore 2020/12/27 v3.1.8b (3.1.8b)

(/usr/share/texlive/texmf-dist/tex/generic/pgf/math/pgfmath.code.tex
(/usr/share/texlive/texmf-dist/tex/generic/pgf/math/pgfmathcalc.code.tex
(/usr/share/texlive/texmf-dist/tex/generic/pgf/math/pgfmathutil.code.tex)
(/usr/share/texlive/texmf-dist/tex/generic/pgf/math/pgfmathparser.code.tex
\pgfmath@dimen=\dimen176
\pgfmath@count=\count278
\pgfmath@box=\box57
\pgfmath@toks=\toks24
\pgfmath@stack@operand=\toks25
\pgfmath@stack@operation=\toks26
)
(/usr/share/texlive/texmf-dist/tex/generic/pgf/math/pgfmathfunctions.code.tex
(/usr/share/texlive/texmf-dist/tex/generic/pgf/math/pgfmathfunctions.basic.code
.tex)
(/usr/share/texlive/texmf-dist/tex/generic/pgf/math/pgfmathfunctions.trigonomet
ric.code.tex)
(/usr/share/texlive/texmf-dist/tex/generic/pgf/math/pgfmathfunctions.random.cod
e.tex)
(/usr/share/texlive/texmf-dist/tex/generic/pgf/math/pgfmathfunctions.comparison
.code.tex)
(/usr/share/texlive/texmf-dist/tex/generic/pgf/math/pgfmathfunctions.base.code.
tex)
(/usr/share/texlive/texmf-dist/tex/generic/pgf/math/pgfmathfunctions.round.code
.tex)
(/usr/share/texlive/texmf-dist/tex/generic/pgf/math/pgfmathfunctions.misc.code.
tex)
(/usr/share/texlive/texmf-dist/tex/generic/pgf/math/pgfmathfunctions.integerari
thmetics.code.tex)))
(/usr/share/texlive/texmf-dist/tex/generic/pgf/math/pgfmathfloat.code.tex
\c@pgfmathroundto@lastzeros=\count279
))
(/usr/share/texlive/texmf-dist/tex/generic/pgf/math/pgfint.code.tex)
(/usr/share/texlive/texmf-dist/tex/generic/pgf/basiclayer/pgfcorepoints.code.te
x
File: pgfcorepoints.code.tex 2020/12/27 v3.1.8b (3.1.8b)
\pgf@picminx=\dimen177
\pgf@picmaxx=\dimen178
\pgf@picminy=\dimen179
\pgf@picmaxy=\dimen180
\pgf@pathminx=\dimen181
\pgf@pathmaxx=\dimen182
\pgf@pathminy=\dimen183
\pgf@pathmaxy=\dimen184
\pgf@xx=\dimen185
\pgf@xy=\dimen186
\pgf@yx=\dimen187
\pgf@yy=\dimen188
\pgf@zx=\dimen189
\pgf@zy=\dimen190
)
(/usr/share/texlive/texmf-dist/tex/generic/pgf/basiclayer/pgfcorepathconstruct.
code.tex
File: pgfcorepathconstruct.code.tex 2020/12/27 v3.1.8b (3.1.8b)
\pgf@path@lastx=\dimen191
\pgf@path@lasty=\dimen192
)
(/usr/share/texlive/texmf-dist/tex/generic/pgf/basiclayer/pgfcorepathusage.code
.tex
File: pgfcorepathusage.code.tex 2020/12/27 v3.1.8b (3.1.8b)
\pgf@shorten@end@additional=\dimen193
\pgf@shorten@start@additional=\dimen194
)
(/usr/share/texlive/texmf-dist/tex/generic/pgf/basiclayer/pgfcorescopes.code.te
x
File: pgfcorescopes.code.tex 2020/12/27 v3.1.8b (3.1.8b)
\pgfpic=\box58
\pgf@hbox=\box59
\pgf@layerbox@main=\box60
\pgf@picture@serial@count=\count280
)
(/usr/share/texlive/texmf-dist/tex/generic/pgf/basiclayer/pgfcoregraphicstate.c
ode.tex
File: pgfcoregraphicstate.code.tex 2020/12/27 v3.1.8b (3.1.8b)
\pgflinewidth=\dimen195
)
(/usr/share/texlive/texmf-dist/tex/generic/pgf/basiclayer/pgfcoretransformation
s.code.tex
File: pgfcoretransformations.code.tex 2020/12/27 v3.1.8b (3.1.8b)
\pgf@pt@x=\dimen196
\pgf@pt@y=\dimen197
\pgf@pt@temp=\dimen198
)
(/usr/share/texlive/texmf-dist/tex/generic/pgf/basiclayer/pgfcorequick.code.tex
File: pgfcorequick.code.tex 2020/12/27 v3.1.8b (3.1.8b)
)
(/usr/share/texlive/texmf-dist/tex/generic/pgf/basiclayer/pgfcoreobjects.code.t
ex
File: pgfcoreobjects.code.tex 2020/12/27 v3.1.8b (3.1.8b)
)
(/usr/share/texlive/texmf-dist/tex/generic/pgf/basiclayer/pgfcorepathprocessing
.code.tex
File: pgfcorepathprocessing.code.tex 2020/12/27 v3.1.8b (3.1.8b)
)
(/usr/share/texlive/texmf-dist/tex/generic/pgf/basiclayer/pgfcorearrows.code.te
x
File: pgfcorearrows.code.tex 2020/12/27 v3.1.8b (3.1.8b)
\pgfarrowsep=\dimen199
)
(/usr/share/texlive/texmf-dist/tex/generic/pgf/basiclayer/pgfcoreshade.code.tex
File: pgfcoreshade.code.tex 2020/12/27 v3.1.8b (3.1.8b)
\pgf@max=\dimen256
\pgf@sys@shading@range@num=\count281
\pgf@shadingcount=\count282
)
(/usr/share/texlive/texmf-dist/tex/generic/pgf/basiclayer/pgfcoreimage.code.tex
File: pgfcoreimage.code.tex 2020/12/27 v3.1.8b (3.1.8b)

(/usr/share/texlive/texmf-dist/tex/generic/pgf/basiclayer/pgfcoreexternal.code.
tex
File: pgfcoreexternal.code.tex 2020/12/27 v3.1.8b (3.1.8b)
\pgfexternal@startupbox=\box61
))
(/usr/share/texlive/texmf-dist/tex/generic/pgf/basiclayer/pgfcorelayers.code.te
x
File: pgfcorelayers.code.tex 2020/12/27 v3.1.8b (3.1.8b)
)
(/usr/share/texlive/texmf-dist/tex/generic/pgf/basiclayer/pgfcoretransparency.c
ode.tex
File: pgfcoretransparency.code.tex 2020/12/27 v3.1.8b (3.1.8b)
)
(/usr/share/texlive/texmf-dist/tex/generic/pgf/basiclayer/pgfcorepatterns.code.
tex
File: pgfcorepatterns.code.tex 2020/12/27 v3.1.8b (3.1.8b)
)
(/usr/share/texlive/texmf-dist/tex/generic/pgf/basiclayer/pgfcorerdf.code.tex
File: pgfcorerdf.code.tex 2020/12/27 v3.1.8b (3.1.8b)
))) (/usr/share/texlive/texmf-dist/tex/latex/pgf/utilities/xxcolor.sty
Package: xxcolor 2003/10/24 ver 0.1
\XC@nummixins=\count283
\XC@countmixins=\count284
)
(/usr/share/texlive/texmf-dist/tex/latex/base/atbegshi-ltx.sty
Package: atbegshi-ltx 2020/08/17 v1.0a Emulation of the original atbegshi packa
ge
with kernel methods
)
(/usr/share/texlive/texmf-dist/tex/latex/hyperref/hyperref.sty
Package: hyperref 2020-05-15 v7.00e Hypertext links for LaTeX

(/usr/share/texlive/texmf-dist/tex/generic/ltxcmds/ltxcmds.sty
Package: ltxcmds 2020-05-10 v1.25 LaTeX kernel commands for general use (HO)
)
(/usr/share/texlive/texmf-dist/tex/generic/pdftexcmds/pdftexcmds.sty
Package: pdftexcmds 2020-06-27 v0.33 Utility functions of pdfTeX for LuaTeX (HO
)

(/usr/share/texlive/texmf-dist/tex/generic/infwarerr/infwarerr.sty
Package: infwarerr 2019/12/03 v1.5 Providing info/warning/error messages (HO)
)
Package pdftexcmds Info: \pdf@primitive is available.
Package pdftexcmds Info: \pdf@ifprimitive is available.
Package pdftexcmds Info: \pdfdraftmode found.
)
(/usr/share/texlive/texmf-dist/tex/generic/kvsetkeys/kvsetkeys.sty
Package: kvsetkeys 2019/12/15 v1.18 Key value parser (HO)
)
(/usr/share/texlive/texmf-dist/tex/generic/kvdefinekeys/kvdefinekeys.sty
Package: kvdefinekeys 2019-12-19 v1.6 Define keys (HO)
)
(/usr/share/texlive/texmf-dist/tex/generic/pdfescape/pdfescape.sty
Package: pdfescape 2019/12/09 v1.15 Implements pdfTeX's escape features (HO)
)
(/usr/share/texlive/texmf-dist/tex/latex/hycolor/hycolor.sty
Package: hycolor 2020-01-27 v1.10 Color options for hyperref/bookmark (HO)
)
(/usr/share/texlive/texmf-dist/tex/latex/letltxmacro/letltxmacro.sty
Package: letltxmacro 2019/12/03 v1.6 Let assignment for LaTeX macros (HO)
)
(/usr/share/texlive/texmf-dist/tex/latex/auxhook/auxhook.sty
Package: auxhook 2019-12-17 v1.6 Hooks for auxiliary files (HO)
)
(/usr/share/texlive/texmf-dist/tex/latex/kvoptions/kvoptions.sty
Package: kvoptions 2020-10-07 v3.14 Key value format for package options (HO)
)
\@linkdim=\dimen257
\Hy@linkcounter=\count285
\Hy@pagecounter=\count286

(/usr/share/texlive/texmf-dist/tex/latex/hyperref/pd1enc.def
File: pd1enc.def 2020-05-15 v7.00e Hyperref: PDFDocEncoding definition (HO)
Now handling font encoding PD1 ...
... no UTF-8 mapping file for font encoding PD1
)
(/usr/share/texlive/texmf-dist/tex/generic/intcalc/intcalc.sty
Package: intcalc 2019/12/15 v1.3 Expandable calculations with integers (HO)
)
(/usr/share/texlive/texmf-dist/tex/generic/etexcmds/etexcmds.sty
Package: etexcmds 2019/12/15 v1.7 Avoid name clashes with e-TeX commands (HO)
)
\Hy@SavedSpaceFactor=\count287
Package hyperref Info: Option `bookmarks' set `true' on input line 4338.
Package hyperref Info: Option `bookmarksopen' set `true' on input line 4338.
Package hyperref Info: Option `implicit' set `false' on input line 4338.
Package hyperref Info: Hyper figures OFF on input line 4464.
Package hyperref Info: Link nesting OFF on input line 4469.
Package hyperref Info: Hyper index ON on input line 4472.
Package hyperref Info: Plain pages OFF on input line 4479.
Package hyperref Info: Backreferencing OFF on input line 4484.
Package hyperref Info: Implicit mode OFF; no redefinition of LaTeX internals.
Package hyperref Info: Bookmarks ON on input line 4717.
\c@Hy@tempcnt=\count288

(/usr/share/texlive/texmf-dist/tex/latex/url/url.sty
\Urlmuskip=\muskip16
Package: url 2013/09/16  ver 3.4  Verb mode for urls, etc.
)
LaTeX Info: Redefining \url on input line 5076.
\XeTeXLinkMargin=\dimen258

(/usr/share/texlive/texmf-dist/tex/generic/bitset/bitset.sty
Package: bitset 2019/12/09 v1.3 Handle bit-vector datatype (HO)

(/usr/share/texlive/texmf-dist/tex/generic/bigintcalc/bigintcalc.sty
Package: bigintcalc 2019/12/15 v1.5 Expandable calculations on big integers (HO
)
))
\Fld@menulength=\count289
\Field@Width=\dimen259
\Fld@charsize=\dimen260
Package hyperref Info: Hyper figures OFF on input line 6347.
Package hyperref Info: Link nesting OFF on input line 6352.
Package hyperref Info: Hyper index ON on input line 6355.
Package hyperref Info: backreferencing OFF on input line 6362.
Package hyperref Info: Link coloring OFF on input line 6367.
Package hyperref Info: Link coloring with OCG OFF on input line 6372.
Package hyperref Info: PDF/A mode OFF on input line 6377.
LaTeX Info: Redefining \ref on input line 6417.
LaTeX Info: Redefining \pageref on input line 6421.
\Hy@abspage=\count290


Package hyperref Message: Stopped early.

)
Package hyperref Info: Driver (autodetected): hpdftex.
 (/usr/share/texlive/texmf-dist/tex/latex/hyperref/hpdftex.def
File: hpdftex.def 2020-05-15 v7.00e Hyperref driver for pdfTeX

(/usr/share/texlive/texmf-dist/tex/latex/base/atveryend-ltx.sty
Package: atveryend-ltx 2020/08/19 v1.0a Emulation of the original atvery packag
e
with kernel methods
)
\Fld@listcount=\count291
\c@bookmark@seq@number=\count292

(/usr/share/texlive/texmf-dist/tex/latex/rerunfilecheck/rerunfilecheck.sty
Package: rerunfilecheck 2019/12/05 v1.9 Rerun checks for auxiliary files (HO)

(/usr/share/texlive/texmf-dist/tex/generic/uniquecounter/uniquecounter.sty
Package: uniquecounter 2019/12/15 v1.4 Provide unlimited unique counter (HO)
)
Package uniquecounter Info: New unique counter `rerunfilecheck' on input line 2
86.
))
(/usr/share/texlive/texmf-dist/tex/latex/beamer/beamerbaserequires.sty
(/usr/share/texlive/texmf-dist/tex/latex/beamer/beamerbasecompatibility.sty)
(/usr/share/texlive/texmf-dist/tex/latex/beamer/beamerbasefont.sty
(/usr/share/texlive/texmf-dist/tex/latex/amsfonts/amssymb.sty
Package: amssymb 2013/01/14 v3.01 AMS font symbols

(/usr/share/texlive/texmf-dist/tex/latex/amsfonts/amsfonts.sty
Package: amsfonts 2013/01/14 v3.01 Basic AMSFonts support
\@emptytoks=\toks27
\symAMSa=\mathgroup4
\symAMSb=\mathgroup5
LaTeX Font Info:    Redeclaring math symbol \hbar on input line 98.
LaTeX Font Info:    Overwriting math alphabet `\mathfrak' in version `bold'
(Font)                  U/euf/m/n --> U/euf/b/n on input line 106.
))
(/usr/share/texlive/texmf-dist/tex/latex/sansmathaccent/sansmathaccent.sty
Package: sansmathaccent 2020/01/31

(/usr/share/texlive/texmf-dist/tex/latex/koma-script/scrlfile.sty
Package: scrlfile 2020/09/21 v3.32 KOMA-Script package (file load hooks)

(/usr/share/texlive/texmf-dist/tex/latex/koma-script/scrlfile-hook.sty
Package: scrlfile-hook 2020/09/21 v3.32 KOMA-Script package (using LaTeX hooks)


LaTeX3 Info: Defining command \BeforeFile with sig. 'm' on line 61.


LaTeX3 Info: Defining command \AfterFile with sig. 'm' on line 65.


LaTeX3 Info: Defining command \BeforeClass with sig. 'm' on line 69.


LaTeX3 Info: Defining command \BeforePackage with sig. 'm' on line 73.


LaTeX3 Info: Defining command \AfterAtEndOfClass with sig. 'smo+m' on line 83.


LaTeX3 Info: Defining command \AfterAtEndOfPackage with sig. 'smo+m' on line
(LaTeX3)     93.


LaTeX3 Info: Defining command \scrlfile@AfterClass with sig. 'smo+m' on line
(LaTeX3)     173.


LaTeX3 Info: Defining command \AfterClass with sig. '' on line 174.


LaTeX3 Info: Defining command \scrlfile@AfterPackage with sig. 'smo+m' on line
(LaTeX3)     191.


LaTeX3 Info: Defining command \AfterPackage with sig. '' on line 192.


LaTeX3 Info: Defining command \ReplaceInput with sig. '' on line 193.


LaTeX3 Info: Defining command \ReplaceClass with sig. 'mm' on line 196.


LaTeX3 Info: Defining command \ReplacePackage with sig. 'mm' on line 199.


LaTeX3 Info: Defining command \UnReplaceInput with sig. '' on line 200.


LaTeX3 Info: Defining command \UnReplaceClass with sig. 'm' on line 203.


LaTeX3 Info: Defining command \UnReplacePackage with sig. 'mm' on line 206.


LaTeX3 Info: Defining command \PreventPackageFromLoading with sig. 's+om' on
(LaTeX3)     line 234.


LaTeX3 Info: Defining command \StorePreventPackageFromLoading with sig. 'm' on
(LaTeX3)     line 242.


LaTeX3 Info: Defining command \ResetPreventPackageFromLoading with sig. '' on
(LaTeX3)     line 247.


LaTeX3 Info: Defining command \UnPreventPackageFromLoading with sig. 'sm' on
(LaTeX3)     line 261.


LaTeX3 Info: Defining command \BeforeClosingMainAux with sig. 'om' on line
(LaTeX3)     274.


LaTeX3 Info: Defining command \AfterReadingMainAux with sig. 'om' on line 287.


LaTeX3 Info: Defining command \protected@immediate@write with sig. 'm+m+m' on
(LaTeX3)     line 298.


(/usr/share/texlive/texmf-dist/tex/latex/koma-script/scrlogo.sty
Package: scrlogo 2020/09/21 v3.32 KOMA-Script package (logo)
)))))
(/usr/share/texlive/texmf-dist/tex/latex/beamer/beamerbasetranslator.sty
(/usr/share/texlive/texmf-dist/tex/latex/translator/translator.sty
Package: translator 2020-08-03 v1.12c Easy translation of strings in LaTeX
))
(/usr/share/texlive/texmf-dist/tex/latex/beamer/beamerbasemisc.sty)
(/usr/share/texlive/texmf-dist/tex/latex/beamer/beamerbasetwoscreens.sty)
(/usr/share/texlive/texmf-dist/tex/latex/beamer/beamerbaseoverlay.sty
\beamer@argscount=\count293
\beamer@lastskipcover=\skip50
\beamer@trivlistdepth=\count294
)
(/usr/share/texlive/texmf-dist/tex/latex/beamer/beamerbasetitle.sty)
(/usr/share/texlive/texmf-dist/tex/latex/beamer/beamerbasesection.sty
\c@lecture=\count295
\c@part=\count296
\c@section=\count297
\c@subsection=\count298
\c@subsubsection=\count299
)
(/usr/share/texlive/texmf-dist/tex/latex/beamer/beamerbaseframe.sty
\beamer@framebox=\box62
\beamer@frametitlebox=\box63
\beamer@zoombox=\box64
\beamer@zoomcount=\count300
\beamer@zoomframecount=\count301
\beamer@frametextheight=\dimen261
\c@subsectionslide=\count302
\beamer@frametopskip=\skip51
\beamer@framebottomskip=\skip52
\beamer@frametopskipautobreak=\skip53
\beamer@framebottomskipautobreak=\skip54
\beamer@envbody=\toks28
\framewidth=\dimen262
\c@framenumber=\count303
)
(/usr/share/texlive/texmf-dist/tex/latex/beamer/beamerbaseverbatim.sty
\beamer@verbatimfileout=\write4
)
(/usr/share/texlive/texmf-dist/tex/latex/beamer/beamerbaseframesize.sty
\beamer@splitbox=\box65
\beamer@autobreakcount=\count304
\beamer@autobreaklastheight=\dimen263
\beamer@frametitletoks=\toks29
\beamer@framesubtitletoks=\toks30
)
(/usr/share/texlive/texmf-dist/tex/latex/beamer/beamerbaseframecomponents.sty
\beamer@footins=\box66
)
(/usr/share/texlive/texmf-dist/tex/latex/beamer/beamerbasecolor.sty)
(/usr/share/texlive/texmf-dist/tex/latex/beamer/beamerbasenotes.sty
\beamer@frameboxcopy=\box67
)
(/usr/share/texlive/texmf-dist/tex/latex/beamer/beamerbasetoc.sty)
(/usr/share/texlive/texmf-dist/tex/latex/beamer/beamerbasetemplates.sty
\beamer@sbttoks=\toks31

(/usr/share/texlive/texmf-dist/tex/latex/beamer/beamerbaseauxtemplates.sty
(/usr/share/texlive/texmf-dist/tex/latex/beamer/beamerbaseboxes.sty
\bmb@box=\box68
\bmb@colorbox=\box69
\bmb@boxwidth=\dimen264
\bmb@boxheight=\dimen265
\bmb@prevheight=\dimen266
\bmb@temp=\dimen267
\bmb@dima=\dimen268
\bmb@dimb=\dimen269
\bmb@prevheight=\dimen270
)
\beamer@blockheadheight=\dimen271
))
(/usr/share/texlive/texmf-dist/tex/latex/beamer/beamerbaselocalstructure.sty
(/usr/share/texlive/texmf-dist/tex/latex/tools/enumerate.sty
Package: enumerate 2015/07/23 v3.00 enumerate extensions (DPC)
\@enLab=\toks32
)
\c@figure=\count305
\c@table=\count306
\abovecaptionskip=\skip55
\belowcaptionskip=\skip56
)
(/usr/share/texlive/texmf-dist/tex/latex/beamer/beamerbasenavigation.sty
\beamer@section@min@dim=\dimen272
)
(/usr/share/texlive/texmf-dist/tex/latex/beamer/beamerbasetheorems.sty
(/usr/share/texlive/texmf-dist/tex/latex/amsmath/amsmath.sty
Package: amsmath 2020/09/23 v2.17i AMS math features
\@mathmargin=\skip57

For additional information on amsmath, use the `?' option.
(/usr/share/texlive/texmf-dist/tex/latex/amsmath/amstext.sty
Package: amstext 2000/06/29 v2.01 AMS text

(/usr/share/texlive/texmf-dist/tex/latex/amsmath/amsgen.sty
File: amsgen.sty 1999/11/30 v2.0 generic functions
\@emptytoks=\toks33
\ex@=\dimen273
))
(/usr/share/texlive/texmf-dist/tex/latex/amsmath/amsbsy.sty
Package: amsbsy 1999/11/29 v1.2d Bold Symbols
\pmbraise@=\dimen274
)
(/usr/share/texlive/texmf-dist/tex/latex/amsmath/amsopn.sty
Package: amsopn 2016/03/08 v2.02 operator names
)
\inf@bad=\count307
LaTeX Info: Redefining \frac on input line 234.
\uproot@=\count308
\leftroot@=\count309
LaTeX Info: Redefining \overline on input line 399.
\classnum@=\count310
\DOTSCASE@=\count311
LaTeX Info: Redefining \ldots on input line 496.
LaTeX Info: Redefining \dots on input line 499.
LaTeX Info: Redefining \cdots on input line 620.
\Mathstrutbox@=\box70
\strutbox@=\box71
\big@size=\dimen275
LaTeX Font Info:    Redeclaring font encoding OML on input line 743.
LaTeX Font Info:    Redeclaring font encoding OMS on input line 744.
\macc@depth=\count312
\c@MaxMatrixCols=\count313
\dotsspace@=\muskip17
\c@parentequation=\count314
\dspbrk@lvl=\count315
\tag@help=\toks34
\row@=\count316
\column@=\count317
\maxfields@=\count318
\andhelp@=\toks35
\eqnshift@=\dimen276
\alignsep@=\dimen277
\tagshift@=\dimen278
\tagwidth@=\dimen279
\totwidth@=\dimen280
\lineht@=\dimen281
\@envbody=\toks36
\multlinegap=\skip58
\multlinetaggap=\skip59
\mathdisplay@stack=\toks37
LaTeX Info: Redefining \[ on input line 2923.
LaTeX Info: Redefining \] on input line 2924.
)
(/usr/share/texlive/texmf-dist/tex/latex/amscls/amsthm.sty
Package: amsthm 2020/05/29 v2.20.6
\thm@style=\toks38
\thm@bodyfont=\toks39
\thm@headfont=\toks40
\thm@notefont=\toks41
\thm@headpunct=\toks42
\thm@preskip=\skip60
\thm@postskip=\skip61
\thm@headsep=\skip62
\dth@everypar=\toks43
)
\c@theorem=\count319
)
(/usr/share/texlive/texmf-dist/tex/latex/beamer/beamerbasethemes.sty))
(/usr/share/texlive/texmf-dist/tex/latex/beamer/beamerthemedefault.sty
(/usr/share/texlive/texmf-dist/tex/latex/beamer/beamerfontthemedefault.sty)
(/usr/share/texlive/texmf-dist/tex/latex/beamer/beamercolorthemedefault.sty)
(/usr/share/texlive/texmf-dist/tex/latex/beamer/beamerinnerthemedefault.sty
\beamer@dima=\dimen282
\beamer@dimb=\dimen283
)
(/usr/share/texlive/texmf-dist/tex/latex/beamer/beamerouterthemedefault.sty)))
(/usr/share/texlive/texmf-dist/tex/latex/framed/framed.sty
Package: framed 2011/10/22 v 0.96: framed or shaded text with page breaks
\OuterFrameSep=\skip63
\fb@frw=\dimen284
\fb@frh=\dimen285
\FrameRule=\dimen286
\FrameSep=\dimen287
)
(/usr/share/texlive/texmf-dist/tex/latex/base/alltt.sty
Package: alltt 1997/06/16 v2.0g defines alltt environment
)
(/usr/local/share/texmf/tex/latex/beamer-utrecht/beamerthemeUtrecht.sty
(/usr/local/share/texmf/tex/latex/beamer-utrecht/beamerinnerthemeuufancy.sty
\beamer@uufancy@lineup=\skip64
\beamer@uufancy@linemid=\skip65
\beamer@uufancy@linebottom=\skip66
\beamer@uufancy@normalmargin=\skip67
)
(/usr/local/share/texmf/tex/latex/beamer-utrecht/beamerouterthemeuulines.sty
\beamer@uulines@lineup=\skip68
\beamer@uulines@linemid=\skip69
\beamer@uulines@linebottom=\skip70
\beamer@uulines@watermarkheightbottom=\skip71
\beamer@uulines@watermarkheightupperorig=\skip72
)
(/usr/local/share/texmf/tex/latex/beamer-utrecht/beamercolorthemeuu.sty)
(/usr/share/texlive/texmf-dist/tex/latex/opensans/opensans.sty
Package: opensans 2019/06/20 Style file for Open Sans.

(/usr/share/texlive/texmf-dist/tex/latex/fontaxes/fontaxes.sty
Package: fontaxes 2020/07/21 v1.0e Font selection axes
LaTeX Info: Redefining \upshape on input line 29.
LaTeX Info: Redefining \itshape on input line 31.
LaTeX Info: Redefining \slshape on input line 33.
LaTeX Info: Redefining \swshape on input line 35.
LaTeX Info: Redefining \scshape on input line 37.
LaTeX Info: Redefining \sscshape on input line 39.
LaTeX Info: Redefining \ulcshape on input line 41.
LaTeX Info: Redefining \textsw on input line 47.
LaTeX Info: Redefining \textssc on input line 48.
LaTeX Info: Redefining \textulc on input line 49.
)
(/usr/share/texlive/texmf-dist/tex/generic/iftex/ifluatex.sty
Package: ifluatex 2019/10/25 v1.5 ifluatex legacy package. Use iftex instead.
)
(/usr/share/texlive/texmf-dist/tex/generic/iftex/ifxetex.sty
Package: ifxetex 2019/10/25 v0.7 ifxetex legacy package. Use iftex instead.
)
(/usr/share/texlive/texmf-dist/tex/latex/xkeyval/xkeyval.sty
Package: xkeyval 2020/11/20 v2.8 package option processing (HA)

(/usr/share/texlive/texmf-dist/tex/generic/xkeyval/xkeyval.tex
(/usr/share/texlive/texmf-dist/tex/generic/xkeyval/xkvutils.tex
\XKV@toks=\toks44
\XKV@tempa@toks=\toks45
)
\XKV@depth=\count320
File: xkeyval.tex 2014/12/03 v2.7a key=value parser (HA)
)))
(/usr/share/texlive/texmf-dist/tex/latex/merriweather/merriweather.sty
Package: merriweather 2020/09/12 (Bob Tennent) Supports Merriweather(Sans) font
s for all LaTeX engines. 

(/usr/share/texlive/texmf-dist/tex/latex/base/textcomp.sty
Package: textcomp 2020/02/02 v2.0n Standard LaTeX package
)
(/usr/share/texlive/texmf-dist/tex/latex/base/fontenc.sty
Package: fontenc 2020/08/10 v2.0s Standard LaTeX package
LaTeX Font Info:    Trying to load font information for OT1+opensans-TLF on inp
ut line 112.

(/usr/share/texlive/texmf-dist/tex/latex/opensans/OT1opensans-TLF.fd
File: OT1opensans-TLF.fd 2019/06/24 Font definitions for OT1/opensans-TLF.
)
LaTeX Font Info:    Font shape `OT1/opensans-TLF/m/n' will be
(Font)              scaled to size 9.49997pt on input line 112.
))
(/usr/share/texlive/texmf-dist/tex/latex/beamer/beamerfontthemeserif.sty))
(/usr/share/texlive/texmf-dist/tex/latex/apacite/apacite.sty
Package: apacite 2013/07/21 v6.03 APA citation
\c@BibCnt=\count321
\bibleftmargin=\skip73
\bibindent=\skip74
\bibparsep=\skip75
\bibitemsep=\skip76
\biblabelsep=\skip77
)
(/usr/share/texlive/texmf-dist/tex/latex/natbib/natbib.sty
Package: natbib 2010/09/13 8.31b (PWD, AO)
\bibhang=\skip78
\bibsep=\skip79
LaTeX Info: Redefining \cite on input line 694.
\c@NAT@ctr=\count322
)
LaTeX Info: Redefining \BBA on input line 61.

(/usr/share/texlive/texmf-dist/tex/latex/newtx/newtxmath.sty
Package: newtxmath 2020/12/20 v1.640

`newtxmath' v1.640, 2020/12/20 Math macros based originally on txfonts (msharpe
) (/usr/share/texlive/texmf-dist/tex/latex/base/ifthen.sty
Package: ifthen 2014/09/29 v1.1c Standard LaTeX ifthen package (DPC)
)
(/usr/share/texlive/texmf-dist/tex/latex/oberdiek/centernot.sty
Package: centernot 2016/05/16 v1.4 Centers the not symbol horizontally (HO)
)
\tx@cntz=\count323

(/usr/share/texlive/texmf-dist/tex/generic/kastrup/binhex.tex)
\tx@Isdigit=\count324
\tx@IsAlNum=\count325
\tx@tA=\toks46
\tx@tB=\toks47
\tx@su=\read3
LaTeX Font Info:    Redeclaring symbol font `operators' on input line 360.
LaTeX Font Info:    Overwriting symbol font `operators' in version `normal'
(Font)                  OT1/cmr/m/n --> OT1/Merriwthr-OsF/m/n on input line 360
.
LaTeX Font Info:    Overwriting symbol font `operators' in version `bold'
(Font)                  OT1/cmr/bx/n --> OT1/Merriwthr-OsF/m/n on input line 36
0.
LaTeX Font Info:    Overwriting symbol font `operators' in version `bold'
(Font)                  OT1/Merriwthr-OsF/m/n --> OT1/Merriwthr-OsF/sb/n on inp
ut line 361.
LaTeX Font Info:    Redeclaring math alphabet \mathsf on input line 369.
LaTeX Font Info:    Overwriting math alphabet `\mathsf' in version `normal'
(Font)                  OT1/cmss/m/n --> OT1/opensans-TLF/m/n on input line 369
.
LaTeX Font Info:    Overwriting math alphabet `\mathsf' in version `bold'
(Font)                  OT1/cmss/bx/n --> OT1/opensans-TLF/m/n on input line 36
9.
LaTeX Font Info:    Redeclaring math alphabet \mathit on input line 370.
LaTeX Font Info:    Overwriting math alphabet `\mathit' in version `normal'
(Font)                  OT1/cmr/m/it --> OT1/Merriwthr-OsF/m/it on input line 3
70.
LaTeX Font Info:    Overwriting math alphabet `\mathit' in version `bold'
(Font)                  OT1/cmr/bx/it --> OT1/Merriwthr-OsF/m/it on input line 
370.
LaTeX Font Info:    Redeclaring math alphabet \mathtt on input line 371.
LaTeX Font Info:    Overwriting math alphabet `\mathtt' in version `normal'
(Font)                  OT1/cmtt/m/n --> OT1/cmtt/m/n on input line 371.
LaTeX Font Info:    Overwriting math alphabet `\mathtt' in version `bold'
(Font)                  OT1/cmtt/m/n --> OT1/cmtt/m/n on input line 371.
LaTeX Font Info:    Redeclaring math alphabet \mathbf on input line 373.
LaTeX Font Info:    Overwriting math alphabet `\mathbf' in version `normal'
(Font)                  OT1/cmr/bx/n --> OT1/Merriwthr-OsF/sb/n on input line 3
73.
LaTeX Font Info:    Overwriting math alphabet `\mathbf' in version `bold'
(Font)                  OT1/cmr/bx/n --> OT1/Merriwthr-OsF/sb/n on input line 3
73.
LaTeX Font Info:    Overwriting math alphabet `\mathit' in version `bold'
(Font)                  OT1/Merriwthr-OsF/m/it --> OT1/Merriwthr-OsF/sb/it on i
nput line 374.
LaTeX Font Info:    Overwriting math alphabet `\mathsf' in version `bold'
(Font)                  OT1/opensans-TLF/m/n --> OT1/opensans-TLF/b/n on input 
line 375.
LaTeX Font Info:    Overwriting math alphabet `\mathtt' in version `bold'
(Font)                  OT1/cmtt/m/n --> OT1/cmtt/b/n on input line 376.
LaTeX Font Info:    Redeclaring symbol font `letters' on input line 393.
LaTeX Font Info:    Overwriting symbol font `letters' in version `normal'
(Font)                  OML/cmm/m/it --> OML/nxlmi/m/it on input line 393.
LaTeX Font Info:    Overwriting symbol font `letters' in version `bold'
(Font)                  OML/cmm/b/it --> OML/nxlmi/m/it on input line 393.
LaTeX Font Info:    Overwriting symbol font `letters' in version `bold'
(Font)                  OML/nxlmi/m/it --> OML/nxlmi/b/it on input line 394.
\symlettersA=\mathgroup6
LaTeX Font Info:    Overwriting symbol font `lettersA' in version `bold'
(Font)                  U/ntxmia/m/it --> U/ntxmia/b/it on input line 542.
LaTeX Font Info:    Redeclaring math alphabet \mathfrak on input line 544.
Now handling font encoding LMS ...
... no UTF-8 mapping file for font encoding LMS
LaTeX Font Info:    Redeclaring symbol font `symbols' on input line 563.
LaTeX Font Info:    Encoding `OMS' has changed to `LMS' for symbol font
(Font)              `symbols' in the math version `normal' on input line 563.
LaTeX Font Info:    Overwriting symbol font `symbols' in version `normal'
(Font)                  OMS/cmsy/m/n --> LMS/ntxsy/m/n on input line 563.
LaTeX Font Info:    Encoding `OMS' has changed to `LMS' for symbol font
(Font)              `symbols' in the math version `bold' on input line 563.
LaTeX Font Info:    Overwriting symbol font `symbols' in version `bold'
(Font)                  OMS/cmsy/b/n --> LMS/ntxsy/m/n on input line 563.
LaTeX Font Info:    Overwriting symbol font `symbols' in version `bold'
(Font)                  LMS/ntxsy/m/n --> LMS/ntxsy/b/n on input line 564.
\symAMSm=\mathgroup7
LaTeX Font Info:    Overwriting symbol font `AMSm' in version `bold'
(Font)                  U/ntxsym/m/n --> U/ntxsym/b/n on input line 587.
\symsymbolsC=\mathgroup8
LaTeX Font Info:    Overwriting symbol font `symbolsC' in version `bold'
(Font)                  U/ntxsyc/m/n --> U/ntxsyc/b/n on input line 608.
Now handling font encoding LMX ...
... no UTF-8 mapping file for font encoding LMX
LaTeX Font Info:    Redeclaring symbol font `largesymbols' on input line 621.
LaTeX Font Info:    Encoding `OMX' has changed to `LMX' for symbol font
(Font)              `largesymbols' in the math version `normal' on input line 6
21.
LaTeX Font Info:    Overwriting symbol font `largesymbols' in version `normal'
(Font)                  OMX/cmex/m/n --> LMX/ntxexx/m/n on input line 621.
LaTeX Font Info:    Encoding `OMX' has changed to `LMX' for symbol font
(Font)              `largesymbols' in the math version `bold' on input line 621
.
LaTeX Font Info:    Overwriting symbol font `largesymbols' in version `bold'
(Font)                  OMX/cmex/m/n --> LMX/ntxexx/m/n on input line 621.
LaTeX Font Info:    Overwriting symbol font `largesymbols' in version `bold'
(Font)                  LMX/ntxexx/m/n --> LMX/ntxexx/b/n on input line 622.
\symlargesymbolsTXA=\mathgroup9
LaTeX Font Info:    Overwriting symbol font `largesymbolsTXA' in version `bold'

(Font)                  U/ntxexa/m/n --> U/ntxexa/b/n on input line 636.
\tx@sbptoks=\toks48
LaTeX Font Info:    Redeclaring math delimiter \lfloor on input line 858.
LaTeX Font Info:    Redeclaring math delimiter \rfloor on input line 859.
LaTeX Font Info:    Redeclaring math delimiter \lceil on input line 860.
LaTeX Font Info:    Redeclaring math delimiter \rceil on input line 861.
LaTeX Font Info:    Redeclaring math delimiter \lbrace on input line 862.
LaTeX Font Info:    Redeclaring math delimiter \rbrace on input line 863.
LaTeX Font Info:    Redeclaring math delimiter \langle on input line 864.
LaTeX Font Info:    Redeclaring math delimiter \rangle on input line 866.
LaTeX Font Info:    Redeclaring math delimiter \arrowvert on input line 870.
LaTeX Font Info:    Redeclaring math delimiter \vert on input line 871.
LaTeX Font Info:    Redeclaring math accent \dot on input line 942.
LaTeX Font Info:    Redeclaring math accent \ddot on input line 943.
LaTeX Font Info:    Redeclaring math accent \vec on input line 2006.
LaTeX Font Info:    Redeclaring math symbol \imathscr on input line 2646.
LaTeX Font Info:    Redeclaring math symbol \jmathscr on input line 2647.
LaTeX Info: Redefining \Bbbk on input line 2780.
LaTeX Info: Redefining \not on input line 2929.
LaTeX Info: Redefining \textsquare on input line 2959.
LaTeX Info: Redefining \openbox on input line 2961.
)
(/usr/share/texlive/texmf-dist/tex/latex/fancybox/fancybox.sty
Package: fancybox 2010/05/15 1.4

Style option: `fancybox' v1.4 <2010/05/15> (tvz)
\@fancybox=\box72
\shadowsize=\dimen288
\@Sbox=\box73
\do@VerbBox=\toks49
\the@fancyput=\toks50
\this@fancyput=\toks51
\EndVerbatimTokens=\toks52
\Verbatim@Outfile=\write5
\Verbatim@Infile=\read4
) (/usr/share/texlive/texmf-dist/tex/latex/booktabs/booktabs.sty
Package: booktabs 2020/01/12 v1.61803398 Publication quality tables
\heavyrulewidth=\dimen289
\lightrulewidth=\dimen290
\cmidrulewidth=\dimen291
\belowrulesep=\dimen292
\belowbottomsep=\dimen293
\aboverulesep=\dimen294
\abovetopsep=\dimen295
\cmidrulesep=\dimen296
\cmidrulekern=\dimen297
\defaultaddspace=\dimen298
\@cmidla=\count326
\@cmidlb=\count327
\@aboverulesep=\dimen299
\@belowrulesep=\dimen300
\@thisruleclass=\count328
\@lastruleclass=\count329
\@thisrulewidth=\dimen301
)
(/usr/share/texlive/texmf-dist/tex/latex/relsize/relsize.sty
Package: relsize 2013/03/29 ver 4.1
)
(/usr/share/texlive/texmf-dist/tex/latex/upquote/upquote.sty
Package: upquote 2012/04/19 v1.3 upright-quote and grave-accent glyphs in verba
tim
)
(/usr/share/texlive/texmf-dist/tex/latex/l3backend/l3backend-pdftex.def
File: l3backend-pdftex.def 2020-01-29 L3 backend support: PDF output (pdfTeX)
\l__color_backend_stack_int=\count330
\l__pdf_internal_box=\box74
)
(./sem_mediation.aux)
\openout1 = `sem_mediation.aux'.

LaTeX Font Info:    Checking defaults for OML/nxlmi/m/it on input line 77.
LaTeX Font Info:    Trying to load font information for OML+nxlmi on input line
 77.

(/usr/share/texlive/texmf-dist/tex/latex/newtx/omlnxlmi.fd
File: omlnxlmi.fd 2013/11/19 Fontinst v1.933 font definitions for OML/nxlmi.
)
LaTeX Font Info:    ... okay on input line 77.
LaTeX Font Info:    Checking defaults for OMS/cmsy/m/n on input line 77.
LaTeX Font Info:    ... okay on input line 77.
LaTeX Font Info:    Checking defaults for OT1/cmr/m/n on input line 77.
LaTeX Font Info:    ... okay on input line 77.
LaTeX Font Info:    Checking defaults for T1/cmr/m/n on input line 77.
LaTeX Font Info:    ... okay on input line 77.
LaTeX Font Info:    Checking defaults for TS1/cmr/m/n on input line 77.
LaTeX Font Info:    ... okay on input line 77.
LaTeX Font Info:    Checking defaults for OMX/cmex/m/n on input line 77.
LaTeX Font Info:    ... okay on input line 77.
LaTeX Font Info:    Checking defaults for U/ntxexa/m/n on input line 77.
LaTeX Font Info:    Trying to load font information for U+ntxexa on input line 
77.

(/usr/share/texlive/texmf-dist/tex/latex/newtx/untxexa.fd
File: untxexa.fd 2012/04/16 Fontinst v1.933 font definitions for U/ntxexa.
)
LaTeX Font Info:    ... okay on input line 77.
LaTeX Font Info:    Checking defaults for PD1/pdf/m/n on input line 77.
LaTeX Font Info:    ... okay on input line 77.
LaTeX Font Info:    Checking defaults for LMS/ntxsy/m/n on input line 77.
LaTeX Font Info:    Trying to load font information for LMS+ntxsy on input line
 77.

(/usr/share/texlive/texmf-dist/tex/latex/newtx/lmsntxsy.fd
File: lmsntxsy.fd 2016/07/02 Fontinst v1.933 font definitions for LMS/ntxsy.
)
LaTeX Font Info:    ... okay on input line 77.
LaTeX Font Info:    Checking defaults for LMX/ntxexx/m/n on input line 77.
LaTeX Font Info:    Trying to load font information for LMX+ntxexx on input lin
e 77.

(/usr/share/texlive/texmf-dist/tex/latex/newtx/lmxntxexx.fd
File: lmxntxexx.fd 2016/07/03 Fontinst v1.933 font definitions for LMX/ntxexx.
)
LaTeX Font Info:    ... okay on input line 77.

*geometry* driver: auto-detecting
*geometry* detected driver: pdftex
*geometry* verbose mode - [ preamble ] result:
* driver: pdftex
* paper: custom
* layout: <same size as paper>
* layoutoffset:(h,v)=(0.0pt,0.0pt)
* modes: includehead includefoot 
* h-part:(L,W,R)=(21.85083pt, 320.4937pt, 21.85083pt)
* v-part:(T,H,B)=(0.0pt, 273.14662pt, 0.0pt)
* \paperwidth=364.19536pt
* \paperheight=273.14662pt
* \textwidth=320.4937pt
* \textheight=244.6939pt
* \oddsidemargin=-50.41916pt
* \evensidemargin=-50.41916pt
* \topmargin=-72.26999pt
* \headheight=14.22636pt
* \headsep=0.0pt
* \topskip=10.0pt
* \footskip=14.22636pt
* \marginparwidth=3.0pt
* \marginparsep=11.0pt
* \columnsep=10.0pt
* \skip\footins=9.0pt plus 4.0pt minus 2.0pt
* \hoffset=0.0pt
* \voffset=0.0pt
* \mag=1000
* \@twocolumnfalse
* \@twosidefalse
* \@mparswitchfalse
* \@reversemarginfalse
* (1in=72.27pt=25.4mm, 1cm=28.453pt)

(/usr/share/texlive/texmf-dist/tex/context/base/mkii/supp-pdf.mkii
[Loading MPS to PDF converter (version 2006.09.02).]
\scratchcounter=\count331
\scratchdimen=\dimen302
\scratchbox=\box75
\nofMPsegments=\count332
\nofMParguments=\count333
\everyMPshowfont=\toks53
\MPscratchCnt=\count334
\MPscratchDim=\dimen303
\MPnumerator=\count335
\makeMPintoPDFobject=\count336
\everyMPtoPDFconversion=\toks54
) (/usr/share/texlive/texmf-dist/tex/latex/epstopdf-pkg/epstopdf-base.sty
Package: epstopdf-base 2020-01-24 v2.11 Base part for package epstopdf
Package epstopdf-base Info: Redefining graphics rule for `.eps' on input line 4
85.

(/usr/share/texlive/texmf-dist/tex/latex/latexconfig/epstopdf-sys.cfg
File: epstopdf-sys.cfg 2010/07/13 v1.3 Configuration of (r)epstopdf for TeX Liv
e
))
Package hyperref Info: Link coloring OFF on input line 77.

(/usr/share/texlive/texmf-dist/tex/latex/hyperref/nameref.sty
Package: nameref 2019/09/16 v2.46 Cross-referencing by name of section

(/usr/share/texlive/texmf-dist/tex/latex/refcount/refcount.sty
Package: refcount 2019/12/15 v3.6 Data extraction from label references (HO)
)
(/usr/share/texlive/texmf-dist/tex/generic/gettitlestring/gettitlestring.sty
Package: gettitlestring 2019/12/15 v1.6 Cleanup title references (HO)
)
\c@section@level=\count337
)
LaTeX Info: Redefining \ref on input line 77.
LaTeX Info: Redefining \pageref on input line 77.
LaTeX Info: Redefining \nameref on input line 77.

(./sem_mediation.out) (./sem_mediation.out)
\@outlinefile=\write6
\openout6 = `sem_mediation.out'.

\symnumbers=\mathgroup10
\sympureletters=\mathgroup11
LaTeX Font Info:    Overwriting math alphabet `\mathrm' in version `normal'
(Font)                  OT1/Merriwthr-OsF/m/n --> OT1/Merriwthr-OsF/m/n on inpu
t line 77.
LaTeX Font Info:    Redeclaring math alphabet \mathbf on input line 77.
LaTeX Font Info:    Overwriting math alphabet `\mathbf' in version `normal'
(Font)                  OT1/Merriwthr-OsF/sb/n --> OT1/Merriwthr-OsF/b/n on inp
ut line 77.
LaTeX Font Info:    Overwriting math alphabet `\mathbf' in version `bold'
(Font)                  OT1/Merriwthr-OsF/sb/n --> OT1/Merriwthr-OsF/b/n on inp
ut line 77.
LaTeX Font Info:    Redeclaring math alphabet \mathsf on input line 77.
LaTeX Font Info:    Overwriting math alphabet `\mathsf' in version `normal'
(Font)                  OT1/opensans-TLF/m/n --> OT1/opensans-TLF/m/n on input 
line 77.
LaTeX Font Info:    Overwriting math alphabet `\mathsf' in version `bold'
(Font)                  OT1/opensans-TLF/b/n --> OT1/opensans-TLF/m/n on input 
line 77.
LaTeX Font Info:    Redeclaring math alphabet \mathit on input line 77.
LaTeX Font Info:    Overwriting math alphabet `\mathit' in version `normal'
(Font)                  OT1/Merriwthr-OsF/m/it --> OT1/Merriwthr-OsF/m/it on in
put line 77.
LaTeX Font Info:    Overwriting math alphabet `\mathit' in version `bold'
(Font)                  OT1/Merriwthr-OsF/sb/it --> OT1/Merriwthr-OsF/m/it on i
nput line 77.
LaTeX Font Info:    Redeclaring math alphabet \mathtt on input line 77.
LaTeX Font Info:    Overwriting math alphabet `\mathtt' in version `normal'
(Font)                  OT1/cmtt/m/n --> OT1/cmtt/m/n on input line 77.
LaTeX Font Info:    Overwriting math alphabet `\mathtt' in version `bold'
(Font)                  OT1/cmtt/b/n --> OT1/cmtt/m/n on input line 77.
LaTeX Font Info:    Overwriting symbol font `numbers' in version `bold'
(Font)                  OT1/Merriwthr-OsF/m/n --> OT1/Merriwthr-OsF/b/n on inpu
t line 77.
LaTeX Font Info:    Overwriting symbol font `pureletters' in version `bold'
(Font)                  OT1/Merriwthr-OsF/m/it --> OT1/Merriwthr-OsF/b/it on in
put line 77.
LaTeX Font Info:    Overwriting math alphabet `\mathrm' in version `bold'
(Font)                  OT1/Merriwthr-OsF/sb/n --> OT1/Merriwthr-OsF/b/n on inp
ut line 77.
LaTeX Font Info:    Overwriting math alphabet `\mathbf' in version `bold'
(Font)                  OT1/Merriwthr-OsF/b/n --> OT1/Merriwthr-OsF/b/n on inpu
t line 77.
LaTeX Font Info:    Overwriting math alphabet `\mathsf' in version `bold'
(Font)                  OT1/opensans-TLF/m/n --> OT1/opensans-TLF/b/n on input 
line 77.
LaTeX Font Info:    Overwriting math alphabet `\mathit' in version `bold'
(Font)                  OT1/Merriwthr-OsF/m/it --> OT1/Merriwthr-OsF/b/it on in
put line 77.
LaTeX Font Info:    Overwriting math alphabet `\mathtt' in version `bold'
(Font)                  OT1/cmtt/m/n --> OT1/cmtt/b/n on input line 77.

(/usr/share/texlive/texmf-dist/tex/latex/translator/translator-basic-dictionary
-English.dict
Dictionary: translator-basic-dictionary, Language: English 
)
(/usr/share/texlive/texmf-dist/tex/latex/translator/translator-bibliography-dic
tionary-English.dict
Dictionary: translator-bibliography-dictionary, Language: English 
)
(/usr/share/texlive/texmf-dist/tex/latex/translator/translator-environment-dict
ionary-English.dict
Dictionary: translator-environment-dictionary, Language: English 
)
(/usr/share/texlive/texmf-dist/tex/latex/translator/translator-months-dictionar
y-English.dict
Dictionary: translator-months-dictionary, Language: English 
)
(/usr/share/texlive/texmf-dist/tex/latex/translator/translator-numbers-dictiona
ry-English.dict
Dictionary: translator-numbers-dictionary, Language: English 
)
(/usr/share/texlive/texmf-dist/tex/latex/translator/translator-theorem-dictiona
ry-English.dict
Dictionary: translator-theorem-dictionary, Language: English 
)
\c@mv@tabular=\count338
\c@mv@boldtabular=\count339
\c@maskedRefs=\count340
 (/usr/share/texlive/texmf-dist/tex/latex/apacite/english.apc
File: english.apc 2013/07/21 v6.03 apacite language file
LaTeX Info: Redefining \BPBI on input line 129.
LaTeX Info: Redefining \BHBI on input line 130.
)
(./sem_mediation.nav)
LaTeX Font Info:    Font shape `OT1/opensans-TLF/m/n' will be
(Font)              scaled to size 4.74998pt on input line 77.
LaTeX Font Info:    Font shape `OT1/opensans-TLF/m/n' will be
(Font)              scaled to size 13.67995pt on input line 85.
LaTeX Font Info:    Trying to load font information for OT1+Merriwthr-OsF on in
put line 85.

(/usr/share/texlive/texmf-dist/tex/latex/merriweather/OT1Merriwthr-OsF.fd
File: OT1Merriwthr-OsF.fd 2020/08/30 (autoinst) Font definitions for OT1/Merriw
thr-OsF.
)
LaTeX Font Info:    Font shape `OT1/Merriwthr-OsF/m/n' will be
(Font)              scaled to size 14.4pt on input line 85.
LaTeX Font Info:    Font shape `OT1/Merriwthr-OsF/m/n' will be
(Font)              scaled to size 10.0pt on input line 85.
<images/logoUU.png, id=41, 324.7332pt x 128.1588pt>
File: images/logoUU.png Graphic file (type png)
<use images/logoUU.png>
Package pdftex.def Info: images/logoUU.png  used on input line 85.
(pdftex.def)             Requested size: 227.31169pt x 89.71054pt.

Overfull \hbox (67.06485pt too wide) in paragraph at lines 85--85
 [][] 
 []

LaTeX Font Info:    Font shape `OT1/Merriwthr-OsF/m/n' will be
(Font)              scaled to size 7.3pt on input line 85.
LaTeX Font Info:    Font shape `OT1/Merriwthr-OsF/m/n' will be
(Font)              scaled to size 5.5pt on input line 85.
LaTeX Font Info:    Trying to load font information for U+msa on input line 85.

(/usr/share/texlive/texmf-dist/tex/latex/amsfonts/umsa.fd
File: umsa.fd 2013/01/14 v3.01 AMS symbols A
)
LaTeX Font Info:    Trying to load font information for U+msb on input line 85.


(/usr/share/texlive/texmf-dist/tex/latex/amsfonts/umsb.fd
File: umsb.fd 2013/01/14 v3.01 AMS symbols B
)
LaTeX Font Info:    Trying to load font information for U+ntxmia on input line 
85.

(/usr/share/texlive/texmf-dist/tex/latex/newtx/untxmia.fd
File: untxmia.fd 2018/04/14 Fontinst v1.933 font definitions for U/ntxmia.
)
LaTeX Font Info:    Trying to load font information for U+ntxsym on input line 
85.

(/usr/share/texlive/texmf-dist/tex/latex/newtx/untxsym.fd
File: untxsym.fd 2015/03/20 Fontinst v1.933 font definitions for U/ntxsym.
)
LaTeX Font Info:    Trying to load font information for U+ntxsyc on input line 
85.

(/usr/share/texlive/texmf-dist/tex/latex/newtx/untxsyc.fd
File: untxsyc.fd 2012/04/12 Fontinst v1.933 font definitions for U/ntxsyc.
)
LaTeX Font Info:    Font shape `OT1/Merriwthr-OsF/m/it' will be
(Font)              scaled to size 10.0pt on input line 85.
LaTeX Font Info:    Font shape `OT1/Merriwthr-OsF/m/it' will be
(Font)              scaled to size 7.3pt on input line 85.
LaTeX Font Info:    Font shape `OT1/Merriwthr-OsF/m/it' will be
(Font)              scaled to size 5.5pt on input line 85.
LaTeX Font Info:    Font shape `OT1/opensans-TLF/m/n' will be
(Font)              scaled to size 6.64998pt on input line 85.
 [1

{/var/lib/texmf/fonts/map/pdftex/updmap/pdftex.map} </usr/local/share/texmf/tex
/latex/beamer-utrecht/images/logoUU.png>] (./sem_mediation.toc
LaTeX Font Info:    Font shape `OT1/opensans-TLF/m/n' will be
(Font)              scaled to size 7.59998pt on input line 6.
)
LaTeX Font Info:    Font shape `OT1/opensans-TLF/m/n' will be
(Font)              scaled to size 3.79999pt on input line 91.
<images/watermarkUU.png, id=60, 66.2475pt x 67.2111pt>
File: images/watermarkUU.png Graphic file (type png)
<use images/watermarkUU.png>
Package pdftex.def Info: images/watermarkUU.png  used on input line 91.
(pdftex.def)             Requested size: 98.56534pt x 100.0pt.

Overfull \hbox (0.82268pt too wide) has occurred while \output is active
[][] []
 []

[2

 </usr/local/share/texmf/tex/latex/beamer-utrecht/images/watermarkUU.png>]
LaTeX Font Info:    Font shape `OT1/opensans-TLF/m/n' will be
(Font)              scaled to size 8.54997pt on input line 114.
LaTeX Font Info:    Font shape `OT1/Merriwthr-OsF/m/n' will be
(Font)              scaled to size 9.0pt on input line 114.
LaTeX Font Info:    Font shape `OT1/Merriwthr-OsF/m/it' will be
(Font)              scaled to size 9.0pt on input line 114.


pdfTeX warning: pdflatex (file ./figures/3_factor_cfa.pdf): PDF inclusion: foun
d PDF version <1.7>, but at most version <1.5> allowed
<figures/3_factor_cfa.pdf, id=75, 1024.30678pt x 341.35529pt>
File: figures/3_factor_cfa.pdf Graphic file (type pdf)
<use figures/3_factor_cfa.pdf>
Package pdftex.def Info: figures/3_factor_cfa.pdf  used on input line 114.
(pdftex.def)             Requested size: 256.39594pt x 85.44278pt.

Overfull \hbox (0.82268pt too wide) has occurred while \output is active
[][] []
 []

[3

 <./figures/3_factor_cfa.pdf>]

pdfTeX warning: pdflatex (file ./figures/simple_sem_diagram.pdf): PDF inclusion
: found PDF version <1.7>, but at most version <1.5> allowed
<figures/simple_sem_diagram.pdf, id=88, 853.50871pt x 853.50871pt>
File: figures/simple_sem_diagram.pdf Graphic file (type pdf)
<use figures/simple_sem_diagram.pdf>
Package pdftex.def Info: figures/simple_sem_diagram.pdf  used on input line 131
.
(pdftex.def)             Requested size: 192.29817pt x 192.29164pt.
LaTeX Font Info:    Font shape `OT1/Merriwthr-OsF/m/n' will be
(Font)              scaled to size 10.5pt on input line 131.
LaTeX Font Info:    Font shape `OT1/Merriwthr-OsF/m/n' will be
(Font)              scaled to size 7.9pt on input line 131.
LaTeX Font Info:    Font shape `OT1/Merriwthr-OsF/m/it' will be
(Font)              scaled to size 14.4pt on input line 131.
LaTeX Font Info:    Font shape `OT1/Merriwthr-OsF/m/it' will be
(Font)              scaled to size 10.5pt on input line 131.
LaTeX Font Info:    Font shape `OT1/Merriwthr-OsF/m/it' will be
(Font)              scaled to size 7.9pt on input line 131.

Overfull \vbox (31.65837pt too high) detected at line 131
 []


Overfull \hbox (0.82268pt too wide) has occurred while \output is active
[][] []
 []

[4

 <./figures/simple_sem_diagram.pdf>]
\openout4 = `sem_mediation.vrb'.

 (./sem_mediation.vrb
LaTeX Font Info:    Font shape `OT1/cmtt/bx/n' in size <8> not available
(Font)              Font shape `OT1/cmtt/m/n' tried instead on input line 8.
)
Overfull \hbox (0.82268pt too wide) has occurred while \output is active
[][] []
 []

[5

]
\openout4 = `sem_mediation.vrb'.

 (./sem_mediation.vrb)
Overfull \vbox (6.1404pt too high) detected at line 202
 []


Overfull \hbox (0.82268pt too wide) has occurred while \output is active
[][] []
 []

[6

]
\openout4 = `sem_mediation.vrb'.

 (./sem_mediation.vrb)
Overfull \hbox (0.82268pt too wide) has occurred while \output is active
[][] []
 []

[7

]
\openout4 = `sem_mediation.vrb'.

 (./sem_mediation.vrb)
Overfull \vbox (6.1404pt too high) detected at line 261
 []


Overfull \hbox (0.82268pt too wide) has occurred while \output is active
[][] []
 []

[8

]
\openout4 = `sem_mediation.vrb'.

 (./sem_mediation.vrb)
Overfull \vbox (6.1404pt too high) detected at line 297
 []


Overfull \hbox (0.82268pt too wide) has occurred while \output is active
[][] []
 []

[9

]
\openout4 = `sem_mediation.vrb'.

 (./sem_mediation.vrb)
Overfull \hbox (0.82268pt too wide) has occurred while \output is active
[][] []
 []

[10

]
\openout4 = `sem_mediation.vrb'.

 (./sem_mediation.vrb)
Overfull \vbox (6.1404pt too high) detected at line 366
 []


Overfull \hbox (0.82268pt too wide) has occurred while \output is active
[][] []
 []

[11

]
\openout4 = `sem_mediation.vrb'.

 (./sem_mediation.vrb)
Overfull \hbox (0.82268pt too wide) has occurred while \output is active
[][] []
 []

[12

]
\openout4 = `sem_mediation.vrb'.

 (./sem_mediation.vrb)
Overfull \vbox (6.1404pt too high) detected at line 428
 []


Overfull \hbox (0.82268pt too wide) has occurred while \output is active
[][] []
 []

[13

]
\openout4 = `sem_mediation.vrb'.

 (./sem_mediation.vrb)
Overfull \vbox (6.1404pt too high) detected at line 464
 []


Overfull \hbox (0.82268pt too wide) has occurred while \output is active
[][] []
 []

[14

]
File: images/watermarkUU.png Graphic file (type png)
<use images/watermarkUU.png>
Package pdftex.def Info: images/watermarkUU.png  used on input line 487.
(pdftex.def)             Requested size: 98.56534pt x 100.0pt.

Overfull \hbox (0.82268pt too wide) has occurred while \output is active
[][] []
 []

[15

]
LaTeX Font Info:    Font shape `OT1/opensans-TLF/m/n' will be
(Font)              scaled to size 19.70294pt on input line 491.
LaTeX Font Info:    Font shape `OT1/Merriwthr-OsF/m/n' will be
(Font)              scaled to size 20.74pt on input line 491.
LaTeX Font Info:    Font shape `OT1/Merriwthr-OsF/m/sc' will be
(Font)              scaled to size 20.74pt on input line 491.
File: images/watermarkUU.png Graphic file (type png)
<use images/watermarkUU.png>
Package pdftex.def Info: images/watermarkUU.png  used on input line 491.
(pdftex.def)             Requested size: 98.56534pt x 100.0pt.

Overfull \hbox (0.82268pt too wide) has occurred while \output is active
[][] []
 []

[16

]
LaTeX Font Info:    Font shape `OT1/opensans-TLF/m/it' will be
(Font)              scaled to size 9.49997pt on input line 507.
File: images/watermarkUU.png Graphic file (type png)
<use images/watermarkUU.png>
Package pdftex.def Info: images/watermarkUU.png  used on input line 507.
(pdftex.def)             Requested size: 98.56534pt x 100.0pt.

Overfull \hbox (0.82268pt too wide) has occurred while \output is active
[][] []
 []

[17

]
File: images/watermarkUU.png Graphic file (type png)
<use images/watermarkUU.png>
Package pdftex.def Info: images/watermarkUU.png  used on input line 525.
(pdftex.def)             Requested size: 98.56534pt x 100.0pt.

Overfull \hbox (0.82268pt too wide) has occurred while \output is active
[][] []
 []

[18

]

pdfTeX warning: pdflatex (file ./figures/focalEffectDiagram.pdf): PDF inclusion
: found PDF version <1.7>, but at most version <1.5> allowed
<figures/focalEffectDiagram.pdf, id=177, 1024.30678pt x 341.35529pt>
File: figures/focalEffectDiagram.pdf Graphic file (type pdf)
<use figures/focalEffectDiagram.pdf>
Package pdftex.def Info: figures/focalEffectDiagram.pdf  used on input line 545
.
(pdftex.def)             Requested size: 320.4937pt x 106.80347pt.
File: images/watermarkUU.png Graphic file (type png)
<use images/watermarkUU.png>
Package pdftex.def Info: images/watermarkUU.png  used on input line 545.
(pdftex.def)             Requested size: 98.56534pt x 100.0pt.

Overfull \hbox (0.82268pt too wide) has occurred while \output is active
[][] []
 []

[19

 <./figures/focalEffectDiagram.pdf>]
<figures/mediationDiagram.pdf, id=191, 963.6pt x 542.025pt>
File: figures/mediationDiagram.pdf Graphic file (type pdf)
<use figures/mediationDiagram.pdf>
Package pdftex.def Info: figures/mediationDiagram.pdf  used on input line 566.
(pdftex.def)             Requested size: 256.39594pt x 144.22314pt.

Overfull \hbox (0.82268pt too wide) has occurred while \output is active
[][] []
 []

[20

 <./figures/mediationDiagram.pdf>]
<figures/moderationDiagram.pdf, id=202, 963.6pt x 542.025pt>
File: figures/moderationDiagram.pdf Graphic file (type pdf)
<use figures/moderationDiagram.pdf>
Package pdftex.def Info: figures/moderationDiagram.pdf  used on input line 589.

(pdftex.def)             Requested size: 256.39594pt x 144.22314pt.

Overfull \vbox (19.58987pt too high) detected at line 589
 []


Overfull \hbox (0.82268pt too wide) has occurred while \output is active
[][] []
 []

[21

 <./figures/moderationDiagram.pdf>]
File: images/watermarkUU.png Graphic file (type png)
<use images/watermarkUU.png>
Package pdftex.def Info: images/watermarkUU.png  used on input line 603.
(pdftex.def)             Requested size: 98.56534pt x 100.0pt.

Overfull \hbox (0.82268pt too wide) has occurred while \output is active
[][] []
 []

[22

]

pdfTeX warning: pdflatex (file ./figures/simpleMediationPathDiagram.pdf): PDF i
nclusion: found PDF version <1.7>, but at most version <1.5> allowed
<figures/simpleMediationPathDiagram.pdf, id=218, 963.6pt x 542.025pt>
File: figures/simpleMediationPathDiagram.pdf Graphic file (type pdf)
<use figures/simpleMediationPathDiagram.pdf>
Package pdftex.def Info: figures/simpleMediationPathDiagram.pdf  used on input 
line 737.
(pdftex.def)             Requested size: 320.4937pt x 180.2748pt.

Overfull \hbox (0.82268pt too wide) has occurred while \output is active
[][] []
 []

[23

 <./figures/simpleMediationPathDiagram.pdf>]
File: images/watermarkUU.png Graphic file (type png)
<use images/watermarkUU.png>
Package pdftex.def Info: images/watermarkUU.png  used on input line 761.
(pdftex.def)             Requested size: 98.56534pt x 100.0pt.

Overfull \hbox (0.82268pt too wide) has occurred while \output is active
[][] []
 []

[24

]
File: images/watermarkUU.png Graphic file (type png)
<use images/watermarkUU.png>
Package pdftex.def Info: images/watermarkUU.png  used on input line 794.
(pdftex.def)             Requested size: 98.56534pt x 100.0pt.

Overfull \hbox (0.82268pt too wide) has occurred while \output is active
[][] []
 []

[25

]
File: images/watermarkUU.png Graphic file (type png)
<use images/watermarkUU.png>
Package pdftex.def Info: images/watermarkUU.png  used on input line 826.
(pdftex.def)             Requested size: 98.56534pt x 100.0pt.

Overfull \hbox (0.82268pt too wide) has occurred while \output is active
[][] []
 []

[26

]

pdfTeX warning: pdflatex (file ./figures/adamsKlpsExample1_two_models.pdf): PDF
 inclusion: found PDF version <1.7>, but at most version <1.5> allowed
<figures/adamsKlpsExample1_two_models.pdf, id=266, 963.6pt x 542.025pt>
File: figures/adamsKlpsExample1_two_models.pdf Graphic file (type pdf)
<use figures/adamsKlpsExample1_two_models.pdf>
Package pdftex.def Info: figures/adamsKlpsExample1_two_models.pdf  used on inpu
t line 838.
(pdftex.def)             Requested size: 256.39594pt x 144.22314pt.

Overfull \hbox (0.82268pt too wide) has occurred while \output is active
[][] []
 []

[27

 <./figures/adamsKlpsExample1_two_models.pdf>]
\openout4 = `sem_mediation.vrb'.

 (./sem_mediation.vrb)
Overfull \hbox (0.82268pt too wide) has occurred while \output is active
[][] []
 []

[28

]
\openout4 = `sem_mediation.vrb'.

 (./sem_mediation.vrb)
Overfull \hbox (0.82268pt too wide) has occurred while \output is active
[][] []
 []

[29

]
\openout4 = `sem_mediation.vrb'.

 (./sem_mediation.vrb)
Overfull \hbox (0.82268pt too wide) has occurred while \output is active
[][] []
 []

[30

]
\openout4 = `sem_mediation.vrb'.

 (./sem_mediation.vrb)
Overfull \hbox (0.82268pt too wide) has occurred while \output is active
[][] []
 []

[31

]
\openout4 = `sem_mediation.vrb'.

 (./sem_mediation.vrb)
Overfull \hbox (0.82268pt too wide) has occurred while \output is active
[][] []
 []

[32

]
\openout4 = `sem_mediation.vrb'.

 (./sem_mediation.vrb)
Overfull \hbox (0.82268pt too wide) has occurred while \output is active
[][] []
 []

[33

]
File: images/watermarkUU.png Graphic file (type png)
<use images/watermarkUU.png>
Package pdftex.def Info: images/watermarkUU.png  used on input line 1052.
(pdftex.def)             Requested size: 98.56534pt x 100.0pt.

Overfull \hbox (0.82268pt too wide) has occurred while \output is active
[][] []
 []

[34

]
\openout4 = `sem_mediation.vrb'.

 (./sem_mediation.vrb)
Overfull \hbox (0.82268pt too wide) has occurred while \output is active
[][] []
 []

[35

]
File: figures/simpleMediationPathDiagram.pdf Graphic file (type pdf)
<use figures/simpleMediationPathDiagram.pdf>
Package pdftex.def Info: figures/simpleMediationPathDiagram.pdf  used on input 
line 1100.
(pdftex.def)             Requested size: 320.4937pt x 180.2748pt.

Overfull \hbox (0.82268pt too wide) has occurred while \output is active
[][] []
 []

[36

]
File: images/watermarkUU.png Graphic file (type png)
<use images/watermarkUU.png>
Package pdftex.def Info: images/watermarkUU.png  used on input line 1159.
(pdftex.def)             Requested size: 98.56534pt x 100.0pt.

Overfull \hbox (0.82268pt too wide) has occurred while \output is active
[][] []
 []

[37

]
File: images/watermarkUU.png Graphic file (type png)
<use images/watermarkUU.png>
Package pdftex.def Info: images/watermarkUU.png  used on input line 1159.
(pdftex.def)             Requested size: 98.56534pt x 100.0pt.

Overfull \hbox (0.82268pt too wide) has occurred while \output is active
[][] []
 []

[38

]
LaTeX Font Info:    Font shape `OT1/Merriwthr-OsF/m/sc' will be
(Font)              scaled to size 10.0pt on input line 1172.
File: figures/simpleMediationPathDiagram.pdf Graphic file (type pdf)
<use figures/simpleMediationPathDiagram.pdf>
Package pdftex.def Info: figures/simpleMediationPathDiagram.pdf  used on input 
line 1172.
(pdftex.def)             Requested size: 256.39594pt x 144.22314pt.

Overfull \hbox (0.82268pt too wide) has occurred while \output is active
[][] []
 []

[39

]

pdfTeX warning: pdflatex (file ./figures/mediationTriadPathDiagram.pdf): PDF in
clusion: found PDF version <1.7>, but at most version <1.5> allowed
<figures/mediationTriadPathDiagram.pdf, id=357, 1024.30678pt x 341.35529pt>
File: figures/mediationTriadPathDiagram.pdf Graphic file (type pdf)
<use figures/mediationTriadPathDiagram.pdf>
Package pdftex.def Info: figures/mediationTriadPathDiagram.pdf  used on input l
ine 1184.
(pdftex.def)             Requested size: 256.39594pt x 85.44278pt.

Overfull \hbox (0.82268pt too wide) has occurred while \output is active
[][] []
 []

[40

 <./figures/mediationTriadPathDiagram.pdf>]
<figures/multipleMediationPathDiagrams.pdf, id=381, 963.6pt x 542.025pt>
File: figures/multipleMediationPathDiagrams.pdf Graphic file (type pdf)
<use figures/multipleMediationPathDiagrams.pdf>
Package pdftex.def Info: figures/multipleMediationPathDiagrams.pdf  used on inp
ut line 1194.
(pdftex.def)             Requested size: 320.4937pt x 180.2748pt.

Overfull \hbox (0.82268pt too wide) has occurred while \output is active
[][] []
 []

[41

 <./figures/multipleMediationPathDiagrams.pdf>]
LaTeX Font Info:    Font shape `OT1/opensans-TLF/b/n' will be
(Font)              scaled to size 9.49997pt on input line 1206.


pdfTeX warning: pdflatex (file ./figures/adamsKlpsExample1PathDiagram.pdf): PDF
 inclusion: found PDF version <1.7>, but at most version <1.5> allowed
<figures/adamsKlpsExample1PathDiagram.pdf, id=406, 1024.30678pt x 341.35529pt>
File: figures/adamsKlpsExample1PathDiagram.pdf Graphic file (type pdf)
<use figures/adamsKlpsExample1PathDiagram.pdf>
Package pdftex.def Info: figures/adamsKlpsExample1PathDiagram.pdf  used on inpu
t line 1206.
(pdftex.def)             Requested size: 320.4937pt x 106.80347pt.

Overfull \hbox (0.82268pt too wide) has occurred while \output is active
[][] []
 []

[42

 <./figures/adamsKlpsExample1PathDiagram.pdf>]
\openout4 = `sem_mediation.vrb'.

 (./sem_mediation.vrb)
Overfull \hbox (0.82268pt too wide) has occurred while \output is active
[][] []
 []

[43

]
\openout4 = `sem_mediation.vrb'.

 (./sem_mediation.vrb)
Overfull \hbox (0.82268pt too wide) has occurred while \output is active
[][] []
 []

[44

]
\openout4 = `sem_mediation.vrb'.

 (./sem_mediation.vrb)
Overfull \hbox (0.82268pt too wide) has occurred while \output is active
[][] []
 []

[45

]
\openout4 = `sem_mediation.vrb'.

 (./sem_mediation.vrb)
Overfull \hbox (0.82268pt too wide) has occurred while \output is active
[][] []
 []

[46

]
\openout4 = `sem_mediation.vrb'.

 (./sem_mediation.vrb)
Overfull \hbox (0.82268pt too wide) has occurred while \output is active
[][] []
 []

[47

]
\openout4 = `sem_mediation.vrb'.

 (./sem_mediation.vrb)
Overfull \hbox (0.82268pt too wide) has occurred while \output is active
[][] []
 []

[48

]

pdfTeX warning: pdflatex (file ./figures/adamsKlpsExample1PathDiagramWithValues
.pdf): PDF inclusion: found PDF version <1.7>, but at most version <1.5> allowe
d
<figures/adamsKlpsExample1PathDiagramWithValues.pdf, id=463, 1024.30678pt x 341
.35529pt>
File: figures/adamsKlpsExample1PathDiagramWithValues.pdf Graphic file (type pdf
)
<use figures/adamsKlpsExample1PathDiagramWithValues.pdf>
Package pdftex.def Info: figures/adamsKlpsExample1PathDiagramWithValues.pdf  us
ed on input line 1380.
(pdftex.def)             Requested size: 320.4937pt x 106.80347pt.

Overfull \hbox (0.82268pt too wide) has occurred while \output is active
[][] []
 []

[49

 <./figures/adamsKlpsExample1PathDiagramWithValues.pdf>]
File: images/watermarkUU.png Graphic file (type png)
<use images/watermarkUU.png>
Package pdftex.def Info: images/watermarkUU.png  used on input line 1402.
(pdftex.def)             Requested size: 98.56534pt x 100.0pt.

Overfull \hbox (0.82268pt too wide) has occurred while \output is active
[][] []
 []

[50

]
File: images/watermarkUU.png Graphic file (type png)
<use images/watermarkUU.png>
Package pdftex.def Info: images/watermarkUU.png  used on input line 1425.
(pdftex.def)             Requested size: 98.56534pt x 100.0pt.

Overfull \hbox (0.82268pt too wide) has occurred while \output is active
[][] []
 []

[51

]
File: images/watermarkUU.png Graphic file (type png)
<use images/watermarkUU.png>
Package pdftex.def Info: images/watermarkUU.png  used on input line 1443.
(pdftex.def)             Requested size: 98.56534pt x 100.0pt.

Overfull \hbox (0.82268pt too wide) has occurred while \output is active
[][] []
 []

[52

]
<figures/bootstrappingDiagram.pdf, id=506, 963.6pt x 542.025pt>
File: figures/bootstrappingDiagram.pdf Graphic file (type pdf)
<use figures/bootstrappingDiagram.pdf>
Package pdftex.def Info: figures/bootstrappingDiagram.pdf  used on input line 1
455.
(pdftex.def)             Requested size: 320.4937pt x 180.2748pt.

Overfull \hbox (0.82268pt too wide) has occurred while \output is active
[][] []
 []

[53

 <./figures/bootstrappingDiagram.pdf>]
LaTeX Font Info:    Font shape `OT1/opensans-TLF/m/n' will be
(Font)              scaled to size 6.93497pt on input line 1503.
LaTeX Font Info:    Font shape `OT1/opensans-TLF/m/n' will be
(Font)              scaled to size 5.22498pt on input line 1503.
File: images/watermarkUU.png Graphic file (type png)
<use images/watermarkUU.png>
Package pdftex.def Info: images/watermarkUU.png  used on input line 1503.
(pdftex.def)             Requested size: 98.56534pt x 100.0pt.

Overfull \hbox (0.82268pt too wide) has occurred while \output is active
[][] []
 []

[54

]
File: images/watermarkUU.png Graphic file (type png)
<use images/watermarkUU.png>
Package pdftex.def Info: images/watermarkUU.png  used on input line 1503.
(pdftex.def)             Requested size: 98.56534pt x 100.0pt.

Overfull \hbox (0.82268pt too wide) has occurred while \output is active
[][] []
 []

[55


]
\openout4 = `sem_mediation.vrb'.

 (./sem_mediation.vrb
LaTeX Font Info:    Trying to load font information for OMS+cmtt on input line 
21.
 (/usr/share/texmf/tex/latex/R/tex/latex/omscmtt.fd
File: omscmtt.fd 
)
LaTeX Font Info:    Font shape `OMS/cmtt/m/n' in size <8> not available
(Font)              Font shape `OMS/cmsy/m/n' tried instead on input line 21.
)
Overfull \hbox (0.82268pt too wide) has occurred while \output is active
[][] []
 []

[56

]
\openout4 = `sem_mediation.vrb'.

 (./sem_mediation.vrb
<figure/sem-unnamed-chunk-26-1.pdf, id=548, 505.89pt x 505.89pt>
File: figure/sem-unnamed-chunk-26-1.pdf Graphic file (type pdf)
<use figure/sem-unnamed-chunk-26-1.pdf>
Package pdftex.def Info: figure/sem-unnamed-chunk-26-1.pdf  used on input line 
6.
(pdftex.def)             Requested size: 208.31894pt x 208.31938pt.
)
Overfull \hbox (0.82268pt too wide) has occurred while \output is active
[][] []
 []

[57

 <./figure/sem-unnamed-chunk-26-1.pdf>]
\openout4 = `sem_mediation.vrb'.

 (./sem_mediation.vrb)
Overfull \hbox (0.82268pt too wide) has occurred while \output is active
[][] []
 []

[58

]
File: images/watermarkUU.png Graphic file (type png)
<use images/watermarkUU.png>
Package pdftex.def Info: images/watermarkUU.png  used on input line 1599.
(pdftex.def)             Requested size: 98.56534pt x 100.0pt.

Overfull \hbox (0.82268pt too wide) has occurred while \output is active
[][] []
 []

[59

]
File: images/watermarkUU.png Graphic file (type png)
<use images/watermarkUU.png>
Package pdftex.def Info: images/watermarkUU.png  used on input line 1617.
(pdftex.def)             Requested size: 98.56534pt x 100.0pt.

Overfull \hbox (0.82268pt too wide) has occurred while \output is active
[][] []
 []

[60

]
\openout4 = `sem_mediation.vrb'.

 (./sem_mediation.vrb)
Overfull \hbox (0.82268pt too wide) has occurred while \output is active
[][] []
 []

[61

]
\openout4 = `sem_mediation.vrb'.

 (./sem_mediation.vrb
<figure/sem-unnamed-chunk-28-1.pdf, id=582, 505.89pt x 505.89pt>
File: figure/sem-unnamed-chunk-28-1.pdf Graphic file (type pdf)
<use figure/sem-unnamed-chunk-28-1.pdf>
Package pdftex.def Info: figure/sem-unnamed-chunk-28-1.pdf  used on input line 
6.
(pdftex.def)             Requested size: 208.31894pt x 208.31938pt.
)
Overfull \hbox (0.82268pt too wide) has occurred while \output is active
[][] []
 []

[62

 <./figure/sem-unnamed-chunk-28-1.pdf>]
\openout4 = `sem_mediation.vrb'.

 (./sem_mediation.vrb)
Overfull \hbox (0.82268pt too wide) has occurred while \output is active
[][] []
 []

[63

]
\openout4 = `sem_mediation.vrb'.

 (./sem_mediation.vrb)
Overfull \hbox (0.82268pt too wide) has occurred while \output is active
[][] []
 []

[64

]
File: images/watermarkUU.png Graphic file (type png)
<use images/watermarkUU.png>
Package pdftex.def Info: images/watermarkUU.png  used on input line 1910.
(pdftex.def)             Requested size: 98.56534pt x 100.0pt.

Overfull \hbox (0.82268pt too wide) has occurred while \output is active
[][] []
 []

[65

]
<figures/parallelDiagram.pdf, id=608, 963.6pt x 542.025pt>
File: figures/parallelDiagram.pdf Graphic file (type pdf)
<use figures/parallelDiagram.pdf>
Package pdftex.def Info: figures/parallelDiagram.pdf  used on input line 1924.
(pdftex.def)             Requested size: 256.39594pt x 144.22314pt.

Overfull \hbox (0.82268pt too wide) has occurred while \output is active
[][] []
 []

[66

 <./figures/parallelDiagram.pdf>]
File: images/watermarkUU.png Graphic file (type png)
<use images/watermarkUU.png>
Package pdftex.def Info: images/watermarkUU.png  used on input line 1950.
(pdftex.def)             Requested size: 98.56534pt x 100.0pt.

Overfull \hbox (0.82268pt too wide) has occurred while \output is active
[][] []
 []

[67

]
File: figures/adamsKlpsExample1PathDiagram.pdf Graphic file (type pdf)
<use figures/adamsKlpsExample1PathDiagram.pdf>
Package pdftex.def Info: figures/adamsKlpsExample1PathDiagram.pdf  used on inpu
t line 1968.
(pdftex.def)             Requested size: 256.39594pt x 85.44278pt.

Overfull \hbox (0.82268pt too wide) has occurred while \output is active
[][] []
 []

[68

]
<figures/adamsKlpsParallel.pdf, id=644, 963.6pt x 542.025pt>
File: figures/adamsKlpsParallel.pdf Graphic file (type pdf)
<use figures/adamsKlpsParallel.pdf>
Package pdftex.def Info: figures/adamsKlpsParallel.pdf  used on input line 1980
.
(pdftex.def)             Requested size: 256.39594pt x 144.22314pt.

Overfull \hbox (0.82268pt too wide) has occurred while \output is active
[][] []
 []

[69

 <./figures/adamsKlpsParallel.pdf>]
File: images/watermarkUU.png Graphic file (type png)
<use images/watermarkUU.png>
Package pdftex.def Info: images/watermarkUU.png  used on input line 2016.
(pdftex.def)             Requested size: 98.56534pt x 100.0pt.

Overfull \hbox (0.82268pt too wide) has occurred while \output is active
[][] []
 []

[70

]
\openout4 = `sem_mediation.vrb'.

 (./sem_mediation.vrb)
Overfull \hbox (0.82268pt too wide) has occurred while \output is active
[][] []
 []

[71

]
\openout4 = `sem_mediation.vrb'.

 (./sem_mediation.vrb)
Overfull \hbox (0.82268pt too wide) has occurred while \output is active
[][] []
 []

[72

]
\openout4 = `sem_mediation.vrb'.

 (./sem_mediation.vrb)
Overfull \hbox (0.82268pt too wide) has occurred while \output is active
[][] []
 []

[73

]
\openout4 = `sem_mediation.vrb'.

 (./sem_mediation.vrb)
Overfull \hbox (0.82268pt too wide) has occurred while \output is active
[][] []
 []

[74

]
\openout4 = `sem_mediation.vrb'.

 (./sem_mediation.vrb)
Overfull \hbox (0.82268pt too wide) has occurred while \output is active
[][] []
 []

[75

]
\openout4 = `sem_mediation.vrb'.

 (./sem_mediation.vrb)
Overfull \hbox (0.82268pt too wide) has occurred while \output is active
[][] []
 []

[76

]
File: images/watermarkUU.png Graphic file (type png)
<use images/watermarkUU.png>
Package pdftex.def Info: images/watermarkUU.png  used on input line 2198.
(pdftex.def)             Requested size: 98.56534pt x 100.0pt.

Overfull \hbox (0.82268pt too wide) has occurred while \output is active
[][] []
 []

[77

]
File: images/watermarkUU.png Graphic file (type png)
<use images/watermarkUU.png>
Package pdftex.def Info: images/watermarkUU.png  used on input line 2198.
(pdftex.def)             Requested size: 98.56534pt x 100.0pt.

Overfull \hbox (0.82268pt too wide) has occurred while \output is active
[][] []
 []

[78

]
\openout4 = `sem_mediation.vrb'.

 (./sem_mediation.vrb)
Overfull \hbox (0.82268pt too wide) has occurred while \output is active
[][] []
 []

[79

]
\openout4 = `sem_mediation.vrb'.

 (./sem_mediation.vrb)
Overfull \hbox (0.82268pt too wide) has occurred while \output is active
[][] []
 []

[80

]
\openout4 = `sem_mediation.vrb'.

 (./sem_mediation.vrb)
Overfull \hbox (0.82268pt too wide) has occurred while \output is active
[][] []
 []

[81

]
\openout4 = `sem_mediation.vrb'.

 (./sem_mediation.vrb)
Overfull \hbox (0.82268pt too wide) has occurred while \output is active
[][] []
 []

[82

]
\openout4 = `sem_mediation.vrb'.

 (./sem_mediation.vrb)
Overfull \hbox (0.82268pt too wide) has occurred while \output is active
[][] []
 []

[83

]
\openout4 = `sem_mediation.vrb'.

 (./sem_mediation.vrb)
Overfull \hbox (0.82268pt too wide) has occurred while \output is active
[][] []
 []

[84

]
\openout4 = `sem_mediation.vrb'.

 (./sem_mediation.vrb)
Overfull \hbox (0.82268pt too wide) has occurred while \output is active
[][] []
 []

[85

]
\openout4 = `sem_mediation.vrb'.

 (./sem_mediation.vrb)
Overfull \hbox (0.82268pt too wide) has occurred while \output is active
[][] []
 []

[86

]
\openout4 = `sem_mediation.vrb'.

 (./sem_mediation.vrb)
Overfull \hbox (0.82268pt too wide) has occurred while \output is active
[][] []
 []

[87

]
\openout4 = `sem_mediation.vrb'.

 (./sem_mediation.vrb)
Overfull \hbox (0.82268pt too wide) has occurred while \output is active
[][] []
 []

[88

]
\openout4 = `sem_mediation.vrb'.

 (./sem_mediation.vrb)
Overfull \hbox (0.82268pt too wide) has occurred while \output is active
[][] []
 []

[89

]
\openout4 = `sem_mediation.vrb'.

 (./sem_mediation.vrb)
Overfull \hbox (0.82268pt too wide) has occurred while \output is active
[][] []
 []

[90

]

pdfTeX warning: pdflatex (file ./figures/serialDiagram.pdf): PDF inclusion: fou
nd PDF version <1.7>, but at most version <1.5> allowed
<figures/serialDiagram.pdf, id=779, 1024.30678pt x 341.35529pt>
File: figures/serialDiagram.pdf Graphic file (type pdf)
<use figures/serialDiagram.pdf>
Package pdftex.def Info: figures/serialDiagram.pdf  used on input line 2531.
(pdftex.def)             Requested size: 320.4937pt x 106.80347pt.

Overfull \hbox (0.82268pt too wide) has occurred while \output is active
[][] []
 []

[91

 <./figures/serialDiagram.pdf>]
File: images/watermarkUU.png Graphic file (type png)
<use images/watermarkUU.png>
Package pdftex.def Info: images/watermarkUU.png  used on input line 2553.
(pdftex.def)             Requested size: 98.56534pt x 100.0pt.

Overfull \hbox (0.82268pt too wide) has occurred while \output is active
[][] []
 []

[92

]
File: figures/adamsKlpsExample1PathDiagram.pdf Graphic file (type pdf)
<use figures/adamsKlpsExample1PathDiagram.pdf>
Package pdftex.def Info: figures/adamsKlpsExample1PathDiagram.pdf  used on inpu
t line 2567.
(pdftex.def)             Requested size: 320.4937pt x 106.80347pt.

Overfull \hbox (0.82268pt too wide) has occurred while \output is active
[][] []
 []

[93

]

pdfTeX warning: pdflatex (file ./figures/adamsKlpsSerial1.pdf): PDF inclusion: 
found PDF version <1.7>, but at most version <1.5> allowed
<figures/adamsKlpsSerial1.pdf, id=815, 1024.30678pt x 341.35529pt>
File: figures/adamsKlpsSerial1.pdf Graphic file (type pdf)
<use figures/adamsKlpsSerial1.pdf>
Package pdftex.def Info: figures/adamsKlpsSerial1.pdf  used on input line 2579.

(pdftex.def)             Requested size: 320.4937pt x 106.80347pt.

Overfull \hbox (0.82268pt too wide) has occurred while \output is active
[][] []
 []

[94

 <./figures/adamsKlpsSerial1.pdf>]
File: images/watermarkUU.png Graphic file (type png)
<use images/watermarkUU.png>
Package pdftex.def Info: images/watermarkUU.png  used on input line 2611.
(pdftex.def)             Requested size: 98.56534pt x 100.0pt.

Overfull \hbox (0.82268pt too wide) has occurred while \output is active
[][] []
 []

[95

]
File: images/watermarkUU.png Graphic file (type png)
<use images/watermarkUU.png>
Package pdftex.def Info: images/watermarkUU.png  used on input line 2631.
(pdftex.def)             Requested size: 98.56534pt x 100.0pt.

Overfull \hbox (0.82268pt too wide) has occurred while \output is active
[][] []
 []

[96

]
\openout4 = `sem_mediation.vrb'.

 (./sem_mediation.vrb)
Overfull \hbox (0.82268pt too wide) has occurred while \output is active
[][] []
 []

[97

]
\openout4 = `sem_mediation.vrb'.

 (./sem_mediation.vrb)
Overfull \hbox (0.82268pt too wide) has occurred while \output is active
[][] []
 []

[98

]
\openout4 = `sem_mediation.vrb'.

 (./sem_mediation.vrb)
Overfull \hbox (0.82268pt too wide) has occurred while \output is active
[][] []
 []

[99

]
\openout4 = `sem_mediation.vrb'.

 (./sem_mediation.vrb)
Overfull \hbox (0.82268pt too wide) has occurred while \output is active
[][] []
 []

[100

]
\openout4 = `sem_mediation.vrb'.

 (./sem_mediation.vrb)
Overfull \hbox (0.82268pt too wide) has occurred while \output is active
[][] []
 []

[101

]

pdfTeX warning: pdflatex (file ./figures/adamsKlpsSerial1_restricted.pdf): PDF 
inclusion: found PDF version <1.7>, but at most version <1.5> allowed
<figures/adamsKlpsSerial1_restricted.pdf, id=876, 1024.30678pt x 341.35529pt>
File: figures/adamsKlpsSerial1_restricted.pdf Graphic file (type pdf)
<use figures/adamsKlpsSerial1_restricted.pdf>
Package pdftex.def Info: figures/adamsKlpsSerial1_restricted.pdf  used on input
 line 2785.
(pdftex.def)             Requested size: 224.3446pt x 74.75983pt.

Overfull \hbox (0.82268pt too wide) has occurred while \output is active
[][] []
 []

[102

 <./figures/adamsKlpsSerial1_restricted.pdf>]
\openout4 = `sem_mediation.vrb'.

 (./sem_mediation.vrb)
Overfull \hbox (0.82268pt too wide) has occurred while \output is active
[][] []
 []

[103

]
\openout4 = `sem_mediation.vrb'.

 (./sem_mediation.vrb)
Overfull \hbox (0.82268pt too wide) has occurred while \output is active
[][] []
 []

[104

]
\openout4 = `sem_mediation.vrb'.

 (./sem_mediation.vrb)
Overfull \hbox (0.82268pt too wide) has occurred while \output is active
[][] []
 []

[105

]
\openout4 = `sem_mediation.vrb'.

 (./sem_mediation.vrb)
Overfull \hbox (0.82268pt too wide) has occurred while \output is active
[][] []
 []

[106

]
\openout4 = `sem_mediation.vrb'.

 (./sem_mediation.vrb)
Overfull \hbox (0.82268pt too wide) has occurred while \output is active
[][] []
 []

[107

]
\openout4 = `sem_mediation.vrb'.

 (./sem_mediation.vrb)
Overfull \hbox (0.82268pt too wide) has occurred while \output is active
[][] []
 []

[108

]
\openout4 = `sem_mediation.vrb'.

 (./sem_mediation.vrb)
Overfull \hbox (0.82268pt too wide) has occurred while \output is active
[][] []
 []

[109

]
\openout4 = `sem_mediation.vrb'.

 (./sem_mediation.vrb)
Overfull \hbox (0.82268pt too wide) has occurred while \output is active
[][] []
 []

[110

]
File: figures/adamsKlpsSerial1.pdf Graphic file (type pdf)
<use figures/adamsKlpsSerial1.pdf>
Package pdftex.def Info: figures/adamsKlpsSerial1.pdf  used on input line 3016.

(pdftex.def)             Requested size: 320.4937pt x 106.80347pt.

Overfull \hbox (0.82268pt too wide) has occurred while \output is active
[][] []
 []

[111

]
<figures/adamsKlpsSerial2.pdf, id=948, 963.6pt x 542.025pt>
File: figures/adamsKlpsSerial2.pdf Graphic file (type pdf)
<use figures/adamsKlpsSerial2.pdf>
Package pdftex.def Info: figures/adamsKlpsSerial2.pdf  used on input line 3028.

(pdftex.def)             Requested size: 320.4937pt x 180.2748pt.

Overfull \hbox (0.82268pt too wide) has occurred while \output is active
[][] []
 []

[112

 <./figures/adamsKlpsSerial2.pdf>]
File: images/watermarkUU.png Graphic file (type png)
<use images/watermarkUU.png>
Package pdftex.def Info: images/watermarkUU.png  used on input line 3071.
(pdftex.def)             Requested size: 98.56534pt x 100.0pt.

Overfull \hbox (0.82268pt too wide) has occurred while \output is active
[][] []
 []

[113

]
File: images/watermarkUU.png Graphic file (type png)
<use images/watermarkUU.png>
Package pdftex.def Info: images/watermarkUU.png  used on input line 3071.
(pdftex.def)             Requested size: 98.56534pt x 100.0pt.

Overfull \hbox (0.82268pt too wide) has occurred while \output is active
[][] []
 []

[114

]
\openout4 = `sem_mediation.vrb'.

 (./sem_mediation.vrb)
Overfull \hbox (0.82268pt too wide) has occurred while \output is active
[][] []
 []

[115

]
\openout4 = `sem_mediation.vrb'.

 (./sem_mediation.vrb)
Overfull \hbox (0.82268pt too wide) has occurred while \output is active
[][] []
 []

[116

]
\openout4 = `sem_mediation.vrb'.

 (./sem_mediation.vrb)
Overfull \hbox (0.82268pt too wide) has occurred while \output is active
[][] []
 []

[117

]
\openout4 = `sem_mediation.vrb'.

 (./sem_mediation.vrb)
Overfull \hbox (0.82268pt too wide) has occurred while \output is active
[][] []
 []

[118

]
\openout4 = `sem_mediation.vrb'.

 (./sem_mediation.vrb)
Overfull \hbox (0.82268pt too wide) has occurred while \output is active
[][] []
 []

[119

]
<figures/adamsKlpsHybrid.pdf, id=1009, 963.6pt x 542.025pt>
File: figures/adamsKlpsHybrid.pdf Graphic file (type pdf)
<use figures/adamsKlpsHybrid.pdf>
Package pdftex.def Info: figures/adamsKlpsHybrid.pdf  used on input line 3231.
(pdftex.def)             Requested size: 320.4937pt x 180.2748pt.

Overfull \hbox (0.82268pt too wide) has occurred while \output is active
[][] []
 []

[120

 <./figures/adamsKlpsHybrid.pdf>]
\openout4 = `sem_mediation.vrb'.

 (./sem_mediation.vrb)
Overfull \hbox (0.82268pt too wide) has occurred while \output is active
[][] []
 []

[121

]
\openout4 = `sem_mediation.vrb'.

 (./sem_mediation.vrb)
Overfull \hbox (0.82268pt too wide) has occurred while \output is active
[][] []
 []

[122

]
\openout4 = `sem_mediation.vrb'.

 (./sem_mediation.vrb)
Overfull \hbox (0.82268pt too wide) has occurred while \output is active
[][] []
 []

[123

]
\openout4 = `sem_mediation.vrb'.

 (./sem_mediation.vrb)
Overfull \hbox (0.82268pt too wide) has occurred while \output is active
[][] []
 []

[124

]
\openout4 = `sem_mediation.vrb'.

 (./sem_mediation.vrb)
Overfull \hbox (0.82268pt too wide) has occurred while \output is active
[][] []
 []

[125

]
<figures/practiceDiagram.pdf, id=1060, 963.6pt x 542.025pt>
File: figures/practiceDiagram.pdf Graphic file (type pdf)
<use figures/practiceDiagram.pdf>
Package pdftex.def Info: figures/practiceDiagram.pdf  used on input line 3390.
(pdftex.def)             Requested size: 320.4937pt x 180.2748pt.

Overfull \hbox (0.82268pt too wide) has occurred while \output is active
[][] []
 []

[126

 <./figures/practiceDiagram.pdf>]
File: figures/simpleMediationPathDiagram.pdf Graphic file (type pdf)
<use figures/simpleMediationPathDiagram.pdf>
Package pdftex.def Info: figures/simpleMediationPathDiagram.pdf  used on input 
line 3409.
(pdftex.def)             Requested size: 224.3446pt x 126.19319pt.

Overfull \hbox (0.82268pt too wide) has occurred while \output is active
[][] []
 []

[127

]
<figures/semMedDiagram.pdf, id=1091, 963.6pt x 542.025pt>
File: figures/semMedDiagram.pdf Graphic file (type pdf)
<use figures/semMedDiagram.pdf>
Package pdftex.def Info: figures/semMedDiagram.pdf  used on input line 3424.
(pdftex.def)             Requested size: 256.39594pt x 144.22314pt.

Overfull \hbox (0.82268pt too wide) has occurred while \output is active
[][] []
 []

[128

 <./figures/semMedDiagram.pdf>]
\openout4 = `sem_mediation.vrb'.

 (./sem_mediation.vrb)
Overfull \hbox (0.82268pt too wide) has occurred while \output is active
[][] []
 []

[129

]
\openout4 = `sem_mediation.vrb'.

 (./sem_mediation.vrb)
Overfull \hbox (0.82268pt too wide) has occurred while \output is active
[][] []
 []

[130

]
\openout4 = `sem_mediation.vrb'.

 (./sem_mediation.vrb)
Overfull \hbox (0.82268pt too wide) has occurred while \output is active
[][] []
 []

[131

]
\openout4 = `sem_mediation.vrb'.

 (./sem_mediation.vrb)
Overfull \hbox (0.82268pt too wide) has occurred while \output is active
[][] []
 []

[132

]
\openout4 = `sem_mediation.vrb'.

 (./sem_mediation.vrb)
Overfull \hbox (0.82268pt too wide) has occurred while \output is active
[][] []
 []

[133

]
\openout4 = `sem_mediation.vrb'.

 (./sem_mediation.vrb)
Overfull \hbox (0.82268pt too wide) has occurred while \output is active
[][] []
 []

[134

]
\openout4 = `sem_mediation.vrb'.

 (./sem_mediation.vrb)
Overfull \hbox (0.82268pt too wide) has occurred while \output is active
[][] []
 []

[135

]
File: images/watermarkUU.png Graphic file (type png)
<use images/watermarkUU.png>
Package pdftex.def Info: images/watermarkUU.png  used on input line 3660.
(pdftex.def)             Requested size: 98.56534pt x 100.0pt.

Overfull \hbox (0.82268pt too wide) has occurred while \output is active
[][] []
 []

[136

] (./sem_mediation.bbl)
File: images/watermarkUU.png Graphic file (type png)
<use images/watermarkUU.png>
Package pdftex.def Info: images/watermarkUU.png  used on input line 4181.
(pdftex.def)             Requested size: 98.56534pt x 100.0pt.

Overfull \hbox (0.82268pt too wide) has occurred while \output is active
[][] []
 []

[137

]
\tf@nav=\write7
\openout7 = `sem_mediation.nav'.

\tf@toc=\write8
\openout8 = `sem_mediation.toc'.

\tf@snm=\write9
\openout9 = `sem_mediation.snm'.

 (./sem_mediation.aux)
Package rerunfilecheck Info: File `sem_mediation.out' has not changed.
(rerunfilecheck)             Checksum: 5752A70A46C4AA8726AF2CA0B8F1A720;415.
 ) 
Here is how much of TeX's memory you used:
 23038 strings out of 479304
 417645 string characters out of 5869780
 719329 words of memory out of 5000000
 39142 multiletter control sequences out of 15000+600000
 504726 words of font info for 161 fonts, out of 8000000 for 9000
 1141 hyphenation exceptions out of 8191
 131i,15n,132p,489b,657s stack positions out of 5000i,500n,10000p,200000b,80000s
{/usr/share/texlive/texmf-dist/fonts/enc/dvips/opensans/a_n3lhbv.enc}{/usr/sh
are/texlive/texmf-dist/fonts/enc/dvips/merriweather/merriwthr_jjwbah.enc}{/usr/
share/texlive/texmf-dist/fonts/enc/dvips/opensans/a_iz27ck.enc}{/usr/share/texl
ive/texmf-dist/fonts/enc/dvips/merriweather/merriwthr_okb76x.enc}</usr/share/te
xlive/texmf-dist/fonts/type1/public/newtx/LibertineMathMI.pfb></usr/share/texli
ve/texmf-dist/fonts/type1/public/newtx/LibertineMathMI7.pfb></usr/share/texlive
/texmf-dist/fonts/type1/public/newtx/LibertineMathRM.pfb></usr/share/texlive/te
xmf-dist/fonts/type1/sorkin/merriweather/Merriwthr-Italic.pfb></usr/share/texli
ve/texmf-dist/fonts/type1/sorkin/merriweather/Merriwthr-Regular.pfb></usr/share
/texlive/texmf-dist/fonts/type1/ascender/opensans/OpenSans-Bold.pfb></usr/share
/texlive/texmf-dist/fonts/type1/ascender/opensans/OpenSans-Italic.pfb></usr/sha
re/texlive/texmf-dist/fonts/type1/ascender/opensans/OpenSans-Regular.pfb></usr/
share/texlive/texmf-dist/fonts/type1/public/amsfonts/cm/cmitt10.pfb></usr/share
/texlive/texmf-dist/fonts/type1/public/amsfonts/cm/cmsy8.pfb></usr/share/texliv
e/texmf-dist/fonts/type1/public/amsfonts/cm/cmtt8.pfb></usr/share/texlive/texmf
-dist/fonts/type1/public/newtx/txexs.pfb></usr/share/texlive/texmf-dist/fonts/t
ype1/public/newtx/txmiaX.pfb></usr/share/texlive/texmf-dist/fonts/type1/public/
newtx/txsys.pfb>
Output written on sem_mediation.pdf (137 pages, 1284410 bytes).
PDF statistics:
 1284 PDF objects out of 1440 (max. 8388607)
 1010 compressed objects within 11 object streams
 291 named destinations out of 1000 (max. 500000)
 224 words of extra memory for PDF output out of 10000 (max. 10000000)

