This is pdfTeX, Version 3.141592653-2.6-1.40.24 (TeX Live 2022) (preloaded format=pdflatex 2022.5.23)  6 JUL 2022 10:40
entering extended mode
 restricted \write18 enabled.
 %&-line parsing enabled.
**Slides_Intro_and_Regr.tex
(./Slides_Intro_and_Regr.tex
LaTeX2e <2021-11-15> patch level 1
L3 programming layer <2022-05-04>
(c:/texlive/2022/texmf-dist/tex/latex/beamer/beamer.cls
Document Class: beamer 2022/05/17 v3.67 A class for typesetting presentations
(c:/texlive/2022/texmf-dist/tex/latex/beamer/beamerbasemodes.sty
(c:/texlive/2022/texmf-dist/tex/latex/etoolbox/etoolbox.sty
Package: etoolbox 2020/10/05 v2.5k e-TeX tools for LaTeX (JAW)
\etb@tempcnta=\count185
)
\beamer@tempbox=\box50
\beamer@tempcount=\count186
\c@beamerpauses=\count187

(c:/texlive/2022/texmf-dist/tex/latex/beamer/beamerbasedecode.sty
\beamer@slideinframe=\count188
\beamer@minimum=\count189
\beamer@decode@box=\box51
)
\beamer@commentbox=\box52
\beamer@modecount=\count190
)
(c:/texlive/2022/texmf-dist/tex/generic/iftex/iftex.sty
Package: iftex 2022/02/03 v1.0f TeX engine tests
)
\headdp=\dimen138
\footheight=\dimen139
\sidebarheight=\dimen140
\beamer@tempdim=\dimen141
\beamer@finalheight=\dimen142
\beamer@animht=\dimen143
\beamer@animdp=\dimen144
\beamer@animwd=\dimen145
\beamer@leftmargin=\dimen146
\beamer@rightmargin=\dimen147
\beamer@leftsidebar=\dimen148
\beamer@rightsidebar=\dimen149
\beamer@boxsize=\dimen150
\beamer@vboxoffset=\dimen151
\beamer@descdefault=\dimen152
\beamer@descriptionwidth=\dimen153
\beamer@lastskip=\skip47
\beamer@areabox=\box53
\beamer@animcurrent=\box54
\beamer@animshowbox=\box55
\beamer@sectionbox=\box56
\beamer@logobox=\box57
\beamer@linebox=\box58
\beamer@sectioncount=\count191
\beamer@subsubsectionmax=\count192
\beamer@subsectionmax=\count193
\beamer@sectionmax=\count194
\beamer@totalheads=\count195
\beamer@headcounter=\count196
\beamer@partstartpage=\count197
\beamer@sectionstartpage=\count198
\beamer@subsectionstartpage=\count199
\beamer@animationtempa=\count266
\beamer@animationtempb=\count267
\beamer@xpos=\count268
\beamer@ypos=\count269
\beamer@ypos@offset=\count270
\beamer@showpartnumber=\count271
\beamer@currentsubsection=\count272
\beamer@coveringdepth=\count273
\beamer@sectionadjust=\count274
\beamer@toclastsection=\count275
\beamer@tocsectionnumber=\count276

(c:/texlive/2022/texmf-dist/tex/latex/beamer/beamerbaseoptions.sty
(c:/texlive/2022/texmf-dist/tex/latex/graphics/keyval.sty
Package: keyval 2014/10/28 v1.15 key=value parser (DPC)
\KV@toks@=\toks16
))
\beamer@paperwidth=\skip48
\beamer@paperheight=\skip49

(c:/texlive/2022/texmf-dist/tex/latex/geometry/geometry.sty
Package: geometry 2020/01/02 v5.9 Page Geometry

(c:/texlive/2022/texmf-dist/tex/generic/iftex/ifvtex.sty
Package: ifvtex 2019/10/25 v1.7 ifvtex legacy package. Use iftex instead.
)
\Gm@cnth=\count277
\Gm@cntv=\count278
\c@Gm@tempcnt=\count279
\Gm@bindingoffset=\dimen154
\Gm@wd@mp=\dimen155
\Gm@odd@mp=\dimen156
\Gm@even@mp=\dimen157
\Gm@layoutwidth=\dimen158
\Gm@layoutheight=\dimen159
\Gm@layouthoffset=\dimen160
\Gm@layoutvoffset=\dimen161
\Gm@dimlist=\toks17
)
(c:/texlive/2022/texmf-dist/tex/latex/pgf/math/pgfmath.sty
(c:/texlive/2022/texmf-dist/tex/latex/pgf/utilities/pgfrcs.sty
(c:/texlive/2022/texmf-dist/tex/generic/pgf/utilities/pgfutil-common.tex
\pgfutil@everybye=\toks18
\pgfutil@tempdima=\dimen162
\pgfutil@tempdimb=\dimen163

(c:/texlive/2022/texmf-dist/tex/generic/pgf/utilities/pgfutil-common-lists.tex)
) (c:/texlive/2022/texmf-dist/tex/generic/pgf/utilities/pgfutil-latex.def
\pgfutil@abb=\box59
)
(c:/texlive/2022/texmf-dist/tex/generic/pgf/utilities/pgfrcs.code.tex
(c:/texlive/2022/texmf-dist/tex/generic/pgf/pgf.revision.tex)
Package: pgfrcs 2021/05/15 v3.1.9a (3.1.9a)
))
(c:/texlive/2022/texmf-dist/tex/latex/pgf/utilities/pgfkeys.sty
(c:/texlive/2022/texmf-dist/tex/generic/pgf/utilities/pgfkeys.code.tex
\pgfkeys@pathtoks=\toks19
\pgfkeys@temptoks=\toks20

(c:/texlive/2022/texmf-dist/tex/generic/pgf/utilities/pgfkeysfiltered.code.tex
\pgfkeys@tmptoks=\toks21
))) (c:/texlive/2022/texmf-dist/tex/generic/pgf/math/pgfmath.code.tex
(c:/texlive/2022/texmf-dist/tex/generic/pgf/math/pgfmathcalc.code.tex
(c:/texlive/2022/texmf-dist/tex/generic/pgf/math/pgfmathutil.code.tex
\pgf@x=\dimen164
\pgf@xa=\dimen165
\pgf@xb=\dimen166
\pgf@xc=\dimen167
\pgf@y=\dimen168
\pgf@ya=\dimen169
\pgf@yb=\dimen170
\pgf@yc=\dimen171
\c@pgf@counta=\count280
\c@pgf@countb=\count281
\c@pgf@countc=\count282
\c@pgf@countd=\count283
)
(c:/texlive/2022/texmf-dist/tex/generic/pgf/math/pgfmathparser.code.tex
\pgfmath@dimen=\dimen172
\pgfmath@count=\count284
\pgfmath@box=\box60
\pgfmath@toks=\toks22
\pgfmath@stack@operand=\toks23
\pgfmath@stack@operation=\toks24
)
(c:/texlive/2022/texmf-dist/tex/generic/pgf/math/pgfmathfunctions.code.tex
(c:/texlive/2022/texmf-dist/tex/generic/pgf/math/pgfmathfunctions.basic.code.te
x)
(c:/texlive/2022/texmf-dist/tex/generic/pgf/math/pgfmathfunctions.trigonometric
.code.tex)
(c:/texlive/2022/texmf-dist/tex/generic/pgf/math/pgfmathfunctions.random.code.t
ex)
(c:/texlive/2022/texmf-dist/tex/generic/pgf/math/pgfmathfunctions.comparison.co
de.tex)
(c:/texlive/2022/texmf-dist/tex/generic/pgf/math/pgfmathfunctions.base.code.tex
)
(c:/texlive/2022/texmf-dist/tex/generic/pgf/math/pgfmathfunctions.round.code.te
x)
(c:/texlive/2022/texmf-dist/tex/generic/pgf/math/pgfmathfunctions.misc.code.tex
)
(c:/texlive/2022/texmf-dist/tex/generic/pgf/math/pgfmathfunctions.integerarithm
etics.code.tex)))
(c:/texlive/2022/texmf-dist/tex/generic/pgf/math/pgfmathfloat.code.tex
\c@pgfmathroundto@lastzeros=\count285
)))
(c:/texlive/2022/texmf-dist/tex/latex/base/size10.clo
File: size10.clo 2021/10/04 v1.4n Standard LaTeX file (size option)
)
(c:/texlive/2022/texmf-dist/tex/latex/pgf/basiclayer/pgfcore.sty
(c:/texlive/2022/texmf-dist/tex/latex/graphics/graphicx.sty
Package: graphicx 2021/09/16 v1.2d Enhanced LaTeX Graphics (DPC,SPQR)

(c:/texlive/2022/texmf-dist/tex/latex/graphics/graphics.sty
Package: graphics 2021/03/04 v1.4d Standard LaTeX Graphics (DPC,SPQR)

(c:/texlive/2022/texmf-dist/tex/latex/graphics/trig.sty
Package: trig 2021/08/11 v1.11 sin cos tan (DPC)
)
(c:/texlive/2022/texmf-dist/tex/latex/graphics-cfg/graphics.cfg
File: graphics.cfg 2016/06/04 v1.11 sample graphics configuration
)
Package graphics Info: Driver file: pdftex.def on input line 107.

(c:/texlive/2022/texmf-dist/tex/latex/graphics-def/pdftex.def
File: pdftex.def 2020/10/05 v1.2a Graphics/color driver for pdftex
))
\Gin@req@height=\dimen173
\Gin@req@width=\dimen174
)
(c:/texlive/2022/texmf-dist/tex/latex/pgf/systemlayer/pgfsys.sty
(c:/texlive/2022/texmf-dist/tex/generic/pgf/systemlayer/pgfsys.code.tex
Package: pgfsys 2021/05/15 v3.1.9a (3.1.9a)

(c:/texlive/2022/texmf-dist/tex/generic/pgf/utilities/pgfkeys.code.tex)
\pgf@x=\dimen175
\pgf@y=\dimen176
\pgf@xa=\dimen177
\pgf@ya=\dimen178
\pgf@xb=\dimen179
\pgf@yb=\dimen180
\pgf@xc=\dimen181
\pgf@yc=\dimen182
\pgf@xd=\dimen183
\pgf@yd=\dimen184
\w@pgf@writea=\write3
\r@pgf@reada=\read2
\c@pgf@counta=\count286
\c@pgf@countb=\count287
\c@pgf@countc=\count288
\c@pgf@countd=\count289
\t@pgf@toka=\toks25
\t@pgf@tokb=\toks26
\t@pgf@tokc=\toks27
\pgf@sys@id@count=\count290

(c:/texlive/2022/texmf-dist/tex/generic/pgf/systemlayer/pgf.cfg
File: pgf.cfg 2021/05/15 v3.1.9a (3.1.9a)
)
Driver file for pgf: pgfsys-pdftex.def

(c:/texlive/2022/texmf-dist/tex/generic/pgf/systemlayer/pgfsys-pdftex.def
File: pgfsys-pdftex.def 2021/05/15 v3.1.9a (3.1.9a)

(c:/texlive/2022/texmf-dist/tex/generic/pgf/systemlayer/pgfsys-common-pdf.def
File: pgfsys-common-pdf.def 2021/05/15 v3.1.9a (3.1.9a)
)))
(c:/texlive/2022/texmf-dist/tex/generic/pgf/systemlayer/pgfsyssoftpath.code.tex
File: pgfsyssoftpath.code.tex 2021/05/15 v3.1.9a (3.1.9a)
\pgfsyssoftpath@smallbuffer@items=\count291
\pgfsyssoftpath@bigbuffer@items=\count292
)
(c:/texlive/2022/texmf-dist/tex/generic/pgf/systemlayer/pgfsysprotocol.code.tex
File: pgfsysprotocol.code.tex 2021/05/15 v3.1.9a (3.1.9a)
)) (c:/texlive/2022/texmf-dist/tex/latex/xcolor/xcolor.sty
Package: xcolor 2021/10/31 v2.13 LaTeX color extensions (UK)

(c:/texlive/2022/texmf-dist/tex/latex/graphics-cfg/color.cfg
File: color.cfg 2016/01/02 v1.6 sample color configuration
)
Package xcolor Info: Driver file: pdftex.def on input line 227.
Package xcolor Info: Model `cmy' substituted by `cmy0' on input line 1352.
Package xcolor Info: Model `hsb' substituted by `rgb' on input line 1356.
Package xcolor Info: Model `RGB' extended on input line 1368.
Package xcolor Info: Model `HTML' substituted by `rgb' on input line 1370.
Package xcolor Info: Model `Hsb' substituted by `hsb' on input line 1371.
Package xcolor Info: Model `tHsb' substituted by `hsb' on input line 1372.
Package xcolor Info: Model `HSB' substituted by `hsb' on input line 1373.
Package xcolor Info: Model `Gray' substituted by `gray' on input line 1374.
Package xcolor Info: Model `wave' substituted by `hsb' on input line 1375.
)
(c:/texlive/2022/texmf-dist/tex/generic/pgf/basiclayer/pgfcore.code.tex
Package: pgfcore 2021/05/15 v3.1.9a (3.1.9a)

(c:/texlive/2022/texmf-dist/tex/generic/pgf/math/pgfmath.code.tex)
(c:/texlive/2022/texmf-dist/tex/generic/pgf/math/pgfint.code.tex)
(c:/texlive/2022/texmf-dist/tex/generic/pgf/basiclayer/pgfcorepoints.code.tex
File: pgfcorepoints.code.tex 2021/05/15 v3.1.9a (3.1.9a)
\pgf@picminx=\dimen185
\pgf@picmaxx=\dimen186
\pgf@picminy=\dimen187
\pgf@picmaxy=\dimen188
\pgf@pathminx=\dimen189
\pgf@pathmaxx=\dimen190
\pgf@pathminy=\dimen191
\pgf@pathmaxy=\dimen192
\pgf@xx=\dimen193
\pgf@xy=\dimen194
\pgf@yx=\dimen195
\pgf@yy=\dimen196
\pgf@zx=\dimen197
\pgf@zy=\dimen198
)
(c:/texlive/2022/texmf-dist/tex/generic/pgf/basiclayer/pgfcorepathconstruct.cod
e.tex
File: pgfcorepathconstruct.code.tex 2021/05/15 v3.1.9a (3.1.9a)
\pgf@path@lastx=\dimen199
\pgf@path@lasty=\dimen256
)
(c:/texlive/2022/texmf-dist/tex/generic/pgf/basiclayer/pgfcorepathusage.code.te
x
File: pgfcorepathusage.code.tex 2021/05/15 v3.1.9a (3.1.9a)
\pgf@shorten@end@additional=\dimen257
\pgf@shorten@start@additional=\dimen258
)
(c:/texlive/2022/texmf-dist/tex/generic/pgf/basiclayer/pgfcorescopes.code.tex
File: pgfcorescopes.code.tex 2021/05/15 v3.1.9a (3.1.9a)
\pgfpic=\box61
\pgf@hbox=\box62
\pgf@layerbox@main=\box63
\pgf@picture@serial@count=\count293
)
(c:/texlive/2022/texmf-dist/tex/generic/pgf/basiclayer/pgfcoregraphicstate.code
.tex
File: pgfcoregraphicstate.code.tex 2021/05/15 v3.1.9a (3.1.9a)
\pgflinewidth=\dimen259
)
(c:/texlive/2022/texmf-dist/tex/generic/pgf/basiclayer/pgfcoretransformations.c
ode.tex
File: pgfcoretransformations.code.tex 2021/05/15 v3.1.9a (3.1.9a)
\pgf@pt@x=\dimen260
\pgf@pt@y=\dimen261
\pgf@pt@temp=\dimen262
)
(c:/texlive/2022/texmf-dist/tex/generic/pgf/basiclayer/pgfcorequick.code.tex
File: pgfcorequick.code.tex 2021/05/15 v3.1.9a (3.1.9a)
)
(c:/texlive/2022/texmf-dist/tex/generic/pgf/basiclayer/pgfcoreobjects.code.tex
File: pgfcoreobjects.code.tex 2021/05/15 v3.1.9a (3.1.9a)
)
(c:/texlive/2022/texmf-dist/tex/generic/pgf/basiclayer/pgfcorepathprocessing.co
de.tex
File: pgfcorepathprocessing.code.tex 2021/05/15 v3.1.9a (3.1.9a)
)
(c:/texlive/2022/texmf-dist/tex/generic/pgf/basiclayer/pgfcorearrows.code.tex
File: pgfcorearrows.code.tex 2021/05/15 v3.1.9a (3.1.9a)
\pgfarrowsep=\dimen263
)
(c:/texlive/2022/texmf-dist/tex/generic/pgf/basiclayer/pgfcoreshade.code.tex
File: pgfcoreshade.code.tex 2021/05/15 v3.1.9a (3.1.9a)
\pgf@max=\dimen264
\pgf@sys@shading@range@num=\count294
\pgf@shadingcount=\count295
)
(c:/texlive/2022/texmf-dist/tex/generic/pgf/basiclayer/pgfcoreimage.code.tex
File: pgfcoreimage.code.tex 2021/05/15 v3.1.9a (3.1.9a)

(c:/texlive/2022/texmf-dist/tex/generic/pgf/basiclayer/pgfcoreexternal.code.tex
File: pgfcoreexternal.code.tex 2021/05/15 v3.1.9a (3.1.9a)
\pgfexternal@startupbox=\box64
))
(c:/texlive/2022/texmf-dist/tex/generic/pgf/basiclayer/pgfcorelayers.code.tex
File: pgfcorelayers.code.tex 2021/05/15 v3.1.9a (3.1.9a)
)
(c:/texlive/2022/texmf-dist/tex/generic/pgf/basiclayer/pgfcoretransparency.code
.tex
File: pgfcoretransparency.code.tex 2021/05/15 v3.1.9a (3.1.9a)
)
(c:/texlive/2022/texmf-dist/tex/generic/pgf/basiclayer/pgfcorepatterns.code.tex
File: pgfcorepatterns.code.tex 2021/05/15 v3.1.9a (3.1.9a)
) (c:/texlive/2022/texmf-dist/tex/generic/pgf/basiclayer/pgfcorerdf.code.tex
File: pgfcorerdf.code.tex 2021/05/15 v3.1.9a (3.1.9a)
))) (c:/texlive/2022/texmf-dist/tex/latex/pgf/utilities/xxcolor.sty
Package: xxcolor 2003/10/24 ver 0.1
\XC@nummixins=\count296
\XC@countmixins=\count297
)
(c:/texlive/2022/texmf-dist/tex/latex/base/atbegshi-ltx.sty
Package: atbegshi-ltx 2021/01/10 v1.0c Emulation of the original atbegshi
package with kernel methods
)
(c:/texlive/2022/texmf-dist/tex/latex/hyperref/hyperref.sty
Package: hyperref 2022-05-17 v7.00q Hypertext links for LaTeX

(c:/texlive/2022/texmf-dist/tex/generic/ltxcmds/ltxcmds.sty
Package: ltxcmds 2020-05-10 v1.25 LaTeX kernel commands for general use (HO)
)
(c:/texlive/2022/texmf-dist/tex/generic/pdftexcmds/pdftexcmds.sty
Package: pdftexcmds 2020-06-27 v0.33 Utility functions of pdfTeX for LuaTeX (HO
)

(c:/texlive/2022/texmf-dist/tex/generic/infwarerr/infwarerr.sty
Package: infwarerr 2019/12/03 v1.5 Providing info/warning/error messages (HO)
)
Package pdftexcmds Info: \pdf@primitive is available.
Package pdftexcmds Info: \pdf@ifprimitive is available.
Package pdftexcmds Info: \pdfdraftmode found.
)
(c:/texlive/2022/texmf-dist/tex/generic/kvsetkeys/kvsetkeys.sty
Package: kvsetkeys 2019/12/15 v1.18 Key value parser (HO)
)
(c:/texlive/2022/texmf-dist/tex/generic/kvdefinekeys/kvdefinekeys.sty
Package: kvdefinekeys 2019-12-19 v1.6 Define keys (HO)
)
(c:/texlive/2022/texmf-dist/tex/generic/pdfescape/pdfescape.sty
Package: pdfescape 2019/12/09 v1.15 Implements pdfTeX's escape features (HO)
)
(c:/texlive/2022/texmf-dist/tex/latex/hycolor/hycolor.sty
Package: hycolor 2020-01-27 v1.10 Color options for hyperref/bookmark (HO)
)
(c:/texlive/2022/texmf-dist/tex/latex/letltxmacro/letltxmacro.sty
Package: letltxmacro 2019/12/03 v1.6 Let assignment for LaTeX macros (HO)
)
(c:/texlive/2022/texmf-dist/tex/latex/auxhook/auxhook.sty
Package: auxhook 2019-12-17 v1.6 Hooks for auxiliary files (HO)
)
(c:/texlive/2022/texmf-dist/tex/latex/hyperref/nameref.sty
Package: nameref 2022-05-17 v2.50 Cross-referencing by name of section

(c:/texlive/2022/texmf-dist/tex/latex/refcount/refcount.sty
Package: refcount 2019/12/15 v3.6 Data extraction from label references (HO)
)
(c:/texlive/2022/texmf-dist/tex/generic/gettitlestring/gettitlestring.sty
Package: gettitlestring 2019/12/15 v1.6 Cleanup title references (HO)

(c:/texlive/2022/texmf-dist/tex/latex/kvoptions/kvoptions.sty
Package: kvoptions 2020-10-07 v3.14 Key value format for package options (HO)
))
\c@section@level=\count298
)
\@linkdim=\dimen265
\Hy@linkcounter=\count299
\Hy@pagecounter=\count300

(c:/texlive/2022/texmf-dist/tex/latex/hyperref/pd1enc.def
File: pd1enc.def 2022-05-17 v7.00q Hyperref: PDFDocEncoding definition (HO)
Now handling font encoding PD1 ...
... no UTF-8 mapping file for font encoding PD1
)
(c:/texlive/2022/texmf-dist/tex/generic/intcalc/intcalc.sty
Package: intcalc 2019/12/15 v1.3 Expandable calculations with integers (HO)
)
(c:/texlive/2022/texmf-dist/tex/generic/etexcmds/etexcmds.sty
Package: etexcmds 2019/12/15 v1.7 Avoid name clashes with e-TeX commands (HO)
)
\Hy@SavedSpaceFactor=\count301

(c:/texlive/2022/texmf-dist/tex/latex/hyperref/puenc.def
File: puenc.def 2022-05-17 v7.00q Hyperref: PDF Unicode definition (HO)
Now handling font encoding PU ...
... no UTF-8 mapping file for font encoding PU
)
Package hyperref Info: Option `bookmarks' set `true' on input line 4020.
Package hyperref Info: Option `bookmarksopen' set `true' on input line 4020.
Package hyperref Info: Option `implicit' set `false' on input line 4020.
Package hyperref Info: Hyper figures OFF on input line 4139.
Package hyperref Info: Link nesting OFF on input line 4144.
Package hyperref Info: Hyper index ON on input line 4147.
Package hyperref Info: Plain pages OFF on input line 4154.
Package hyperref Info: Backreferencing OFF on input line 4159.
Package hyperref Info: Implicit mode OFF; no redefinition of LaTeX internals.
Package hyperref Info: Bookmarks ON on input line 4385.
\c@Hy@tempcnt=\count302

(c:/texlive/2022/texmf-dist/tex/latex/url/url.sty
\Urlmuskip=\muskip16
Package: url 2013/09/16  ver 3.4  Verb mode for urls, etc.
)
LaTeX Info: Redefining \url on input line 4723.
\XeTeXLinkMargin=\dimen266

(c:/texlive/2022/texmf-dist/tex/generic/bitset/bitset.sty
Package: bitset 2019/12/09 v1.3 Handle bit-vector datatype (HO)

(c:/texlive/2022/texmf-dist/tex/generic/bigintcalc/bigintcalc.sty
Package: bigintcalc 2019/12/15 v1.5 Expandable calculations on big integers (HO
)
))
\Fld@menulength=\count303
\Field@Width=\dimen267
\Fld@charsize=\dimen268
Package hyperref Info: Hyper figures OFF on input line 6001.
Package hyperref Info: Link nesting OFF on input line 6006.
Package hyperref Info: Hyper index ON on input line 6009.
Package hyperref Info: backreferencing OFF on input line 6016.
Package hyperref Info: Link coloring OFF on input line 6021.
Package hyperref Info: Link coloring with OCG OFF on input line 6026.
Package hyperref Info: PDF/A mode OFF on input line 6031.
LaTeX Info: Redefining \ref on input line 6078.
LaTeX Info: Redefining \pageref on input line 6078.
\Hy@abspage=\count304


Package hyperref Message: Stopped early.

)
Package hyperref Info: Driver (autodetected): hpdftex.
 (c:/texlive/2022/texmf-dist/tex/latex/hyperref/hpdftex.def
File: hpdftex.def 2022-05-17 v7.00q Hyperref driver for pdfTeX

(c:/texlive/2022/texmf-dist/tex/latex/base/atveryend-ltx.sty
Package: atveryend-ltx 2020/08/19 v1.0a Emulation of the original atveryend pac
kage
with kernel methods
)
\Fld@listcount=\count305
\c@bookmark@seq@number=\count306

(c:/texlive/2022/texmf-dist/tex/latex/rerunfilecheck/rerunfilecheck.sty
Package: rerunfilecheck 2019/12/05 v1.9 Rerun checks for auxiliary files (HO)

(c:/texlive/2022/texmf-dist/tex/generic/uniquecounter/uniquecounter.sty
Package: uniquecounter 2019/12/15 v1.4 Provide unlimited unique counter (HO)
)
Package uniquecounter Info: New unique counter `rerunfilecheck' on input line 2
86.
))
(c:/texlive/2022/texmf-dist/tex/latex/beamer/beamerbaserequires.sty
(c:/texlive/2022/texmf-dist/tex/latex/beamer/beamerbasecompatibility.sty)
(c:/texlive/2022/texmf-dist/tex/latex/beamer/beamerbasefont.sty
(c:/texlive/2022/texmf-dist/tex/latex/amsfonts/amssymb.sty
Package: amssymb 2013/01/14 v3.01 AMS font symbols

(c:/texlive/2022/texmf-dist/tex/latex/amsfonts/amsfonts.sty
Package: amsfonts 2013/01/14 v3.01 Basic AMSFonts support
\@emptytoks=\toks28
\symAMSa=\mathgroup4
\symAMSb=\mathgroup5
LaTeX Font Info:    Redeclaring math symbol \hbar on input line 98.
LaTeX Font Info:    Overwriting math alphabet `\mathfrak' in version `bold'
(Font)                  U/euf/m/n --> U/euf/b/n on input line 106.
))
(c:/texlive/2022/texmf-dist/tex/latex/sansmathaccent/sansmathaccent.sty
Package: sansmathaccent 2020/01/31

(c:/texlive/2022/texmf-dist/tex/latex/koma-script/scrlfile.sty
Package: scrlfile 2022/05/01 v3.36 KOMA-Script package (file load hooks)

(c:/texlive/2022/texmf-dist/tex/latex/koma-script/scrlfile-hook.sty
Package: scrlfile-hook 2022/05/01 v3.36 KOMA-Script package (using LaTeX hooks)


(c:/texlive/2022/texmf-dist/tex/latex/koma-script/scrlogo.sty
Package: scrlogo 2022/05/01 v3.36 KOMA-Script package (logo)
)))))
(c:/texlive/2022/texmf-dist/tex/latex/beamer/beamerbasetranslator.sty
(c:/texlive/2022/texmf-dist/tex/latex/translator/translator.sty
Package: translator 2021-05-31 v1.12d Easy translation of strings in LaTeX
))
(c:/texlive/2022/texmf-dist/tex/latex/beamer/beamerbasemisc.sty)
(c:/texlive/2022/texmf-dist/tex/latex/beamer/beamerbasetwoscreens.sty)
(c:/texlive/2022/texmf-dist/tex/latex/beamer/beamerbaseoverlay.sty
\beamer@argscount=\count307
\beamer@lastskipcover=\skip50
\beamer@trivlistdepth=\count308
)
(c:/texlive/2022/texmf-dist/tex/latex/beamer/beamerbasetitle.sty)
(c:/texlive/2022/texmf-dist/tex/latex/beamer/beamerbasesection.sty
\c@lecture=\count309
\c@part=\count310
\c@section=\count311
\c@subsection=\count312
\c@subsubsection=\count313
)
(c:/texlive/2022/texmf-dist/tex/latex/beamer/beamerbaseframe.sty
\beamer@framebox=\box65
\beamer@frametitlebox=\box66
\beamer@zoombox=\box67
\beamer@zoomcount=\count314
\beamer@zoomframecount=\count315
\beamer@frametextheight=\dimen269
\c@subsectionslide=\count316
\beamer@frametopskip=\skip51
\beamer@framebottomskip=\skip52
\beamer@frametopskipautobreak=\skip53
\beamer@framebottomskipautobreak=\skip54
\beamer@envbody=\toks29
\framewidth=\dimen270
\c@framenumber=\count317
)
(c:/texlive/2022/texmf-dist/tex/latex/beamer/beamerbaseverbatim.sty
\beamer@verbatimfileout=\write4
)
(c:/texlive/2022/texmf-dist/tex/latex/beamer/beamerbaseframesize.sty
\beamer@splitbox=\box68
\beamer@autobreakcount=\count318
\beamer@autobreaklastheight=\dimen271
\beamer@frametitletoks=\toks30
\beamer@framesubtitletoks=\toks31
)
(c:/texlive/2022/texmf-dist/tex/latex/beamer/beamerbaseframecomponents.sty
\beamer@footins=\box69
)
(c:/texlive/2022/texmf-dist/tex/latex/beamer/beamerbasecolor.sty)
(c:/texlive/2022/texmf-dist/tex/latex/beamer/beamerbasenotes.sty
\beamer@frameboxcopy=\box70
)
(c:/texlive/2022/texmf-dist/tex/latex/beamer/beamerbasetoc.sty)
(c:/texlive/2022/texmf-dist/tex/latex/beamer/beamerbasetemplates.sty
\beamer@sbttoks=\toks32

(c:/texlive/2022/texmf-dist/tex/latex/beamer/beamerbaseauxtemplates.sty
(c:/texlive/2022/texmf-dist/tex/latex/beamer/beamerbaseboxes.sty
\bmb@box=\box71
\bmb@colorbox=\box72
\bmb@boxwidth=\dimen272
\bmb@boxheight=\dimen273
\bmb@prevheight=\dimen274
\bmb@temp=\dimen275
\bmb@dima=\dimen276
\bmb@dimb=\dimen277
\bmb@prevheight=\dimen278
)
\beamer@blockheadheight=\dimen279
))
(c:/texlive/2022/texmf-dist/tex/latex/beamer/beamerbaselocalstructure.sty
(c:/texlive/2022/texmf-dist/tex/latex/tools/enumerate.sty
Package: enumerate 2015/07/23 v3.00 enumerate extensions (DPC)
\@enLab=\toks33
)
\beamer@bibiconwidth=\skip55
\c@figure=\count319
\c@table=\count320
\abovecaptionskip=\skip56
\belowcaptionskip=\skip57
)
(c:/texlive/2022/texmf-dist/tex/latex/beamer/beamerbasenavigation.sty
\beamer@section@min@dim=\dimen280
)
(c:/texlive/2022/texmf-dist/tex/latex/beamer/beamerbasetheorems.sty
(c:/texlive/2022/texmf-dist/tex/latex/amsmath/amsmath.sty
Package: amsmath 2021/10/15 v2.17l AMS math features
\@mathmargin=\skip58

For additional information on amsmath, use the `?' option.
(c:/texlive/2022/texmf-dist/tex/latex/amsmath/amstext.sty
Package: amstext 2021/08/26 v2.01 AMS text

(c:/texlive/2022/texmf-dist/tex/latex/amsmath/amsgen.sty
File: amsgen.sty 1999/11/30 v2.0 generic functions
\@emptytoks=\toks34
\ex@=\dimen281
))
(c:/texlive/2022/texmf-dist/tex/latex/amsmath/amsbsy.sty
Package: amsbsy 1999/11/29 v1.2d Bold Symbols
\pmbraise@=\dimen282
)
(c:/texlive/2022/texmf-dist/tex/latex/amsmath/amsopn.sty
Package: amsopn 2021/08/26 v2.02 operator names
)
\inf@bad=\count321
LaTeX Info: Redefining \frac on input line 234.
\uproot@=\count322
\leftroot@=\count323
LaTeX Info: Redefining \overline on input line 399.
\classnum@=\count324
\DOTSCASE@=\count325
LaTeX Info: Redefining \ldots on input line 496.
LaTeX Info: Redefining \dots on input line 499.
LaTeX Info: Redefining \cdots on input line 620.
\Mathstrutbox@=\box73
\strutbox@=\box74
\big@size=\dimen283
LaTeX Font Info:    Redeclaring font encoding OML on input line 743.
LaTeX Font Info:    Redeclaring font encoding OMS on input line 744.
\macc@depth=\count326
\c@MaxMatrixCols=\count327
\dotsspace@=\muskip17
\c@parentequation=\count328
\dspbrk@lvl=\count329
\tag@help=\toks35
\row@=\count330
\column@=\count331
\maxfields@=\count332
\andhelp@=\toks36
\eqnshift@=\dimen284
\alignsep@=\dimen285
\tagshift@=\dimen286
\tagwidth@=\dimen287
\totwidth@=\dimen288
\lineht@=\dimen289
\@envbody=\toks37
\multlinegap=\skip59
\multlinetaggap=\skip60
\mathdisplay@stack=\toks38
LaTeX Info: Redefining \[ on input line 2938.
LaTeX Info: Redefining \] on input line 2939.
)
(c:/texlive/2022/texmf-dist/tex/latex/amscls/amsthm.sty
Package: amsthm 2020/05/29 v2.20.6
\thm@style=\toks39
\thm@bodyfont=\toks40
\thm@headfont=\toks41
\thm@notefont=\toks42
\thm@headpunct=\toks43
\thm@preskip=\skip61
\thm@postskip=\skip62
\thm@headsep=\skip63
\dth@everypar=\toks44
)
\c@theorem=\count333
)
(c:/texlive/2022/texmf-dist/tex/latex/beamer/beamerbasethemes.sty))
(c:/texlive/2022/texmf-dist/tex/latex/beamer/beamerthemedefault.sty
(c:/texlive/2022/texmf-dist/tex/latex/beamer/beamerfontthemedefault.sty)
(c:/texlive/2022/texmf-dist/tex/latex/beamer/beamercolorthemedefault.sty)
(c:/texlive/2022/texmf-dist/tex/latex/beamer/beamerinnerthemedefault.sty
\beamer@dima=\dimen290
\beamer@dimb=\dimen291
)
(c:/texlive/2022/texmf-dist/tex/latex/beamer/beamerouterthemedefault.sty)))
(c:/texlive/2022/texmf-dist/tex/latex/framed/framed.sty
Package: framed 2011/10/22 v 0.96: framed or shaded text with page breaks
\OuterFrameSep=\skip64
\fb@frw=\dimen292
\fb@frh=\dimen293
\FrameRule=\dimen294
\FrameSep=\dimen295
)
(c:/texlive/2022/texmf-dist/tex/latex/base/alltt.sty
Package: alltt 2021/01/29 v2.0g defines alltt environment
)
(c:/texlive/2022/texmf-dist/tex/latex/mathtools/mathtools.sty
Package: mathtools 2022/02/07 v1.28a mathematical typesetting tools

(c:/texlive/2022/texmf-dist/tex/latex/tools/calc.sty
Package: calc 2017/05/25 v4.3 Infix arithmetic (KKT,FJ)
\calc@Acount=\count334
\calc@Bcount=\count335
\calc@Adimen=\dimen296
\calc@Bdimen=\dimen297
\calc@Askip=\skip65
\calc@Bskip=\skip66
LaTeX Info: Redefining \setlength on input line 80.
LaTeX Info: Redefining \addtolength on input line 81.
\calc@Ccount=\count336
\calc@Cskip=\skip67
)
(c:/texlive/2022/texmf-dist/tex/latex/mathtools/mhsetup.sty
Package: mhsetup 2021/03/18 v1.4 programming setup (MH)
)
\g_MT_multlinerow_int=\count337
\l_MT_multwidth_dim=\dimen298
\origjot=\skip68
\l_MT_shortvdotswithinadjustabove_dim=\dimen299
\l_MT_shortvdotswithinadjustbelow_dim=\dimen300
\l_MT_above_intertext_sep=\dimen301
\l_MT_below_intertext_sep=\dimen302
\l_MT_above_shortintertext_sep=\dimen303
\l_MT_below_shortintertext_sep=\dimen304
\xmathstrut@box=\box75
\xmathstrut@dim=\dimen305
)
(c:/texlive/2022/texmf-dist/tex/latex/listings/listings.sty
\lst@mode=\count338
\lst@gtempboxa=\box76
\lst@token=\toks45
\lst@length=\count339
\lst@currlwidth=\dimen306
\lst@column=\count340
\lst@pos=\count341
\lst@lostspace=\dimen307
\lst@width=\dimen308
\lst@newlines=\count342
\lst@lineno=\count343
\lst@maxwidth=\dimen309

(c:/texlive/2022/texmf-dist/tex/latex/listings/lstmisc.sty
File: lstmisc.sty 2020/03/24 1.8d (Carsten Heinz)
\c@lstnumber=\count344
\lst@skipnumbers=\count345
\lst@framebox=\box77
)
(c:/texlive/2022/texmf-dist/tex/latex/listings/listings.cfg
File: listings.cfg 2020/03/24 1.8d listings configuration
))
Package: listings 2020/03/24 1.8d (Carsten Heinz)

(c:/texlive/2022/texmf-dist/tex/latex/pgf/frontendlayer/tikz.sty
(c:/texlive/2022/texmf-dist/tex/latex/pgf/basiclayer/pgf.sty
Package: pgf 2021/05/15 v3.1.9a (3.1.9a)

(c:/texlive/2022/texmf-dist/tex/generic/pgf/modules/pgfmoduleshapes.code.tex
File: pgfmoduleshapes.code.tex 2021/05/15 v3.1.9a (3.1.9a)
\pgfnodeparttextbox=\box78
)
(c:/texlive/2022/texmf-dist/tex/generic/pgf/modules/pgfmoduleplot.code.tex
File: pgfmoduleplot.code.tex 2021/05/15 v3.1.9a (3.1.9a)
)
(c:/texlive/2022/texmf-dist/tex/latex/pgf/compatibility/pgfcomp-version-0-65.st
y
Package: pgfcomp-version-0-65 2021/05/15 v3.1.9a (3.1.9a)
\pgf@nodesepstart=\dimen310
\pgf@nodesepend=\dimen311
)
(c:/texlive/2022/texmf-dist/tex/latex/pgf/compatibility/pgfcomp-version-1-18.st
y
Package: pgfcomp-version-1-18 2021/05/15 v3.1.9a (3.1.9a)
)) (c:/texlive/2022/texmf-dist/tex/latex/pgf/utilities/pgffor.sty
(c:/texlive/2022/texmf-dist/tex/generic/pgf/utilities/pgffor.code.tex
Package: pgffor 2021/05/15 v3.1.9a (3.1.9a)

(c:/texlive/2022/texmf-dist/tex/generic/pgf/math/pgfmath.code.tex)
\pgffor@iter=\dimen312
\pgffor@skip=\dimen313
\pgffor@stack=\toks46
\pgffor@toks=\toks47
))
(c:/texlive/2022/texmf-dist/tex/generic/pgf/frontendlayer/tikz/tikz.code.tex
Package: tikz 2021/05/15 v3.1.9a (3.1.9a)

(c:/texlive/2022/texmf-dist/tex/generic/pgf/libraries/pgflibraryplothandlers.co
de.tex
File: pgflibraryplothandlers.code.tex 2021/05/15 v3.1.9a (3.1.9a)
\pgf@plot@mark@count=\count346
\pgfplotmarksize=\dimen314
)
\tikz@lastx=\dimen315
\tikz@lasty=\dimen316
\tikz@lastxsaved=\dimen317
\tikz@lastysaved=\dimen318
\tikz@lastmovetox=\dimen319
\tikz@lastmovetoy=\dimen320
\tikzleveldistance=\dimen321
\tikzsiblingdistance=\dimen322
\tikz@figbox=\box79
\tikz@figbox@bg=\box80
\tikz@tempbox=\box81
\tikz@tempbox@bg=\box82
\tikztreelevel=\count347
\tikznumberofchildren=\count348
\tikznumberofcurrentchild=\count349
\tikz@fig@count=\count350

(c:/texlive/2022/texmf-dist/tex/generic/pgf/modules/pgfmodulematrix.code.tex
File: pgfmodulematrix.code.tex 2021/05/15 v3.1.9a (3.1.9a)
\pgfmatrixcurrentrow=\count351
\pgfmatrixcurrentcolumn=\count352
\pgf@matrix@numberofcolumns=\count353
)
\tikz@expandcount=\count354

(c:/texlive/2022/texmf-dist/tex/generic/pgf/frontendlayer/tikz/libraries/tikzli
brarytopaths.code.tex
File: tikzlibrarytopaths.code.tex 2021/05/15 v3.1.9a (3.1.9a)
)))
(c:/texlive/2022/texmf-dist/tex/generic/pgf/frontendlayer/tikz/libraries/tikzli
braryarrows.code.tex
File: tikzlibraryarrows.code.tex 2021/05/15 v3.1.9a (3.1.9a)

(c:/texlive/2022/texmf-dist/tex/generic/pgf/libraries/pgflibraryarrows.code.tex
File: pgflibraryarrows.code.tex 2021/05/15 v3.1.9a (3.1.9a)
\arrowsize=\dimen323
))
(c:/texlive/2022/texmf-dist/tex/generic/pgf/frontendlayer/tikz/libraries/tikzli
brarycalc.code.tex
File: tikzlibrarycalc.code.tex 2021/05/15 v3.1.9a (3.1.9a)
)
(c:/texlive/2022/texmf-dist/tex/generic/pgf/frontendlayer/tikz/libraries/tikzli
brarypatterns.code.tex
File: tikzlibrarypatterns.code.tex 2021/05/15 v3.1.9a (3.1.9a)

(c:/texlive/2022/texmf-dist/tex/generic/pgf/libraries/pgflibrarypatterns.code.t
ex
File: pgflibrarypatterns.code.tex 2021/05/15 v3.1.9a (3.1.9a)
))
(c:/texlive/2022/texmf-dist/tex/generic/pgf/frontendlayer/tikz/libraries/tikzli
brarypositioning.code.tex
File: tikzlibrarypositioning.code.tex 2021/05/15 v3.1.9a (3.1.9a)
)
(c:/texlive/2022/texmf-dist/tex/generic/pgf/frontendlayer/tikz/libraries/tikzli
braryshapes.code.tex
File: tikzlibraryshapes.code.tex 2021/05/15 v3.1.9a (3.1.9a)

(c:/texlive/2022/texmf-dist/tex/generic/pgf/frontendlayer/tikz/libraries/tikzli
braryshapes.geometric.code.tex
File: tikzlibraryshapes.geometric.code.tex 2021/05/15 v3.1.9a (3.1.9a)

(c:/texlive/2022/texmf-dist/tex/generic/pgf/libraries/shapes/pgflibraryshapes.g
eometric.code.tex
File: pgflibraryshapes.geometric.code.tex 2021/05/15 v3.1.9a (3.1.9a)
))
(c:/texlive/2022/texmf-dist/tex/generic/pgf/frontendlayer/tikz/libraries/tikzli
braryshapes.misc.code.tex
File: tikzlibraryshapes.misc.code.tex 2021/05/15 v3.1.9a (3.1.9a)

(c:/texlive/2022/texmf-dist/tex/generic/pgf/libraries/shapes/pgflibraryshapes.m
isc.code.tex
File: pgflibraryshapes.misc.code.tex 2021/05/15 v3.1.9a (3.1.9a)
))
(c:/texlive/2022/texmf-dist/tex/generic/pgf/frontendlayer/tikz/libraries/tikzli
braryshapes.symbols.code.tex
File: tikzlibraryshapes.symbols.code.tex 2021/05/15 v3.1.9a (3.1.9a)

(c:/texlive/2022/texmf-dist/tex/generic/pgf/libraries/shapes/pgflibraryshapes.s
ymbols.code.tex
File: pgflibraryshapes.symbols.code.tex 2021/05/15 v3.1.9a (3.1.9a)
))
(c:/texlive/2022/texmf-dist/tex/generic/pgf/frontendlayer/tikz/libraries/tikzli
braryshapes.arrows.code.tex
File: tikzlibraryshapes.arrows.code.tex 2021/05/15 v3.1.9a (3.1.9a)

(c:/texlive/2022/texmf-dist/tex/generic/pgf/libraries/shapes/pgflibraryshapes.a
rrows.code.tex
File: pgflibraryshapes.arrows.code.tex 2021/05/15 v3.1.9a (3.1.9a)
))
(c:/texlive/2022/texmf-dist/tex/generic/pgf/frontendlayer/tikz/libraries/tikzli
braryshapes.callouts.code.tex
(c:/texlive/2022/texmf-dist/tex/generic/pgf/libraries/shapes/pgflibraryshapes.c
allouts.code.tex))
(c:/texlive/2022/texmf-dist/tex/generic/pgf/frontendlayer/tikz/libraries/tikzli
braryshapes.multipart.code.tex
File: tikzlibraryshapes.multipart.code.tex 2021/05/15 v3.1.9a (3.1.9a)

(c:/texlive/2022/texmf-dist/tex/generic/pgf/libraries/shapes/pgflibraryshapes.m
ultipart.code.tex
File: pgflibraryshapes.multipart.code.tex 2021/05/15 v3.1.9a (3.1.9a)
\pgfnodepartlowerbox=\box83
\pgfnodeparttwobox=\box84
\pgfnodepartthreebox=\box85
\pgfnodepartfourbox=\box86
\pgfnodeparttwentybox=\box87
\pgfnodepartnineteenbox=\box88
\pgfnodeparteighteenbox=\box89
\pgfnodepartseventeenbox=\box90
\pgfnodepartsixteenbox=\box91
\pgfnodepartfifteenbox=\box92
\pgfnodepartfourteenbox=\box93
\pgfnodepartthirteenbox=\box94
\pgfnodeparttwelvebox=\box95
\pgfnodepartelevenbox=\box96
\pgfnodeparttenbox=\box97
\pgfnodepartninebox=\box98
\pgfnodeparteightbox=\box99
\pgfnodepartsevenbox=\box100
\pgfnodepartsixbox=\box101
\pgfnodepartfivebox=\box102
)))
(c:/texlive/2022/texmf-dist/tex/generic/pgf/frontendlayer/tikz/libraries/tikzli
brarydecorations.markings.code.tex
(c:/texlive/2022/texmf-dist/tex/generic/pgf/frontendlayer/tikz/libraries/tikzli
brarydecorations.code.tex
(c:/texlive/2022/texmf-dist/tex/generic/pgf/modules/pgfmoduledecorations.code.t
ex
\pgfdecoratedcompleteddistance=\dimen324
\pgfdecoratedremainingdistance=\dimen325
\pgfdecoratedinputsegmentcompleteddistance=\dimen326
\pgfdecoratedinputsegmentremainingdistance=\dimen327
\pgf@decorate@distancetomove=\dimen328
\pgf@decorate@repeatstate=\count355
\pgfdecorationsegmentamplitude=\dimen329
\pgfdecorationsegmentlength=\dimen330
)
\tikz@lib@dec@box=\box103
)
(c:/texlive/2022/texmf-dist/tex/generic/pgf/libraries/decorations/pgflibrarydec
orations.markings.code.tex))
(c:/texlive/2022/texmf-dist/tex/generic/pgf/frontendlayer/tikz/libraries/tikzli
brarydecorations.pathmorphing.code.tex
(c:/texlive/2022/texmf-dist/tex/generic/pgf/libraries/decorations/pgflibrarydec
orations.pathmorphing.code.tex))
(c:/texlive/2022/texmf-dist/tex/latex/beamer/beamerthemeSingapore.sty
(c:/texlive/2022/texmf-dist/tex/latex/beamer/beamerouterthememiniframes.sty))
(c:/texlive/2022/texmf-dist/tex/latex/beamer/beamercolorthemecrane.sty)
(c:/texlive/2022/texmf-dist/tex/latex/upquote/upquote.sty
Package: upquote 2012/04/19 v1.3 upright-quote and grave-accent glyphs in verba
tim
)
(c:/texlive/2022/texmf-dist/tex/latex/l3backend/l3backend-pdftex.def
File: l3backend-pdftex.def 2022-04-20 L3 backend support: PDF output (pdfTeX)
\l__color_backend_stack_int=\count356
\l__pdf_internal_box=\box104
)
(./Slides_Intro_and_Regr.aux)
\openout1 = `Slides_Intro_and_Regr.aux'.

LaTeX Font Info:    Checking defaults for OML/cmm/m/it on input line 97.
LaTeX Font Info:    ... okay on input line 97.
LaTeX Font Info:    Checking defaults for OMS/cmsy/m/n on input line 97.
LaTeX Font Info:    ... okay on input line 97.
LaTeX Font Info:    Checking defaults for OT1/cmr/m/n on input line 97.
LaTeX Font Info:    ... okay on input line 97.
LaTeX Font Info:    Checking defaults for T1/cmr/m/n on input line 97.
LaTeX Font Info:    ... okay on input line 97.
LaTeX Font Info:    Checking defaults for TS1/cmr/m/n on input line 97.
LaTeX Font Info:    ... okay on input line 97.
LaTeX Font Info:    Checking defaults for OMX/cmex/m/n on input line 97.
LaTeX Font Info:    ... okay on input line 97.
LaTeX Font Info:    Checking defaults for U/cmr/m/n on input line 97.
LaTeX Font Info:    ... okay on input line 97.
LaTeX Font Info:    Checking defaults for PD1/pdf/m/n on input line 97.
LaTeX Font Info:    ... okay on input line 97.
LaTeX Font Info:    Checking defaults for PU/pdf/m/n on input line 97.
LaTeX Font Info:    ... okay on input line 97.

*geometry* driver: auto-detecting
*geometry* detected driver: pdftex
*geometry* verbose mode - [ preamble ] result:
* driver: pdftex
* paper: custom
* layout: <same size as paper>
* layoutoffset:(h,v)=(0.0pt,0.0pt)
* modes: includehead includefoot 
* h-part:(L,W,R)=(28.45274pt, 307.28987pt, 28.45274pt)
* v-part:(T,H,B)=(0.0pt, 273.14662pt, 0.0pt)
* \paperwidth=364.19536pt
* \paperheight=273.14662pt
* \textwidth=307.28987pt
* \textheight=244.6939pt
* \oddsidemargin=-43.81725pt
* \evensidemargin=-43.81725pt
* \topmargin=-72.26999pt
* \headheight=14.22636pt
* \headsep=0.0pt
* \topskip=10.0pt
* \footskip=14.22636pt
* \marginparwidth=3.0pt
* \marginparsep=11.0pt
* \columnsep=10.0pt
* \skip\footins=9.0pt plus 4.0pt minus 2.0pt
* \hoffset=0.0pt
* \voffset=0.0pt
* \mag=1000
* \@twocolumnfalse
* \@twosidefalse
* \@mparswitchfalse
* \@reversemarginfalse
* (1in=72.27pt=25.4mm, 1cm=28.453pt)

(c:/texlive/2022/texmf-dist/tex/context/base/mkii/supp-pdf.mkii
[Loading MPS to PDF converter (version 2006.09.02).]
\scratchcounter=\count357
\scratchdimen=\dimen331
\scratchbox=\box105
\nofMPsegments=\count358
\nofMParguments=\count359
\everyMPshowfont=\toks48
\MPscratchCnt=\count360
\MPscratchDim=\dimen332
\MPnumerator=\count361
\makeMPintoPDFobject=\count362
\everyMPtoPDFconversion=\toks49
) (c:/texlive/2022/texmf-dist/tex/latex/epstopdf-pkg/epstopdf-base.sty
Package: epstopdf-base 2020-01-24 v2.11 Base part for package epstopdf
Package epstopdf-base Info: Redefining graphics rule for `.eps' on input line 4
85.

(c:/texlive/2022/texmf-dist/tex/latex/latexconfig/epstopdf-sys.cfg
File: epstopdf-sys.cfg 2010/07/13 v1.3 Configuration of (r)epstopdf for TeX Liv
e
))
Package hyperref Info: Link coloring OFF on input line 97.

(./Slides_Intro_and_Regr.out) (./Slides_Intro_and_Regr.out)
\@outlinefile=\write5
\openout5 = `Slides_Intro_and_Regr.out'.

LaTeX Font Info:    Overwriting symbol font `operators' in version `normal'
(Font)                  OT1/cmr/m/n --> OT1/cmss/m/n on input line 97.
LaTeX Font Info:    Overwriting symbol font `operators' in version `bold'
(Font)                  OT1/cmr/bx/n --> OT1/cmss/b/n on input line 97.
\symnumbers=\mathgroup6
\sympureletters=\mathgroup7
LaTeX Font Info:    Overwriting math alphabet `\mathrm' in version `normal'
(Font)                  OT1/cmss/m/n --> OT1/cmr/m/n on input line 97.
LaTeX Font Info:    Redeclaring math alphabet \mathbf on input line 97.
LaTeX Font Info:    Overwriting math alphabet `\mathbf' in version `normal'
(Font)                  OT1/cmr/bx/n --> OT1/cmss/b/n on input line 97.
LaTeX Font Info:    Overwriting math alphabet `\mathbf' in version `bold'
(Font)                  OT1/cmr/bx/n --> OT1/cmss/b/n on input line 97.
LaTeX Font Info:    Redeclaring math alphabet \mathsf on input line 97.
LaTeX Font Info:    Overwriting math alphabet `\mathsf' in version `normal'
(Font)                  OT1/cmss/m/n --> OT1/cmss/m/n on input line 97.
LaTeX Font Info:    Overwriting math alphabet `\mathsf' in version `bold'
(Font)                  OT1/cmss/bx/n --> OT1/cmss/m/n on input line 97.
LaTeX Font Info:    Redeclaring math alphabet \mathit on input line 97.
LaTeX Font Info:    Overwriting math alphabet `\mathit' in version `normal'
(Font)                  OT1/cmr/m/it --> OT1/cmss/m/it on input line 97.
LaTeX Font Info:    Overwriting math alphabet `\mathit' in version `bold'
(Font)                  OT1/cmr/bx/it --> OT1/cmss/m/it on input line 97.
LaTeX Font Info:    Redeclaring math alphabet \mathtt on input line 97.
LaTeX Font Info:    Overwriting math alphabet `\mathtt' in version `normal'
(Font)                  OT1/cmtt/m/n --> OT1/cmtt/m/n on input line 97.
LaTeX Font Info:    Overwriting math alphabet `\mathtt' in version `bold'
(Font)                  OT1/cmtt/m/n --> OT1/cmtt/m/n on input line 97.
LaTeX Font Info:    Overwriting symbol font `numbers' in version `bold'
(Font)                  OT1/cmss/m/n --> OT1/cmss/b/n on input line 97.
LaTeX Font Info:    Overwriting symbol font `pureletters' in version `bold'
(Font)                  OT1/cmss/m/it --> OT1/cmss/b/it on input line 97.
LaTeX Font Info:    Overwriting math alphabet `\mathrm' in version `bold'
(Font)                  OT1/cmss/b/n --> OT1/cmr/b/n on input line 97.
LaTeX Font Info:    Overwriting math alphabet `\mathbf' in version `bold'
(Font)                  OT1/cmss/b/n --> OT1/cmss/b/n on input line 97.
LaTeX Font Info:    Overwriting math alphabet `\mathsf' in version `bold'
(Font)                  OT1/cmss/m/n --> OT1/cmss/b/n on input line 97.
LaTeX Font Info:    Overwriting math alphabet `\mathit' in version `bold'
(Font)                  OT1/cmss/m/it --> OT1/cmss/b/it on input line 97.
LaTeX Font Info:    Overwriting math alphabet `\mathtt' in version `bold'
(Font)                  OT1/cmtt/m/n --> OT1/cmtt/b/n on input line 97.
LaTeX Font Info:    Redeclaring symbol font `pureletters' on input line 97.
LaTeX Font Info:    Overwriting symbol font `pureletters' in version `normal'
(Font)                  OT1/cmss/m/it --> OT1/mathkerncmss/m/sl on input line 9
7.
LaTeX Font Info:    Overwriting symbol font `pureletters' in version `bold'
(Font)                  OT1/cmss/b/it --> OT1/mathkerncmss/m/sl on input line 9
7.
LaTeX Font Info:    Overwriting symbol font `pureletters' in version `bold'
(Font)                  OT1/mathkerncmss/m/sl --> OT1/mathkerncmss/bx/sl on inp
ut line 97.

(c:/texlive/2022/texmf-dist/tex/latex/translator/translator-basic-dictionary-En
glish.dict
Dictionary: translator-basic-dictionary, Language: English 
)
(c:/texlive/2022/texmf-dist/tex/latex/translator/translator-bibliography-dictio
nary-English.dict
Dictionary: translator-bibliography-dictionary, Language: English 
)
(c:/texlive/2022/texmf-dist/tex/latex/translator/translator-environment-diction
ary-English.dict
Dictionary: translator-environment-dictionary, Language: English 
)
(c:/texlive/2022/texmf-dist/tex/latex/translator/translator-months-dictionary-E
nglish.dict
Dictionary: translator-months-dictionary, Language: English 
)
(c:/texlive/2022/texmf-dist/tex/latex/translator/translator-numbers-dictionary-
English.dict
Dictionary: translator-numbers-dictionary, Language: English 
)
(c:/texlive/2022/texmf-dist/tex/latex/translator/translator-theorem-dictionary-
English.dict
Dictionary: translator-theorem-dictionary, Language: English 
) (c:/texlive/2022/texmf-dist/tex/latex/base/textcomp.sty
Package: textcomp 2020/02/02 v2.0n Standard LaTeX package
)
\c@lstlisting=\count363

(./Slides_Intro_and_Regr.nav) [1

{c:/texlive/2022/texmf-var/fonts/map/pdftex/updmap/pdftex.map}] (./Slides_Intro
_and_Regr.toc) [2

] (./Slides_Intro_and_Regr.toc) [3

]
LaTeX Font Info:    Trying to load font information for U+msa on input line 150
.
 (c:/texlive/2022/texmf-dist/tex/latex/amsfonts/umsa.fd
File: umsa.fd 2013/01/14 v3.01 AMS symbols A
)
LaTeX Font Info:    Trying to load font information for U+msb on input line 150
.

(c:/texlive/2022/texmf-dist/tex/latex/amsfonts/umsb.fd
File: umsb.fd 2013/01/14 v3.01 AMS symbols B
)
LaTeX Font Info:    Trying to load font information for OT1+mathkerncmss on inp
ut line 150.

(c:/texlive/2022/texmf-dist/tex/latex/sansmathaccent/ot1mathkerncmss.fd
File: ot1mathkerncmss.fd 2020/01/31 Fontinst v1.933 font definitions for OT1/ma
thkerncmss.
)
[4

] [5

] [6

]
<images//SEM_example.png, id=1024, 398.25383pt x 258.32681pt>
File: images//SEM_example.png Graphic file (type png)
<use images//SEM_example.png>
Package pdftex.def Info: images//SEM_example.png  used on input line 240.
(pdftex.def)             Requested size: 219.33195pt x 142.26378pt.
 [7

 <./images//SEM_example.png>] (./Slides_Intro_and_Regr.toc)
[8

]
<images//SAPI.png, id=1331, 470.25688pt x 312.66812pt>
File: images//SAPI.png Graphic file (type png)
<use images//SAPI.png>
Package pdftex.def Info: images//SAPI.png  used on input line 253.
(pdftex.def)             Requested size: 320.9544pt x 213.39566pt.

Overfull \hbox (13.66454pt too wide) in paragraph at lines 253--253
[][]  
 []


Overfull \vbox (12.24167pt too high) detected at line 253
 []

[9

 <./images//SAPI.png>] [10

] (./Slides_Intro_and_Regr.toc) [11

] [12

]
\openout4 = `Slides_Intro_and_Regr.vrb'.


(./Slides_Intro_and_Regr.vrb
LaTeX Font Info:    Font shape `OT1/cmtt/bx/n' in size <10> not available
(Font)              Font shape `OT1/cmtt/m/n' tried instead on input line 8.
) [13

]
\openout4 = `Slides_Intro_and_Regr.vrb'.

 (./Slides_Intro_and_Regr.vrb
<images//RegressionModel.png, id=2076, 307.476pt x 91.761pt>
File: images//RegressionModel.png Graphic file (type png)
<use images//RegressionModel.png>
Package pdftex.def Info: images//RegressionModel.png  used on input line 3.
(pdftex.def)             Requested size: 190.68474pt x 56.9055pt.
) [14

 <./images//RegressionModel.png>]
\openout4 = `Slides_Intro_and_Regr.vrb'.

 (./Slides_Intro_and_Regr.vrb
File: images//RegressionModel.png Graphic file (type png)
<use images//RegressionModel.png>
Package pdftex.def Info: images//RegressionModel.png  used on input line 3.
(pdftex.def)             Requested size: 190.68474pt x 56.9055pt.
) [15

]
\openout4 = `Slides_Intro_and_Regr.vrb'.


(./Slides_Intro_and_Regr.vrb
File: images//RegressionModel.png Graphic file (type png)
<use images//RegressionModel.png>
Package pdftex.def Info: images//RegressionModel.png  used on input line 3.
(pdftex.def)             Requested size: 190.68474pt x 56.9055pt.
) [16

]
\openout4 = `Slides_Intro_and_Regr.vrb'.

 (./Slides_Intro_and_Regr.vrb) [17

]
\openout4 = `Slides_Intro_and_Regr.vrb'.


(./Slides_Intro_and_Regr.vrb
<images//regression_DIY.png, id=2660, 401.24907pt x 374.14781pt>
File: images//regression_DIY.png Graphic file (type png)
<use images//regression_DIY.png>
Package pdftex.def Info: images//regression_DIY.png  used on input line 3.
(pdftex.def)             Requested size: 183.0829pt x 170.71652pt.
) [18

 <./images//regression_DIY.png>]
\openout4 = `Slides_Intro_and_Regr.vrb'.


(./Slides_Intro_and_Regr.vrb
File: images//regression_DIY.png Graphic file (type png)
<use images//regression_DIY.png>
Package pdftex.def Info: images//regression_DIY.png  used on input line 3.
(pdftex.def)             Requested size: 61.02354pt x 56.9055pt.
) [19

]
\openout4 = `Slides_Intro_and_Regr.vrb'.

 (./Slides_Intro_and_Regr.vrb
File: images//regression_DIY.png Graphic file (type png)
<use images//regression_DIY.png>
Package pdftex.def Info: images//regression_DIY.png  used on input line 3.
(pdftex.def)             Requested size: 61.02354pt x 56.9055pt.
) [20

]
\openout4 = `Slides_Intro_and_Regr.vrb'.


(./Slides_Intro_and_Regr.vrb) [21

]
\openout4 = `Slides_Intro_and_Regr.vrb'.

 (./Slides_Intro_and_Regr.vrb) [22

]
\openout4 = `Slides_Intro_and_Regr.vrb'.


(./Slides_Intro_and_Regr.vrb) [23

] [24

]
\openout4 = `Slides_Intro_and_Regr.vrb'.

 (./Slides_Intro_and_Regr.vrb
LaTeX Font Info:    Font shape `OT1/cmtt/bx/n' in size <9> not available
(Font)              Font shape `OT1/cmtt/m/n' tried instead on input line 6.
) [25

]
\openout4 = `Slides_Intro_and_Regr.vrb'.


(./Slides_Intro_and_Regr.vrb) [26

]
\openout4 = `Slides_Intro_and_Regr.vrb'.

 (./Slides_Intro_and_Regr.vrb
Overfull \hbox (2.45743pt too wide) in paragraph at lines 14--14
[][]\OT1/cmtt/m/n/10 semPaths[][](fit.regr,[] []"par"[][],[] []weighted[] []=[]
 []FALSE[][],[] []nCharNodes[] []=[] []7[][],[][] 
 []


Overfull \hbox (2.45743pt too wide) in paragraph at lines 15--15
[]         []\OT1/cmtt/m/n/10 shapeMan[] []=[] []"rectangle"[][],[] []sizeMan[]
 []=[] []8[][],[] []sizeMan2[] []=[] []5[][])[][] 
 []

) [27

]
\openout4 = `Slides_Intro_and_Regr.vrb'.

 (./Slides_Intro_and_Regr.vrb) [28

] (./Slides_Intro_and_Regr.toc)
[29

]
\openout4 = `Slides_Intro_and_Regr.vrb'.

 (./Slides_Intro_and_Regr.vrb
File: images//RegressionModel.png Graphic file (type png)
<use images//RegressionModel.png>
Package pdftex.def Info: images//RegressionModel.png  used on input line 11.
(pdftex.def)             Requested size: 190.68474pt x 56.9055pt.
) [30

]
\openout4 = `Slides_Intro_and_Regr.vrb'.

 (./Slides_Intro_and_Regr.vrb) [31

]
\openout4 = `Slides_Intro_and_Regr.vrb'.


(./Slides_Intro_and_Regr.vrb
<figure/unnamed-chunk-17-1.pdf, id=4716, 1003.75pt x 582.175pt>
File: figure/unnamed-chunk-17-1.pdf Graphic file (type pdf)
<use figure/unnamed-chunk-17-1.pdf>
Package pdftex.def Info: figure/unnamed-chunk-17-1.pdf  used on input line 16.
(pdftex.def)             Requested size: 289.07999pt x 167.66272pt.
)
Overfull \vbox (76.00871pt too high) detected at line 698
 []

[32

 <./figure/unnamed-chunk-17-1.pdf>]
\openout4 = `Slides_Intro_and_Regr.vrb'.

 (./Slides_Intro_and_Regr.vrb
Overfull \hbox (7.70738pt too wide) in paragraph at lines 25--25
[]\OT1/cmtt/m/n/10 ##   lhs op rhs    est    se      z pvalue ci.lower ci.upper
[] 
 []


Overfull \hbox (7.70738pt too wide) in paragraph at lines 25--25
[]\OT1/cmtt/m/n/10 ## 1 Q77  ~ Age -0.022 0.004 -5.275      0   -0.030   -0.014
[] 
 []


Overfull \hbox (7.70738pt too wide) in paragraph at lines 25--25
[]\OT1/cmtt/m/n/10 ## 2 Q77 ~~ Q77  1.184 0.068 17.536      0    1.052    1.317
[] 
 []


Overfull \hbox (7.70738pt too wide) in paragraph at lines 25--25
[]\OT1/cmtt/m/n/10 ## 3 Q77 ~1      4.275 0.135 31.657      0    4.011    4.540
[] 
 []

) [33

]
\openout4 = `Slides_Intro_and_Regr.vrb'.

 (./Slides_Intro_and_Regr.vrb
Overfull \hbox (7.70738pt too wide) in paragraph at lines 13--13
[]\OT1/cmtt/m/n/10 ##   lhs op rhs    est    se      z pvalue ci.lower ci.upper
[] 
 []


Overfull \hbox (7.70738pt too wide) in paragraph at lines 13--13
[]\OT1/cmtt/m/n/10 ## 1 Q77  ~ Age -0.022 0.004 -5.275      0   -0.030   -0.014
[] 
 []


Overfull \hbox (7.70738pt too wide) in paragraph at lines 13--13
[]\OT1/cmtt/m/n/10 ## 2 Q77 ~~ Q77  1.184 0.068 17.536      0    1.052    1.317
[] 
 []


Overfull \hbox (7.70738pt too wide) in paragraph at lines 13--13
[]\OT1/cmtt/m/n/10 ## 3 Q77 ~1      4.275 0.135 31.657      0    4.011    4.540
[] 
 []

) [34

]
<images//regression.png, id=5170, 324.558pt x 287.328pt>
File: images//regression.png Graphic file (type png)
<use images//regression.png>
Package pdftex.def Info: images//regression.png  used on input line 761.
(pdftex.def)             Requested size: 192.8445pt x 170.71652pt.
 [35

 <./images//regression.png>]
\openout4 = `Slides_Intro_and_Regr.vrb'.

 (./Slides_Intro_and_Regr.vrb) [36

]
\openout4 = `Slides_Intro_and_Regr.vrb'.


(./Slides_Intro_and_Regr.vrb) [37

]
\openout4 = `Slides_Intro_and_Regr.vrb'.

 (./Slides_Intro_and_Regr.vrb) [38

]
(./Slides_Intro_and_Regr.toc) [39

]
<images//path_model.png, id=5912, 307.64937pt x 91.84312pt>
File: images//path_model.png Graphic file (type png)
<use images//path_model.png>
Package pdftex.def Info: images//path_model.png  used on input line 859.
(pdftex.def)             Requested size: 190.62326pt x 56.9055pt.
 [40

 <./images//path_model.png>]
\openout4 = `Slides_Intro_and_Regr.vrb'.


(./Slides_Intro_and_Regr.vrb)
Overfull \vbox (0.17935pt too high) detected at line 888
 []

[41

]
\openout4 = `Slides_Intro_and_Regr.vrb'.

 (./Slides_Intro_and_Regr.vrb
<figure/unnamed-chunk-26-1.pdf, id=6205, 1003.75pt x 582.175pt>
File: figure/unnamed-chunk-26-1.pdf Graphic file (type pdf)
<use figure/unnamed-chunk-26-1.pdf>
Package pdftex.def Info: figure/unnamed-chunk-26-1.pdf  used on input line 15.
(pdftex.def)             Requested size: 289.07999pt x 167.66272pt.
)
Overfull \vbox (60.28647pt too high) detected at line 907
 []

[42

 <./figure/unnamed-chunk-26-1.pdf>]
\openout4 = `Slides_Intro_and_Regr.vrb'.

 (./Slides_Intro_and_Regr.vrb
Overfull \hbox (2.45743pt too wide) in paragraph at lines 28--28
[]\OT1/cmtt/m/n/10 ##    lhs op  rhs      est     se       z ci.lower ci.upper[
] 
 []


Overfull \hbox (2.45743pt too wide) in paragraph at lines 28--28
[]\OT1/cmtt/m/n/10 ## 1  Q77  ~  Age   -0.021  0.001 -15.418   -0.024   -0.018[
] 
 []


Overfull \hbox (2.45743pt too wide) in paragraph at lines 28--28
[]\OT1/cmtt/m/n/10 ## 2 Q196  ~  Q77    0.451  0.023  19.324    0.405    0.497[
] 
 []


Overfull \hbox (2.45743pt too wide) in paragraph at lines 28--28
[]\OT1/cmtt/m/n/10 ## 3  Q77 ~~  Q77    1.179  0.067  17.479    1.047    1.312[
] 
 []


Overfull \hbox (2.45743pt too wide) in paragraph at lines 28--28
[]\OT1/cmtt/m/n/10 ## 4 Q196 ~~ Q196    0.545  0.031  17.479    0.484    0.606[
] 
 []


Overfull \hbox (2.45743pt too wide) in paragraph at lines 28--28
[]\OT1/cmtt/m/n/10 ## 5  Age ~~  Age 1045.794 59.833  17.479  928.523 1163.064[
] 
 []


Overfull \hbox (2.45743pt too wide) in paragraph at lines 28--28
[]\OT1/cmtt/m/n/10 ## 6  Q77 ~1         4.248  0.044  96.700    4.162    4.335[
] 
 []


Overfull \hbox (2.45743pt too wide) in paragraph at lines 28--28
[]\OT1/cmtt/m/n/10 ## 7 Q196 ~1         2.153  0.104  20.800    1.950    2.356[
] 
 []


Overfull \hbox (2.45743pt too wide) in paragraph at lines 28--28
[]\OT1/cmtt/m/n/10 ## 8  Age ~1         0.000  0.000      NA    0.000    0.000[
] 
 []

) [43

]
\openout4 = `Slides_Intro_and_Regr.vrb'.

 (./Slides_Intro_and_Regr.vrb) [44

] (./Slides_Intro_and_Regr.toc)
[45

] [46

] [47

] [48

] [49

] [50

] [51

] [52

] [53

] [54

] (./Slides_Intro_and_Regr.toc) [55

]
<images//behind_the_scenes.png, id=8284, 379.03308pt x 544.33148pt>
File: images//behind_the_scenes.png Graphic file (type png)
<use images//behind_the_scenes.png>
Package pdftex.def Info: images//behind_the_scenes.png  used on input line 1085
.
(pdftex.def)             Requested size: 118.86974pt x 170.71652pt.
 [56

 <./images//behind_the_scenes.png>]
<images//parental_advisory.png, id=8431, 723.46883pt x 545.86916pt>
File: images//parental_advisory.png Graphic file (type png)
<use images//parental_advisory.png>
Package pdftex.def Info: images//parental_advisory.png  used on input line 1090
.
(pdftex.def)             Requested size: 263.9701pt x 199.16928pt.
 [57

 <./images//parental_advisory.png>]
\openout4 = `Slides_Intro_and_Regr.vrb'.

 (./Slides_Intro_and_Regr.vrb) [58

]
\openout4 = `Slides_Intro_and_Regr.vrb'.

 (./Slides_Intro_and_Regr.vrb) [59

]
[60

]
\openout4 = `Slides_Intro_and_Regr.vrb'.

 (./Slides_Intro_and_Regr.vrb) [61

]
\openout4 = `Slides_Intro_and_Regr.vrb'.

 (./Slides_Intro_and_Regr.vrb) [62

]
\openout4 = `Slides_Intro_and_Regr.vrb'.


(./Slides_Intro_and_Regr.vrb) [63

]
\openout4 = `Slides_Intro_and_Regr.vrb'.

 (./Slides_Intro_and_Regr.vrb) [64

]
\openout4 = `Slides_Intro_and_Regr.vrb'.


(./Slides_Intro_and_Regr.vrb) [65

]
\openout4 = `Slides_Intro_and_Regr.vrb'.

 (./Slides_Intro_and_Regr.vrb) [66

]
\openout4 = `Slides_Intro_and_Regr.vrb'.


(./Slides_Intro_and_Regr.vrb) [67

]
\openout4 = `Slides_Intro_and_Regr.vrb'.

 (./Slides_Intro_and_Regr.vrb) [68

]
\openout4 = `Slides_Intro_and_Regr.vrb'.


(./Slides_Intro_and_Regr.vrb) [69

]
LaTeX Font Info:    Font shape `OT1/cmss/b/n' in size <10> not available
(Font)              Font shape `OT1/cmss/bx/n' tried instead on input line 1448
.
LaTeX Font Info:    Font shape `OT1/cmss/b/n' in size <7> not available
(Font)              Font shape `OT1/cmss/bx/n' tried instead on input line 1448
.
LaTeX Font Info:    Font shape `OT1/cmss/b/n' in size <5> not available
(Font)              Font shape `OT1/cmss/bx/n' tried instead on input line 1448
.
 [70

]
<images//saturated4.png, id=10474, 627.873pt x 257.325pt>
File: images//saturated4.png Graphic file (type png)
<use images//saturated4.png>
Package pdftex.def Info: images//saturated4.png  used on input line 1464.
(pdftex.def)             Requested size: 173.56139pt x 71.13188pt.
 [71

 <./images//saturated4.png>]
File: images//saturated4.png Graphic file (type png)
<use images//saturated4.png>
Package pdftex.def Info: images//saturated4.png  used on input line 1481.
(pdftex.def)             Requested size: 173.56139pt x 71.13188pt.

[72

]
File: images//saturated4.png Graphic file (type png)
<use images//saturated4.png>
Package pdftex.def Info: images//saturated4.png  used on input line 1502.
(pdftex.def)             Requested size: 173.56139pt x 71.13188pt.
 [73

]
\openout4 = `Slides_Intro_and_Regr.vrb'.

 (./Slides_Intro_and_Regr.vrb
LaTeX Font Info:    Trying to load font information for OMS+cmtt on input line 
15.

(c:/Program Files/R/R-4.2.0/share/texmf/tex/latex/omscmtt.fd
File: omscmtt.fd 
)
LaTeX Font Info:    Font shape `OMS/cmtt/m/it' in size <8> not available
(Font)              Font shape `OMS/cmsy/m/n' tried instead on input line 15.
LaTeX Font Info:    Font shape `OT1/cmtt/bx/n' in size <8> not available
(Font)              Font shape `OT1/cmtt/m/n' tried instead on input line 16.
) [74

]
\openout4 = `Slides_Intro_and_Regr.vrb'.


(./Slides_Intro_and_Regr.vrb
Overfull \hbox (81.20674pt too wide) in paragraph at lines 16--16
[]\OT1/cmtt/m/n/10 ##              npar              logl unrestricted.logl    
         chisq[] 
 []


Overfull \hbox (81.20674pt too wide) in paragraph at lines 16--16
[]\OT1/cmtt/m/n/10 ##            14.000         -4498.184         -4498.184    
         0.000[] 
 []


Overfull \hbox (81.20674pt too wide) in paragraph at lines 16--16
[]\OT1/cmtt/m/n/10 ##            pvalue               cfi               tli    
         rmsea[] 
 []


Overfull \hbox (81.20674pt too wide) in paragraph at lines 16--16
[]\OT1/cmtt/m/n/10 ##                NA             1.000             1.000    
         0.000[] 
 []

) [75

]
\openout4 = `Slides_Intro_and_Regr.vrb'.

 (./Slides_Intro_and_Regr.vrb
<images//baseline4.png, id=11205, 172.353pt x 148.92pt>
File: images//baseline4.png Graphic file (type png)
<use images//baseline4.png>
Package pdftex.def Info: images//baseline4.png  used on input line 22.
(pdftex.def)             Requested size: 65.86037pt x 56.9055pt.
) [76

 <./images//baseline4.png>]
\openout4 = `Slides_Intro_and_Regr.vrb'.


(./Slides_Intro_and_Regr.vrb) [77

]
\openout4 = `Slides_Intro_and_Regr.vrb'.

 (./Slides_Intro_and_Regr.vrb
Overfull \hbox (81.20674pt too wide) in paragraph at lines 16--16
[]\OT1/cmtt/m/n/10 ##              npar              logl unrestricted.logl    
         chisq[] 
 []


Overfull \hbox (81.20674pt too wide) in paragraph at lines 16--16
[]\OT1/cmtt/m/n/10 ##             8.000         -4530.256         -4498.184    
        64.145[] 
 []


Overfull \hbox (81.20674pt too wide) in paragraph at lines 16--16
[]\OT1/cmtt/m/n/10 ##            pvalue               cfi               tli    
         rmsea[] 
 []


Overfull \hbox (81.20674pt too wide) in paragraph at lines 16--16
[]\OT1/cmtt/m/n/10 ##             0.000             0.000             0.000    
         0.126[] 
 []

) [78

]
\openout4 = `Slides_Intro_and_Regr.vrb'.

 (./Slides_Intro_and_Regr.vrb) [79

]
\openout4 = `Slides_Intro_and_Regr.vrb'.

 (./Slides_Intro_and_Regr.vrb)
[80

]
<images//baseline5.png, id=11938, 290.613pt x 145.635pt>
File: images//baseline5.png Graphic file (type png)
<use images//baseline5.png>
Package pdftex.def Info: images//baseline5.png  used on input line 1760.
(pdftex.def)             Requested size: 113.55145pt x 56.9055pt.
 [81

 <./images//baseline5.png>]
\openout4 = `Slides_Intro_and_Regr.vrb'.

 (./Slides_Intro_and_Regr.vrb
File: images//baseline5.png Graphic file (type png)
<use images//baseline5.png>
Package pdftex.def Info: images//baseline5.png  used on input line 24.
(pdftex.def)             Requested size: 113.55145pt x 56.9055pt.
) [82

]
\openout4 = `Slides_Intro_and_Regr.vrb'.


(./Slides_Intro_and_Regr.vrb)
Overfull \vbox (8.51263pt too high) detected at line 1828
 []

[83

]
\openout4 = `Slides_Intro_and_Regr.vrb'.

 (./Slides_Intro_and_Regr.vrb
Overfull \hbox (81.20674pt too wide) in paragraph at lines 16--16
[]\OT1/cmtt/m/n/10 ##              npar              logl unrestricted.logl    
         chisq[] 
 []


Overfull \hbox (81.20674pt too wide) in paragraph at lines 16--16
[]\OT1/cmtt/m/n/10 ##            10.000         -5440.660         -5360.694    
       159.931[] 
 []


Overfull \hbox (81.20674pt too wide) in paragraph at lines 16--16
[]\OT1/cmtt/m/n/10 ##            pvalue               cfi               tli    
         rmsea[] 
 []


Overfull \hbox (81.20674pt too wide) in paragraph at lines 16--16
[]\OT1/cmtt/m/n/10 ##             0.000             0.000             0.000    
         0.157[] 
 []

) [84

]
\openout4 = `Slides_Intro_and_Regr.vrb'.

 (./Slides_Intro_and_Regr.vrb
<images//example_tech.png, id=12521, 281.853pt x 62.634pt>
File: images//example_tech.png Graphic file (type png)
<use images//example_tech.png>
Package pdftex.def Info: images//example_tech.png  used on input line 3.
(pdftex.def)             Requested size: 128.03688pt x 28.45274pt.
) [85

 <./images//example_tech.png>]
(./Slides_Intro_and_Regr.toc) [86

] [87

] [88

]
\openout4 = `Slides_Intro_and_Regr.vrb'.

 (./Slides_Intro_and_Regr.vrb
Overfull \hbox (28.7072pt too wide) in paragraph at lines 21--21
[][]\OT1/cmtt/m/n/10 fit.regr_fiml[] []<-[] []lavaan[][]([][]model[] []= mod.re
gr_full,[] []data[] []= data_sapi,[][] 
 []

)
Overfull \vbox (20.18349pt too high) detected at line 1943
 []

[89

]
\openout4 = `Slides_Intro_and_Regr.vrb'.

 (./Slides_Intro_and_Regr.vrb
Overfull \hbox (7.70738pt too wide) in paragraph at lines 14--14
[]\OT1/cmtt/m/n/10 ##   lhs op rhs    est    se      z pvalue ci.lower ci.upper
[] 
 []


Overfull \hbox (7.70738pt too wide) in paragraph at lines 14--14
[]\OT1/cmtt/m/n/10 ## 1 Q77  ~ Age -0.022 0.004 -5.275      0   -0.030   -0.014
[] 
 []


Overfull \hbox (7.70738pt too wide) in paragraph at lines 14--14
[]\OT1/cmtt/m/n/10 ## 2 Q77 ~~ Q77  1.184 0.068 17.536      0    1.052    1.317
[] 
 []


Overfull \hbox (7.70738pt too wide) in paragraph at lines 14--14
[]\OT1/cmtt/m/n/10 ## 3 Q77 ~1      4.275 0.135 31.657      0    4.011    4.540
[] 
 []


Overfull \hbox (7.70738pt too wide) in paragraph at lines 29--29
[]\OT1/cmtt/m/n/10 ##   lhs op rhs    est    se      z pvalue ci.lower ci.upper
[] 
 []


Overfull \hbox (7.70738pt too wide) in paragraph at lines 29--29
[]\OT1/cmtt/m/n/10 ## 1 Q77  ~ Age -0.021 0.004 -5.341      0   -0.029   -0.013
[] 
 []


Overfull \hbox (7.70738pt too wide) in paragraph at lines 29--29
[]\OT1/cmtt/m/n/10 ## 2 Q77 ~~ Q77  1.133 0.052 21.829      0    1.031    1.234
[] 
 []


Overfull \hbox (7.70738pt too wide) in paragraph at lines 29--29
[]\OT1/cmtt/m/n/10 ## 3 Q77 ~1      4.219 0.126 33.524      0    3.972    4.465
[] 
 []

) [90

] [91

] [92

] (./Slides_Intro_and_Regr.toc) [93

] [94

]
<images//perfect_fit.png, id=14002, 433.839pt x 66.357pt>
File: images//perfect_fit.png Graphic file (type png)
<use images//perfect_fit.png>
Package pdftex.def Info: images//perfect_fit.png  used on input line 2027.
(pdftex.def)             Requested size: 186.02415pt x 28.45274pt.
<images//worst_fit.png, id=14003, 415.224pt x 66.138pt>
File: images//worst_fit.png Graphic file (type png)
<use images//worst_fit.png>
Package pdftex.def Info: images//worst_fit.png  used on input line 2027.
(pdftex.def)             Requested size: 178.63153pt x 28.45274pt.

Overfull \hbox (13.60544pt too wide) in paragraph at lines 2027--2027
| [] 
 []

[95

 <./images//perfect_fit.png> <./images//worst_fit.png>]
<images//data_vs_model.png, id=14151, 664.884pt x 234.549pt>
File: images//data_vs_model.png Graphic file (type png)
<use images//data_vs_model.png>
Package pdftex.def Info: images//data_vs_model.png  used on input line 2039.
(pdftex.def)             Requested size: 241.9654pt x 85.35826pt.
 [96

 <./images//data_vs_model.png>]
File: images//perfect_fit.png Graphic file (type png)
<use images//perfect_fit.png>
Package pdftex.def Info: images//perfect_fit.png  used on input line 2060.
(pdftex.def)             Requested size: 186.02415pt x 28.45274pt.
 [97

]
File: images//perfect_fit.png Graphic file (type png)
<use images//perfect_fit.png>
Package pdftex.def Info: images//perfect_fit.png  used on input line 2095.
(pdftex.def)             Requested size: 186.02415pt x 28.45274pt.
 [98

]
File: images//perfect_fit.png Graphic file (type png)
<use images//perfect_fit.png>
Package pdftex.def Info: images//perfect_fit.png  used on input line 2117.
(pdftex.def)             Requested size: 186.02415pt x 28.45274pt.
 [99

]
File: images//perfect_fit.png Graphic file (type png)
<use images//perfect_fit.png>
Package pdftex.def Info: images//perfect_fit.png  used on input line 2143.
(pdftex.def)             Requested size: 186.02415pt x 28.45274pt.
 [100

]
<images//independence_vs_model.png, id=14888, 632.472pt x 261.486pt>
File: images//independence_vs_model.png Graphic file (type png)
<use images//independence_vs_model.png>
Package pdftex.def Info: images//independence_vs_model.png  used on input line 
2156.
(pdftex.def)             Requested size: 275.27751pt x 113.81102pt.
 [101

 <./images//independence_vs_model.png>]
File: images//worst_fit.png Graphic file (type png)
<use images//worst_fit.png>
Package pdftex.def Info: images//worst_fit.png  used on input line 2188.
(pdftex.def)             Requested size: 178.63153pt x 28.45274pt.

Overfull \hbox (13.60544pt too wide) in paragraph at lines 2188--2188
| [] 
 []

[102

]
<images//modelfit.png, id=15183, 673.425pt x 73.146pt>
File: images//modelfit.png Graphic file (type png)
<use images//modelfit.png>
Package pdftex.def Info: images//modelfit.png  used on input line 2208.
(pdftex.def)             Requested size: 261.9565pt x 28.45274pt.
 [103

 <./images//modelfit.png>] [104

]
<images//nesting1.png, id=15476, 655.686pt x 134.466pt>
File: images//nesting1.png Graphic file (type png)
<use images//nesting1.png>
Package pdftex.def Info: images//nesting1.png  used on input line 2239.
(pdftex.def)             Requested size: 277.47726pt x 56.9055pt.
 [105

 <./images//nesting1.png>]
<images//nesting2.png, id=15624, 655.686pt x 266.523pt>
File: images//nesting2.png Graphic file (type png)
<use images//nesting2.png>
Package pdftex.def Info: images//nesting2.png  used on input line 2250.
(pdftex.def)             Requested size: 279.99852pt x 113.81102pt.

[106

 <./images//nesting2.png>]
File: images//nesting2.png Graphic file (type png)
<use images//nesting2.png>
Package pdftex.def Info: images//nesting2.png  used on input line 2261.
(pdftex.def)             Requested size: 279.99852pt x 113.81102pt.
 [107

]
\openout4 = `Slides_Intro_and_Regr.vrb'.

 (./Slides_Intro_and_Regr.vrb) [108

]
(./Slides_Intro_and_Regr.toc) [109

] [110

] [111

] [112

]
\tf@nav=\write6
\openout6 = `Slides_Intro_and_Regr.nav'.

\tf@toc=\write7
\openout7 = `Slides_Intro_and_Regr.toc'.

\tf@snm=\write8
\openout8 = `Slides_Intro_and_Regr.snm'.


(./Slides_Intro_and_Regr.aux)
Package rerunfilecheck Info: File `Slides_Intro_and_Regr.out' has not changed.
(rerunfilecheck)             Checksum: D41D8CD98F00B204E9800998ECF8427E;0.
 ) 
Here is how much of TeX's memory you used:
 31145 strings out of 478300
 642797 string characters out of 5849123
 1054506 words of memory out of 5000000
 48301 multiletter control sequences out of 15000+600000
 487035 words of font info for 89 fonts, out of 8000000 for 9000
 1141 hyphenation exceptions out of 8191
 128i,19n,122p,497b,924s stack positions out of 10000i,1000n,20000p,200000b,200000s
<c:/texlive/2022/texmf-dist/fonts/type1/public/amsfonts/cm/cmex10.pfb><c:/tex
live/2022/texmf-dist/fonts/type1/public/amsfonts/cmextra/cmex7.pfb><c:/texlive/
2022/texmf-dist/fonts/type1/public/amsfonts/cm/cmitt10.pfb><c:/texlive/2022/tex
mf-dist/fonts/type1/public/amsfonts/cm/cmmi10.pfb><c:/texlive/2022/texmf-dist/f
onts/type1/public/amsfonts/cm/cmmi5.pfb><c:/texlive/2022/texmf-dist/fonts/type1
/public/amsfonts/cm/cmmi7.pfb><c:/texlive/2022/texmf-dist/fonts/type1/public/am
sfonts/cm/cmmi8.pfb><c:/texlive/2022/texmf-dist/fonts/type1/public/amsfonts/cm/
cmmi9.pfb><c:/texlive/2022/texmf-dist/fonts/type1/public/amsfonts/cm/cmss10.pfb
><c:/texlive/2022/texmf-dist/fonts/type1/public/amsfonts/cm/cmss12.pfb><c:/texl
ive/2022/texmf-dist/fonts/type1/public/amsfonts/cm/cmss8.pfb><c:/texlive/2022/t
exmf-dist/fonts/type1/public/amsfonts/cm/cmss9.pfb><c:/texlive/2022/texmf-dist/
fonts/type1/public/amsfonts/cm/cmssbx10.pfb><c:/texlive/2022/texmf-dist/fonts/t
ype1/public/amsfonts/cm/cmssi10.pfb><c:/texlive/2022/texmf-dist/fonts/type1/pub
lic/amsfonts/cm/cmssi12.pfb><c:/texlive/2022/texmf-dist/fonts/type1/public/amsf
onts/cm/cmssi8.pfb><c:/texlive/2022/texmf-dist/fonts/type1/public/amsfonts/cm/c
mssi9.pfb><c:/texlive/2022/texmf-dist/fonts/type1/public/amsfonts/cm/cmsy10.pfb
><c:/texlive/2022/texmf-dist/fonts/type1/public/amsfonts/cm/cmsy5.pfb><c:/texli
ve/2022/texmf-dist/fonts/type1/public/amsfonts/cm/cmsy7.pfb><c:/texlive/2022/te
xmf-dist/fonts/type1/public/amsfonts/cm/cmsy8.pfb><c:/texlive/2022/texmf-dist/f
onts/type1/public/amsfonts/cm/cmsy9.pfb><c:/texlive/2022/texmf-dist/fonts/type1
/public/amsfonts/cm/cmtt10.pfb><c:/texlive/2022/texmf-dist/fonts/type1/public/a
msfonts/cm/cmtt8.pfb><c:/texlive/2022/texmf-dist/fonts/type1/public/amsfonts/cm
/cmtt9.pfb>
Output written on Slides_Intro_and_Regr.pdf (112 pages, 3043240 bytes).
PDF statistics:
 16817 PDF objects out of 18468 (max. 8388607)
 16314 compressed objects within 164 object streams
 239 named destinations out of 1000 (max. 500000)
 154 words of extra memory for PDF output out of 10000 (max. 10000000)

